mode: set
github.com/rcarmo/rdp-html5/internal/codec/rfx/differential.go:9.51,10.24 1 1
github.com/rcarmo/rdp-html5/internal/codec/rfx/differential.go:10.24,12.3 1 0
github.com/rcarmo/rdp-html5/internal/codec/rfx/differential.go:13.2,13.28 1 1
github.com/rcarmo/rdp-html5/internal/codec/rfx/differential.go:13.28,15.3 1 1
github.com/rcarmo/rdp-html5/internal/codec/rfx/dwt.go:26.43,27.30 1 1
github.com/rcarmo/rdp-html5/internal/codec/rfx/dwt.go:27.30,29.3 1 1
github.com/rcarmo/rdp-html5/internal/codec/rfx/dwt.go:32.2,49.15 5 1
github.com/rcarmo/rdp-html5/internal/codec/rfx/dwt.go:59.58,74.28 9 1
github.com/rcarmo/rdp-html5/internal/codec/rfx/dwt.go:74.28,81.3 4 1
github.com/rcarmo/rdp-html5/internal/codec/rfx/dwt.go:85.2,87.29 3 1
github.com/rcarmo/rdp-html5/internal/codec/rfx/dwt.go:87.29,89.3 1 1
github.com/rcarmo/rdp-html5/internal/codec/rfx/dwt.go:101.62,106.32 2 1
github.com/rcarmo/rdp-html5/internal/codec/rfx/dwt.go:106.32,108.3 1 1
github.com/rcarmo/rdp-html5/internal/codec/rfx/dwt.go:111.2,111.34 1 1
github.com/rcarmo/rdp-html5/internal/codec/rfx/dwt.go:111.34,113.3 1 1
github.com/rcarmo/rdp-html5/internal/codec/rfx/dwt.go:116.2,117.60 2 1
github.com/rcarmo/rdp-html5/internal/codec/rfx/dwt.go:128.88,136.32 5 1
github.com/rcarmo/rdp-html5/internal/codec/rfx/dwt.go:136.32,141.3 4 1
github.com/rcarmo/rdp-html5/internal/codec/rfx/dwt.go:144.2,144.34 1 1
github.com/rcarmo/rdp-html5/internal/codec/rfx/dwt.go:144.34,149.3 4 1
github.com/rcarmo/rdp-html5/internal/codec/rfx/dwt.go:152.2,155.59 4 1
github.com/rcarmo/rdp-html5/internal/codec/rfx/message.go:9.65,10.19 1 1
github.com/rcarmo/rdp-html5/internal/codec/rfx/message.go:10.19,12.3 1 1
github.com/rcarmo/rdp-html5/internal/codec/rfx/message.go:14.2,20.25 3 1
github.com/rcarmo/rdp-html5/internal/codec/rfx/message.go:20.25,21.27 1 1
github.com/rcarmo/rdp-html5/internal/codec/rfx/message.go:21.27,22.9 1 0
github.com/rcarmo/rdp-html5/internal/codec/rfx/message.go:25.3,28.50 3 1
github.com/rcarmo/rdp-html5/internal/codec/rfx/message.go:28.50,30.4 1 1
github.com/rcarmo/rdp-html5/internal/codec/rfx/message.go:32.3,34.20 2 1
github.com/rcarmo/rdp-html5/internal/codec/rfx/message.go:35.17,36.52 1 1
github.com/rcarmo/rdp-html5/internal/codec/rfx/message.go:36.52,38.5 1 0
github.com/rcarmo/rdp-html5/internal/codec/rfx/message.go:40.27,40.27 0 1
github.com/rcarmo/rdp-html5/internal/codec/rfx/message.go:43.21,43.21 0 1
github.com/rcarmo/rdp-html5/internal/codec/rfx/message.go:46.20,47.60 1 1
github.com/rcarmo/rdp-html5/internal/codec/rfx/message.go:47.60,49.5 1 0
github.com/rcarmo/rdp-html5/internal/codec/rfx/message.go:51.24,53.18 2 1
github.com/rcarmo/rdp-html5/internal/codec/rfx/message.go:53.18,55.5 1 0
github.com/rcarmo/rdp-html5/internal/codec/rfx/message.go:56.4,56.29 1 1
github.com/rcarmo/rdp-html5/internal/codec/rfx/message.go:58.19,60.18 2 1
github.com/rcarmo/rdp-html5/internal/codec/rfx/message.go:60.18,62.5 1 0
github.com/rcarmo/rdp-html5/internal/codec/rfx/message.go:63.4,63.23 1 1
github.com/rcarmo/rdp-html5/internal/codec/rfx/message.go:65.20,67.18 2 0
github.com/rcarmo/rdp-html5/internal/codec/rfx/message.go:67.18,69.5 1 0
github.com/rcarmo/rdp-html5/internal/codec/rfx/message.go:70.4,70.47 1 0
github.com/rcarmo/rdp-html5/internal/codec/rfx/message.go:72.22,72.22 0 1
github.com/rcarmo/rdp-html5/internal/codec/rfx/message.go:75.22,75.22 0 1
github.com/rcarmo/rdp-html5/internal/codec/rfx/message.go:79.3,79.21 1 1
github.com/rcarmo/rdp-html5/internal/codec/rfx/message.go:82.2,82.19 1 1
github.com/rcarmo/rdp-html5/internal/codec/rfx/message.go:85.40,86.20 1 1
github.com/rcarmo/rdp-html5/internal/codec/rfx/message.go:86.20,88.3 1 1
github.com/rcarmo/rdp-html5/internal/codec/rfx/message.go:92.2,92.12 1 1
github.com/rcarmo/rdp-html5/internal/codec/rfx/message.go:95.57,96.20 1 1
github.com/rcarmo/rdp-html5/internal/codec/rfx/message.go:96.20,98.3 1 1
github.com/rcarmo/rdp-html5/internal/codec/rfx/message.go:100.2,113.12 7 1
github.com/rcarmo/rdp-html5/internal/codec/rfx/message.go:116.51,117.20 1 1
github.com/rcarmo/rdp-html5/internal/codec/rfx/message.go:117.20,119.3 1 1
github.com/rcarmo/rdp-html5/internal/codec/rfx/message.go:121.2,124.22 2 1
github.com/rcarmo/rdp-html5/internal/codec/rfx/message.go:127.52,128.20 1 1
github.com/rcarmo/rdp-html5/internal/codec/rfx/message.go:128.20,130.3 1 1
github.com/rcarmo/rdp-html5/internal/codec/rfx/message.go:132.2,142.65 6 1
github.com/rcarmo/rdp-html5/internal/codec/rfx/message.go:142.65,150.3 2 1
github.com/rcarmo/rdp-html5/internal/codec/rfx/message.go:152.2,152.19 1 1
github.com/rcarmo/rdp-html5/internal/codec/rfx/message.go:155.68,156.20 1 1
github.com/rcarmo/rdp-html5/internal/codec/rfx/message.go:156.20,158.3 1 1
github.com/rcarmo/rdp-html5/internal/codec/rfx/message.go:160.2,185.64 12 1
github.com/rcarmo/rdp-html5/internal/codec/rfx/message.go:185.64,187.17 2 1
github.com/rcarmo/rdp-html5/internal/codec/rfx/message.go:187.17,189.4 1 0
github.com/rcarmo/rdp-html5/internal/codec/rfx/message.go:190.3,191.14 2 1
github.com/rcarmo/rdp-html5/internal/codec/rfx/message.go:195.2,197.62 2 1
github.com/rcarmo/rdp-html5/internal/codec/rfx/message.go:197.62,198.27 1 0
github.com/rcarmo/rdp-html5/internal/codec/rfx/message.go:198.27,199.9 1 0
github.com/rcarmo/rdp-html5/internal/codec/rfx/message.go:202.3,203.32 2 0
github.com/rcarmo/rdp-html5/internal/codec/rfx/message.go:203.32,204.9 1 0
github.com/rcarmo/rdp-html5/internal/codec/rfx/message.go:207.3,208.38 2 0
github.com/rcarmo/rdp-html5/internal/codec/rfx/message.go:208.38,209.9 1 0
github.com/rcarmo/rdp-html5/internal/codec/rfx/message.go:213.3,222.73 7 0
github.com/rcarmo/rdp-html5/internal/codec/rfx/message.go:222.73,224.4 1 0
github.com/rcarmo/rdp-html5/internal/codec/rfx/message.go:225.3,225.75 1 0
github.com/rcarmo/rdp-html5/internal/codec/rfx/message.go:225.75,227.4 1 0
github.com/rcarmo/rdp-html5/internal/codec/rfx/message.go:228.3,228.75 1 0
github.com/rcarmo/rdp-html5/internal/codec/rfx/message.go:228.75,230.4 1 0
github.com/rcarmo/rdp-html5/internal/codec/rfx/message.go:232.3,233.17 2 0
github.com/rcarmo/rdp-html5/internal/codec/rfx/message.go:233.17,236.12 2 0
github.com/rcarmo/rdp-html5/internal/codec/rfx/message.go:239.3,240.25 2 0
github.com/rcarmo/rdp-html5/internal/codec/rfx/message.go:243.2,243.19 1 1
github.com/rcarmo/rdp-html5/internal/codec/rfx/quant.go:14.54,15.46 1 1
github.com/rcarmo/rdp-html5/internal/codec/rfx/quant.go:15.46,17.3 1 1
github.com/rcarmo/rdp-html5/internal/codec/rfx/quant.go:20.2,33.61 10 1
github.com/rcarmo/rdp-html5/internal/codec/rfx/quant.go:38.51,39.21 1 1
github.com/rcarmo/rdp-html5/internal/codec/rfx/quant.go:39.21,41.3 1 0
github.com/rcarmo/rdp-html5/internal/codec/rfx/quant.go:42.2,43.22 2 1
github.com/rcarmo/rdp-html5/internal/codec/rfx/quant.go:43.22,45.3 1 1
github.com/rcarmo/rdp-html5/internal/codec/rfx/rfx.go:139.28,143.2 1 1
github.com/rcarmo/rdp-html5/internal/codec/rfx/rfx.go:146.35,152.2 1 1
github.com/rcarmo/rdp-html5/internal/codec/rfx/rfx.go:161.59,162.19 1 1
github.com/rcarmo/rdp-html5/internal/codec/rfx/rfx.go:162.19,164.3 1 1
github.com/rcarmo/rdp-html5/internal/codec/rfx/rfx.go:166.2,177.8 1 1
github.com/rcarmo/rdp-html5/internal/codec/rfx/rlgr.go:14.43,21.2 3 1
github.com/rcarmo/rdp-html5/internal/codec/rfx/rlgr.go:24.31,25.54 1 1
github.com/rcarmo/rdp-html5/internal/codec/rfx/rlgr.go:25.54,30.3 3 1
github.com/rcarmo/rdp-html5/internal/codec/rfx/rlgr.go:34.45,35.12 1 1
github.com/rcarmo/rdp-html5/internal/codec/rfx/rlgr.go:35.12,37.3 1 0
github.com/rcarmo/rdp-html5/internal/codec/rfx/rlgr.go:38.2,38.22 1 1
github.com/rcarmo/rdp-html5/internal/codec/rfx/rlgr.go:38.22,40.3 1 1
github.com/rcarmo/rdp-html5/internal/codec/rfx/rlgr.go:41.2,41.22 1 1
github.com/rcarmo/rdp-html5/internal/codec/rfx/rlgr.go:41.22,43.24 1 1
github.com/rcarmo/rdp-html5/internal/codec/rfx/rlgr.go:43.24,45.4 1 1
github.com/rcarmo/rdp-html5/internal/codec/rfx/rlgr.go:46.3,49.16 4 0
github.com/rcarmo/rdp-html5/internal/codec/rfx/rlgr.go:52.2,55.15 4 1
github.com/rcarmo/rdp-html5/internal/codec/rfx/rlgr.go:59.39,61.2 1 1
github.com/rcarmo/rdp-html5/internal/codec/rfx/rlgr.go:65.46,67.6 2 1
github.com/rcarmo/rdp-html5/internal/codec/rfx/rlgr.go:67.6,68.24 1 1
github.com/rcarmo/rdp-html5/internal/codec/rfx/rlgr.go:68.24,70.25 2 1
github.com/rcarmo/rdp-html5/internal/codec/rfx/rlgr.go:70.25,72.5 1 1
github.com/rcarmo/rdp-html5/internal/codec/rfx/rlgr.go:76.3,76.33 1 1
github.com/rcarmo/rdp-html5/internal/codec/rfx/rlgr.go:76.33,81.4 3 1
github.com/rcarmo/rdp-html5/internal/codec/rfx/rlgr.go:84.3,89.20 4 1
github.com/rcarmo/rdp-html5/internal/codec/rfx/rlgr.go:89.20,91.4 1 0
github.com/rcarmo/rdp-html5/internal/codec/rfx/rlgr.go:97.45,99.6 2 1
github.com/rcarmo/rdp-html5/internal/codec/rfx/rlgr.go:99.6,100.24 1 1
github.com/rcarmo/rdp-html5/internal/codec/rfx/rlgr.go:100.24,102.25 2 1
github.com/rcarmo/rdp-html5/internal/codec/rfx/rlgr.go:102.25,104.5 1 1
github.com/rcarmo/rdp-html5/internal/codec/rfx/rlgr.go:108.3,108.33 1 1
github.com/rcarmo/rdp-html5/internal/codec/rfx/rlgr.go:108.33,113.4 3 1
github.com/rcarmo/rdp-html5/internal/codec/rfx/rlgr.go:116.3,120.20 4 1
github.com/rcarmo/rdp-html5/internal/codec/rfx/rlgr.go:120.20,122.4 1 0
github.com/rcarmo/rdp-html5/internal/codec/rfx/rlgr.go:127.42,129.2 1 1
github.com/rcarmo/rdp-html5/internal/codec/rfx/rlgr.go:134.62,135.30 1 1
github.com/rcarmo/rdp-html5/internal/codec/rfx/rlgr.go:135.30,137.3 1 1
github.com/rcarmo/rdp-html5/internal/codec/rfx/rlgr.go:140.2,140.24 1 1
github.com/rcarmo/rdp-html5/internal/codec/rfx/rlgr.go:140.24,142.3 1 1
github.com/rcarmo/rdp-html5/internal/codec/rfx/rlgr.go:144.2,144.20 1 1
github.com/rcarmo/rdp-html5/internal/codec/rfx/rlgr.go:144.20,146.3 1 1
github.com/rcarmo/rdp-html5/internal/codec/rfx/rlgr.go:148.2,158.49 7 1
github.com/rcarmo/rdp-html5/internal/codec/rfx/rlgr.go:158.49,159.13 1 1
github.com/rcarmo/rdp-html5/internal/codec/rfx/rlgr.go:159.13,168.30 3 1
github.com/rcarmo/rdp-html5/internal/codec/rfx/rlgr.go:168.30,173.19 3 1
github.com/rcarmo/rdp-html5/internal/codec/rfx/rlgr.go:173.19,175.6 1 0
github.com/rcarmo/rdp-html5/internal/codec/rfx/rlgr.go:176.5,176.19 1 1
github.com/rcarmo/rdp-html5/internal/codec/rfx/rlgr.go:180.4,180.45 1 1
github.com/rcarmo/rdp-html5/internal/codec/rfx/rlgr.go:180.45,183.5 2 1
github.com/rcarmo/rdp-html5/internal/codec/rfx/rlgr.go:186.4,186.55 1 1
github.com/rcarmo/rdp-html5/internal/codec/rfx/rlgr.go:186.55,189.5 2 1
github.com/rcarmo/rdp-html5/internal/codec/rfx/rlgr.go:191.4,191.25 1 1
github.com/rcarmo/rdp-html5/internal/codec/rfx/rlgr.go:191.25,192.10 1 0
github.com/rcarmo/rdp-html5/internal/codec/rfx/rlgr.go:197.4,203.47 4 1
github.com/rcarmo/rdp-html5/internal/codec/rfx/rlgr.go:203.47,205.5 1 1
github.com/rcarmo/rdp-html5/internal/codec/rfx/rlgr.go:206.4,209.17 2 1
github.com/rcarmo/rdp-html5/internal/codec/rfx/rlgr.go:209.17,210.17 1 1
github.com/rcarmo/rdp-html5/internal/codec/rfx/rlgr.go:210.17,212.6 1 1
github.com/rcarmo/rdp-html5/internal/codec/rfx/rlgr.go:212.11,214.6 1 0
github.com/rcarmo/rdp-html5/internal/codec/rfx/rlgr.go:215.10,215.23 1 1
github.com/rcarmo/rdp-html5/internal/codec/rfx/rlgr.go:215.23,217.20 2 1
github.com/rcarmo/rdp-html5/internal/codec/rfx/rlgr.go:217.20,219.6 1 0
github.com/rcarmo/rdp-html5/internal/codec/rfx/rlgr.go:221.4,224.19 2 1
github.com/rcarmo/rdp-html5/internal/codec/rfx/rlgr.go:224.19,226.5 1 1
github.com/rcarmo/rdp-html5/internal/codec/rfx/rlgr.go:226.10,228.5 1 0
github.com/rcarmo/rdp-html5/internal/codec/rfx/rlgr.go:229.4,233.17 3 1
github.com/rcarmo/rdp-html5/internal/codec/rfx/rlgr.go:233.17,235.5 1 1
github.com/rcarmo/rdp-html5/internal/codec/rfx/rlgr.go:236.4,237.9 2 1
github.com/rcarmo/rdp-html5/internal/codec/rfx/rlgr.go:239.9,241.21 1 1
github.com/rcarmo/rdp-html5/internal/codec/rfx/rlgr.go:241.21,246.48 3 1
github.com/rcarmo/rdp-html5/internal/codec/rfx/rlgr.go:246.48,248.6 1 1
github.com/rcarmo/rdp-html5/internal/codec/rfx/rlgr.go:249.5,252.18 2 1
github.com/rcarmo/rdp-html5/internal/codec/rfx/rlgr.go:252.18,253.18 1 1
github.com/rcarmo/rdp-html5/internal/codec/rfx/rlgr.go:253.18,255.7 1 1
github.com/rcarmo/rdp-html5/internal/codec/rfx/rlgr.go:255.12,257.7 1 0
github.com/rcarmo/rdp-html5/internal/codec/rfx/rlgr.go:258.11,258.24 1 1
github.com/rcarmo/rdp-html5/internal/codec/rfx/rlgr.go:258.24,260.21 2 1
github.com/rcarmo/rdp-html5/internal/codec/rfx/rlgr.go:260.21,262.7 1 0
github.com/rcarmo/rdp-html5/internal/codec/rfx/rlgr.go:264.5,268.17 3 1
github.com/rcarmo/rdp-html5/internal/codec/rfx/rlgr.go:268.17,272.20 3 1
github.com/rcarmo/rdp-html5/internal/codec/rfx/rlgr.go:272.20,274.7 1 0
github.com/rcarmo/rdp-html5/internal/codec/rfx/rlgr.go:275.6,275.20 1 1
github.com/rcarmo/rdp-html5/internal/codec/rfx/rlgr.go:276.11,278.24 1 1
github.com/rcarmo/rdp-html5/internal/codec/rfx/rlgr.go:278.24,280.7 1 1
github.com/rcarmo/rdp-html5/internal/codec/rfx/rlgr.go:280.12,282.7 1 1
github.com/rcarmo/rdp-html5/internal/codec/rfx/rlgr.go:284.6,284.21 1 1
github.com/rcarmo/rdp-html5/internal/codec/rfx/rlgr.go:284.21,286.7 1 1
github.com/rcarmo/rdp-html5/internal/codec/rfx/rlgr.go:286.12,288.7 1 1
github.com/rcarmo/rdp-html5/internal/codec/rfx/rlgr.go:289.6,289.20 1 1
github.com/rcarmo/rdp-html5/internal/codec/rfx/rlgr.go:292.5,293.10 2 1
github.com/rcarmo/rdp-html5/internal/codec/rfx/rlgr.go:295.10,300.48 3 1
github.com/rcarmo/rdp-html5/internal/codec/rfx/rlgr.go:300.48,302.6 1 0
github.com/rcarmo/rdp-html5/internal/codec/rfx/rlgr.go:303.5,306.18 2 1
github.com/rcarmo/rdp-html5/internal/codec/rfx/rlgr.go:306.18,307.18 1 1
github.com/rcarmo/rdp-html5/internal/codec/rfx/rlgr.go:307.18,309.7 1 1
github.com/rcarmo/rdp-html5/internal/codec/rfx/rlgr.go:309.12,311.7 1 0
github.com/rcarmo/rdp-html5/internal/codec/rfx/rlgr.go:312.11,312.24 1 1
github.com/rcarmo/rdp-html5/internal/codec/rfx/rlgr.go:312.24,314.21 2 0
github.com/rcarmo/rdp-html5/internal/codec/rfx/rlgr.go:314.21,316.7 1 0
github.com/rcarmo/rdp-html5/internal/codec/rfx/rlgr.go:318.5,323.17 3 1
github.com/rcarmo/rdp-html5/internal/codec/rfx/rlgr.go:323.17,325.19 2 1
github.com/rcarmo/rdp-html5/internal/codec/rfx/rlgr.go:325.19,328.7 2 1
github.com/rcarmo/rdp-html5/internal/codec/rfx/rlgr.go:331.5,332.49 2 1
github.com/rcarmo/rdp-html5/internal/codec/rfx/rlgr.go:332.49,334.6 1 1
github.com/rcarmo/rdp-html5/internal/codec/rfx/rlgr.go:335.5,338.31 2 1
github.com/rcarmo/rdp-html5/internal/codec/rfx/rlgr.go:338.31,339.23 1 0
github.com/rcarmo/rdp-html5/internal/codec/rfx/rlgr.go:339.23,341.7 1 0
github.com/rcarmo/rdp-html5/internal/codec/rfx/rlgr.go:341.12,343.7 1 0
github.com/rcarmo/rdp-html5/internal/codec/rfx/rlgr.go:344.11,344.38 1 1
github.com/rcarmo/rdp-html5/internal/codec/rfx/rlgr.go:344.38,346.20 2 1
github.com/rcarmo/rdp-html5/internal/codec/rfx/rlgr.go:346.20,348.7 1 0
github.com/rcarmo/rdp-html5/internal/codec/rfx/rlgr.go:350.5,353.18 2 1
github.com/rcarmo/rdp-html5/internal/codec/rfx/rlgr.go:353.18,355.6 1 1
github.com/rcarmo/rdp-html5/internal/codec/rfx/rlgr.go:355.11,355.31 1 1
github.com/rcarmo/rdp-html5/internal/codec/rfx/rlgr.go:355.31,357.6 1 1
github.com/rcarmo/rdp-html5/internal/codec/rfx/rlgr.go:357.11,359.6 1 0
github.com/rcarmo/rdp-html5/internal/codec/rfx/rlgr.go:360.5,362.26 2 1
github.com/rcarmo/rdp-html5/internal/codec/rfx/rlgr.go:362.26,363.11 1 0
github.com/rcarmo/rdp-html5/internal/codec/rfx/rlgr.go:367.5,367.18 1 1
github.com/rcarmo/rdp-html5/internal/codec/rfx/rlgr.go:367.18,369.6 1 1
github.com/rcarmo/rdp-html5/internal/codec/rfx/rlgr.go:369.11,369.31 1 0
github.com/rcarmo/rdp-html5/internal/codec/rfx/rlgr.go:369.31,371.6 1 0
github.com/rcarmo/rdp-html5/internal/codec/rfx/rlgr.go:371.11,373.6 1 0
github.com/rcarmo/rdp-html5/internal/codec/rfx/rlgr.go:374.5,374.10 1 1
github.com/rcarmo/rdp-html5/internal/codec/rfx/rlgr.go:379.2,379.12 1 1
github.com/rcarmo/rdp-html5/internal/codec/rfx/tile.go:10.85,11.20 1 1
github.com/rcarmo/rdp-html5/internal/codec/rfx/tile.go:11.20,13.3 1 1
github.com/rcarmo/rdp-html5/internal/codec/rfx/tile.go:15.2,21.27 4 1
github.com/rcarmo/rdp-html5/internal/codec/rfx/tile.go:21.27,23.3 1 1
github.com/rcarmo/rdp-html5/internal/codec/rfx/tile.go:25.2,28.31 3 1
github.com/rcarmo/rdp-html5/internal/codec/rfx/tile.go:28.31,30.3 1 1
github.com/rcarmo/rdp-html5/internal/codec/rfx/tile.go:36.2,55.41 12 1
github.com/rcarmo/rdp-html5/internal/codec/rfx/tile.go:55.41,57.3 1 1
github.com/rcarmo/rdp-html5/internal/codec/rfx/tile.go:60.2,74.57 9 1
github.com/rcarmo/rdp-html5/internal/codec/rfx/tile.go:74.57,76.3 1 0
github.com/rcarmo/rdp-html5/internal/codec/rfx/tile.go:77.2,77.59 1 1
github.com/rcarmo/rdp-html5/internal/codec/rfx/tile.go:77.59,79.3 1 0
github.com/rcarmo/rdp-html5/internal/codec/rfx/tile.go:80.2,80.59 1 1
github.com/rcarmo/rdp-html5/internal/codec/rfx/tile.go:80.59,82.3 1 0
github.com/rcarmo/rdp-html5/internal/codec/rfx/tile.go:85.2,107.8 12 1
github.com/rcarmo/rdp-html5/internal/codec/rfx/tile.go:117.34,118.20 1 1
github.com/rcarmo/rdp-html5/internal/codec/rfx/tile.go:118.20,120.3 1 1
github.com/rcarmo/rdp-html5/internal/codec/rfx/tile.go:122.2,128.27 4 1
github.com/rcarmo/rdp-html5/internal/codec/rfx/tile.go:128.27,130.3 1 1
github.com/rcarmo/rdp-html5/internal/codec/rfx/tile.go:132.2,135.31 3 1
github.com/rcarmo/rdp-html5/internal/codec/rfx/tile.go:135.31,137.3 1 1
github.com/rcarmo/rdp-html5/internal/codec/rfx/tile.go:140.2,157.41 12 1
github.com/rcarmo/rdp-html5/internal/codec/rfx/tile.go:157.41,159.3 1 1
github.com/rcarmo/rdp-html5/internal/codec/rfx/tile.go:162.2,162.76 1 1
github.com/rcarmo/rdp-html5/internal/codec/rfx/tile.go:162.76,164.3 1 0
github.com/rcarmo/rdp-html5/internal/codec/rfx/tile.go:165.2,167.78 2 1
github.com/rcarmo/rdp-html5/internal/codec/rfx/tile.go:167.78,169.3 1 0
github.com/rcarmo/rdp-html5/internal/codec/rfx/tile.go:170.2,172.78 2 1
github.com/rcarmo/rdp-html5/internal/codec/rfx/tile.go:172.78,174.3 1 0
github.com/rcarmo/rdp-html5/internal/codec/rfx/tile.go:177.2,194.24 11 1
github.com/rcarmo/rdp-html5/internal/codec/rfx/ycbcr.go:46.52,47.73 1 1
github.com/rcarmo/rdp-html5/internal/codec/rfx/ycbcr.go:47.73,49.3 1 1
github.com/rcarmo/rdp-html5/internal/codec/rfx/ycbcr.go:50.2,50.32 1 1
github.com/rcarmo/rdp-html5/internal/codec/rfx/ycbcr.go:50.32,52.3 1 0
github.com/rcarmo/rdp-html5/internal/codec/rfx/ycbcr.go:54.2,54.34 1 1
github.com/rcarmo/rdp-html5/internal/codec/rfx/ycbcr.go:54.34,77.3 11 1
github.com/rcarmo/rdp-html5/internal/codec/rfx/ycbcr.go:81.32,82.11 1 1
github.com/rcarmo/rdp-html5/internal/codec/rfx/ycbcr.go:82.11,84.3 1 1
github.com/rcarmo/rdp-html5/internal/codec/rfx/ycbcr.go:85.2,85.13 1 1
github.com/rcarmo/rdp-html5/internal/codec/rfx/ycbcr.go:85.13,87.3 1 1
github.com/rcarmo/rdp-html5/internal/codec/rfx/ycbcr.go:88.2,88.16 1 1
github.com/rcarmo/rdp-html5/internal/codec/bitmap.go:9.66,10.17 1 1
github.com/rcarmo/rdp-html5/internal/codec/bitmap.go:10.17,12.3 1 1
github.com/rcarmo/rdp-html5/internal/codec/bitmap.go:14.2,15.50 2 1
github.com/rcarmo/rdp-html5/internal/codec/bitmap.go:15.50,17.3 1 1
github.com/rcarmo/rdp-html5/internal/codec/bitmap.go:19.2,22.28 3 1
github.com/rcarmo/rdp-html5/internal/codec/bitmap.go:22.28,29.3 5 1
github.com/rcarmo/rdp-html5/internal/codec/bitmap.go:41.45,45.21 3 1
github.com/rcarmo/rdp-html5/internal/codec/bitmap.go:45.21,47.3 1 1
github.com/rcarmo/rdp-html5/internal/codec/bitmap.go:48.2,48.54 1 1
github.com/rcarmo/rdp-html5/internal/codec/bitmap.go:48.54,54.3 4 1
github.com/rcarmo/rdp-html5/internal/codec/bitmap.go:59.45,63.52 3 1
github.com/rcarmo/rdp-html5/internal/codec/bitmap.go:63.52,69.3 5 1
github.com/rcarmo/rdp-html5/internal/codec/bitmap.go:73.13,75.27 1 1
github.com/rcarmo/rdp-html5/internal/codec/bitmap.go:75.27,80.3 4 1
github.com/rcarmo/rdp-html5/internal/codec/bitmap.go:153.43,157.49 3 1
github.com/rcarmo/rdp-html5/internal/codec/bitmap.go:157.49,176.3 13 1
github.com/rcarmo/rdp-html5/internal/codec/bitmap.go:180.43,184.49 3 1
github.com/rcarmo/rdp-html5/internal/codec/bitmap.go:184.49,203.3 13 1
github.com/rcarmo/rdp-html5/internal/codec/bitmap.go:207.42,211.49 3 1
github.com/rcarmo/rdp-html5/internal/codec/bitmap.go:211.49,219.3 6 1
github.com/rcarmo/rdp-html5/internal/codec/bitmap.go:223.43,224.55 1 1
github.com/rcarmo/rdp-html5/internal/codec/bitmap.go:224.55,229.3 4 1
github.com/rcarmo/rdp-html5/internal/codec/bitmap.go:236.96,240.47 2 1
github.com/rcarmo/rdp-html5/internal/codec/bitmap.go:240.47,243.29 2 0
github.com/rcarmo/rdp-html5/internal/codec/bitmap.go:243.29,245.19 2 0
github.com/rcarmo/rdp-html5/internal/codec/bitmap.go:245.19,247.5 1 0
github.com/rcarmo/rdp-html5/internal/codec/bitmap.go:251.2,254.18 3 1
github.com/rcarmo/rdp-html5/internal/codec/bitmap.go:254.18,255.14 1 0
github.com/rcarmo/rdp-html5/internal/codec/bitmap.go:256.10,260.57 4 0
github.com/rcarmo/rdp-html5/internal/codec/bitmap.go:260.57,262.5 1 0
github.com/rcarmo/rdp-html5/internal/codec/bitmap.go:263.11,267.58 4 0
github.com/rcarmo/rdp-html5/internal/codec/bitmap.go:267.58,269.5 1 0
github.com/rcarmo/rdp-html5/internal/codec/bitmap.go:270.11,274.58 4 0
github.com/rcarmo/rdp-html5/internal/codec/bitmap.go:274.58,276.5 1 0
github.com/rcarmo/rdp-html5/internal/codec/bitmap.go:277.15,283.58 4 0
github.com/rcarmo/rdp-html5/internal/codec/bitmap.go:283.58,285.5 1 0
github.com/rcarmo/rdp-html5/internal/codec/bitmap.go:286.11,287.14 1 0
github.com/rcarmo/rdp-html5/internal/codec/bitmap.go:289.8,291.14 1 1
github.com/rcarmo/rdp-html5/internal/codec/bitmap.go:292.10,293.24 1 1
github.com/rcarmo/rdp-html5/internal/codec/bitmap.go:294.15,295.24 1 1
github.com/rcarmo/rdp-html5/internal/codec/bitmap.go:296.11,297.24 1 1
github.com/rcarmo/rdp-html5/internal/codec/bitmap.go:298.11,299.24 1 1
github.com/rcarmo/rdp-html5/internal/codec/bitmap.go:300.11,301.30 1 1
github.com/rcarmo/rdp-html5/internal/codec/bitmap.go:303.3,306.24 4 1
github.com/rcarmo/rdp-html5/internal/codec/bitmap.go:306.24,308.4 1 1
github.com/rcarmo/rdp-html5/internal/codec/bitmap.go:309.3,309.27 1 1
github.com/rcarmo/rdp-html5/internal/codec/bitmap.go:313.2,317.13 3 1
github.com/rcarmo/rdp-html5/internal/codec/bitmap.go:318.9,319.28 1 1
github.com/rcarmo/rdp-html5/internal/codec/bitmap.go:320.10,321.26 1 1
github.com/rcarmo/rdp-html5/internal/codec/bitmap.go:322.10,323.26 1 1
github.com/rcarmo/rdp-html5/internal/codec/bitmap.go:324.10,325.25 1 1
github.com/rcarmo/rdp-html5/internal/codec/bitmap.go:326.10,327.26 1 1
github.com/rcarmo/rdp-html5/internal/codec/bitmap.go:328.10,329.13 1 1
github.com/rcarmo/rdp-html5/internal/codec/bitmap.go:332.2,332.13 1 1
github.com/rcarmo/rdp-html5/internal/codec/decoder.go:39.60,40.20 1 1
github.com/rcarmo/rdp-html5/internal/codec/decoder.go:40.20,42.3 1 1
github.com/rcarmo/rdp-html5/internal/codec/decoder.go:44.2,54.60 2 1
github.com/rcarmo/rdp-html5/internal/codec/decoder.go:54.60,56.3 1 1
github.com/rcarmo/rdp-html5/internal/codec/decoder.go:58.2,61.35 2 1
github.com/rcarmo/rdp-html5/internal/codec/decoder.go:61.35,62.59 1 1
github.com/rcarmo/rdp-html5/internal/codec/decoder.go:62.59,64.4 1 1
github.com/rcarmo/rdp-html5/internal/codec/decoder.go:65.3,66.38 2 1
github.com/rcarmo/rdp-html5/internal/codec/decoder.go:70.2,70.43 1 1
github.com/rcarmo/rdp-html5/internal/codec/decoder.go:70.43,71.67 1 1
github.com/rcarmo/rdp-html5/internal/codec/decoder.go:71.67,73.4 1 1
github.com/rcarmo/rdp-html5/internal/codec/decoder.go:74.3,75.46 2 1
github.com/rcarmo/rdp-html5/internal/codec/decoder.go:79.2,79.42 1 1
github.com/rcarmo/rdp-html5/internal/codec/decoder.go:79.42,80.66 1 1
github.com/rcarmo/rdp-html5/internal/codec/decoder.go:80.66,82.4 1 1
github.com/rcarmo/rdp-html5/internal/codec/decoder.go:83.3,84.45 2 1
github.com/rcarmo/rdp-html5/internal/codec/decoder.go:88.2,88.36 1 1
github.com/rcarmo/rdp-html5/internal/codec/decoder.go:88.36,89.60 1 1
github.com/rcarmo/rdp-html5/internal/codec/decoder.go:89.60,91.4 1 1
github.com/rcarmo/rdp-html5/internal/codec/decoder.go:92.3,92.71 1 1
github.com/rcarmo/rdp-html5/internal/codec/decoder.go:95.2,95.20 1 1
github.com/rcarmo/rdp-html5/internal/codec/decoder.go:100.61,102.16 2 1
github.com/rcarmo/rdp-html5/internal/codec/decoder.go:102.16,104.3 1 1
github.com/rcarmo/rdp-html5/internal/codec/decoder.go:106.2,106.37 1 1
github.com/rcarmo/rdp-html5/internal/codec/decoder.go:110.66,117.23 4 1
github.com/rcarmo/rdp-html5/internal/codec/decoder.go:117.23,122.3 4 1
github.com/rcarmo/rdp-html5/internal/codec/decoder.go:122.8,127.3 4 1
github.com/rcarmo/rdp-html5/internal/codec/decoder.go:129.2,134.16 4 1
github.com/rcarmo/rdp-html5/internal/codec/decoder.go:134.16,136.3 1 1
github.com/rcarmo/rdp-html5/internal/codec/decoder.go:139.2,140.16 2 1
github.com/rcarmo/rdp-html5/internal/codec/decoder.go:140.16,142.3 1 0
github.com/rcarmo/rdp-html5/internal/codec/decoder.go:145.2,146.16 2 1
github.com/rcarmo/rdp-html5/internal/codec/decoder.go:146.16,148.3 1 0
github.com/rcarmo/rdp-html5/internal/codec/decoder.go:151.2,152.31 2 1
github.com/rcarmo/rdp-html5/internal/codec/decoder.go:152.31,155.17 3 1
github.com/rcarmo/rdp-html5/internal/codec/decoder.go:155.17,157.4 1 0
github.com/rcarmo/rdp-html5/internal/codec/decoder.go:161.2,161.23 1 1
github.com/rcarmo/rdp-html5/internal/codec/decoder.go:161.23,164.3 2 1
github.com/rcarmo/rdp-html5/internal/codec/decoder.go:167.2,167.26 1 1
github.com/rcarmo/rdp-html5/internal/codec/decoder.go:167.26,170.3 2 1
github.com/rcarmo/rdp-html5/internal/codec/decoder.go:173.2,173.107 1 1
github.com/rcarmo/rdp-html5/internal/codec/decoder.go:177.69,178.31 1 1
github.com/rcarmo/rdp-html5/internal/codec/decoder.go:178.31,181.3 1 1
github.com/rcarmo/rdp-html5/internal/codec/decoder.go:183.2,183.30 1 1
github.com/rcarmo/rdp-html5/internal/codec/decoder.go:183.30,185.3 1 1
github.com/rcarmo/rdp-html5/internal/codec/decoder.go:188.2,188.42 1 1
github.com/rcarmo/rdp-html5/internal/codec/decoder.go:193.67,194.19 1 1
github.com/rcarmo/rdp-html5/internal/codec/decoder.go:194.19,196.3 1 1
github.com/rcarmo/rdp-html5/internal/codec/decoder.go:198.2,202.55 4 1
github.com/rcarmo/rdp-html5/internal/codec/decoder.go:202.55,203.24 1 1
github.com/rcarmo/rdp-html5/internal/codec/decoder.go:203.24,204.9 1 0
github.com/rcarmo/rdp-html5/internal/codec/decoder.go:208.3,211.23 3 1
github.com/rcarmo/rdp-html5/internal/codec/decoder.go:211.23,214.22 2 1
github.com/rcarmo/rdp-html5/internal/codec/decoder.go:214.22,216.26 1 1
github.com/rcarmo/rdp-html5/internal/codec/decoder.go:216.26,218.6 1 0
github.com/rcarmo/rdp-html5/internal/codec/decoder.go:219.5,220.13 2 1
github.com/rcarmo/rdp-html5/internal/codec/decoder.go:222.4,222.25 1 1
github.com/rcarmo/rdp-html5/internal/codec/decoder.go:222.25,224.5 1 0
github.com/rcarmo/rdp-html5/internal/codec/decoder.go:225.4,228.67 3 1
github.com/rcarmo/rdp-html5/internal/codec/decoder.go:228.67,230.5 1 1
github.com/rcarmo/rdp-html5/internal/codec/decoder.go:231.9,234.26 2 1
github.com/rcarmo/rdp-html5/internal/codec/decoder.go:234.26,236.26 1 1
github.com/rcarmo/rdp-html5/internal/codec/decoder.go:236.26,238.6 1 0
github.com/rcarmo/rdp-html5/internal/codec/decoder.go:239.5,240.13 2 1
github.com/rcarmo/rdp-html5/internal/codec/decoder.go:243.4,243.38 1 1
github.com/rcarmo/rdp-html5/internal/codec/decoder.go:243.38,245.5 1 1
github.com/rcarmo/rdp-html5/internal/codec/decoder.go:247.4,248.27 2 1
github.com/rcarmo/rdp-html5/internal/codec/decoder.go:253.2,253.20 1 1
github.com/rcarmo/rdp-html5/internal/codec/decoder.go:253.20,255.29 2 1
github.com/rcarmo/rdp-html5/internal/codec/decoder.go:255.29,256.34 1 1
github.com/rcarmo/rdp-html5/internal/codec/decoder.go:256.34,258.5 1 1
github.com/rcarmo/rdp-html5/internal/codec/decoder.go:263.2,263.33 1 1
github.com/rcarmo/rdp-html5/internal/codec/decoder.go:263.33,265.3 1 1
github.com/rcarmo/rdp-html5/internal/codec/decoder.go:267.2,267.35 1 1
github.com/rcarmo/rdp-html5/internal/codec/decoder.go:271.91,274.33 2 1
github.com/rcarmo/rdp-html5/internal/codec/decoder.go:274.33,276.24 2 1
github.com/rcarmo/rdp-html5/internal/codec/decoder.go:276.24,278.4 1 0
github.com/rcarmo/rdp-html5/internal/codec/decoder.go:280.3,280.33 1 1
github.com/rcarmo/rdp-html5/internal/codec/decoder.go:280.33,282.24 2 1
github.com/rcarmo/rdp-html5/internal/codec/decoder.go:282.24,284.5 1 0
github.com/rcarmo/rdp-html5/internal/codec/decoder.go:286.4,289.27 3 1
github.com/rcarmo/rdp-html5/internal/codec/decoder.go:289.27,291.5 1 1
github.com/rcarmo/rdp-html5/internal/codec/decoder.go:295.2,295.15 1 1
github.com/rcarmo/rdp-html5/internal/codec/decoder.go:299.66,300.25 1 1
github.com/rcarmo/rdp-html5/internal/codec/decoder.go:300.25,302.3 1 1
github.com/rcarmo/rdp-html5/internal/codec/decoder.go:305.2,308.26 3 1
github.com/rcarmo/rdp-html5/internal/codec/decoder.go:308.26,311.21 2 1
github.com/rcarmo/rdp-html5/internal/codec/decoder.go:311.21,313.4 1 1
github.com/rcarmo/rdp-html5/internal/codec/decoder.go:314.3,314.29 1 1
github.com/rcarmo/rdp-html5/internal/codec/decoder.go:317.2,317.15 1 1
github.com/rcarmo/rdp-html5/internal/codec/decoder.go:322.113,325.33 2 1
github.com/rcarmo/rdp-html5/internal/codec/decoder.go:325.33,326.33 1 1
github.com/rcarmo/rdp-html5/internal/codec/decoder.go:326.33,330.75 3 1
github.com/rcarmo/rdp-html5/internal/codec/decoder.go:330.75,331.13 1 1
github.com/rcarmo/rdp-html5/internal/codec/decoder.go:335.4,354.45 11 1
github.com/rcarmo/rdp-html5/internal/codec/decoder.go:354.45,356.5 1 1
github.com/rcarmo/rdp-html5/internal/codec/decoder.go:356.10,358.5 1 1
github.com/rcarmo/rdp-html5/internal/codec/decoder.go:362.2,362.18 1 1
github.com/rcarmo/rdp-html5/internal/codec/decoder.go:366.23,367.11 1 1
github.com/rcarmo/rdp-html5/internal/codec/decoder.go:367.11,369.3 1 1
github.com/rcarmo/rdp-html5/internal/codec/decoder.go:370.2,370.13 1 1
github.com/rcarmo/rdp-html5/internal/codec/decoder.go:370.13,372.3 1 1
github.com/rcarmo/rdp-html5/internal/codec/decoder.go:373.2,373.10 1 1
github.com/rcarmo/rdp-html5/internal/codec/decoder.go:377.38,378.12 1 1
github.com/rcarmo/rdp-html5/internal/codec/decoder.go:378.12,380.3 1 1
github.com/rcarmo/rdp-html5/internal/codec/decoder.go:381.2,382.20 2 1
github.com/rcarmo/rdp-html5/internal/codec/decoder.go:382.20,384.3 1 1
github.com/rcarmo/rdp-html5/internal/codec/decoder.go:385.2,385.26 1 1
github.com/rcarmo/rdp-html5/internal/codec/encode.go:10.30,13.45 2 1
github.com/rcarmo/rdp-html5/internal/codec/encode.go:13.45,15.3 1 1
github.com/rcarmo/rdp-html5/internal/codec/encode.go:17.2,17.20 1 1
github.com/rcarmo/rdp-html5/internal/codec/nscodec.go:6.65,7.31 1 1
github.com/rcarmo/rdp-html5/internal/codec/nscodec.go:7.31,10.3 1 1
github.com/rcarmo/rdp-html5/internal/codec/nscodec.go:12.2,12.47 1 1
github.com/rcarmo/rdp-html5/internal/codec/nscodec.go:12.47,14.3 1 1
github.com/rcarmo/rdp-html5/internal/codec/nscodec.go:16.2,20.55 4 1
github.com/rcarmo/rdp-html5/internal/codec/nscodec.go:20.55,24.23 3 1
github.com/rcarmo/rdp-html5/internal/codec/nscodec.go:24.23,27.22 2 1
github.com/rcarmo/rdp-html5/internal/codec/nscodec.go:27.22,28.26 1 0
github.com/rcarmo/rdp-html5/internal/codec/nscodec.go:28.26,30.6 1 0
github.com/rcarmo/rdp-html5/internal/codec/nscodec.go:31.5,32.13 2 0
github.com/rcarmo/rdp-html5/internal/codec/nscodec.go:34.4,34.25 1 1
github.com/rcarmo/rdp-html5/internal/codec/nscodec.go:34.25,36.5 1 0
github.com/rcarmo/rdp-html5/internal/codec/nscodec.go:37.4,40.67 3 1
github.com/rcarmo/rdp-html5/internal/codec/nscodec.go:40.67,42.5 1 1
github.com/rcarmo/rdp-html5/internal/codec/nscodec.go:43.9,46.26 2 0
github.com/rcarmo/rdp-html5/internal/codec/nscodec.go:46.26,47.26 1 0
github.com/rcarmo/rdp-html5/internal/codec/nscodec.go:47.26,49.6 1 0
github.com/rcarmo/rdp-html5/internal/codec/nscodec.go:50.5,51.13 2 0
github.com/rcarmo/rdp-html5/internal/codec/nscodec.go:54.4,54.38 1 0
github.com/rcarmo/rdp-html5/internal/codec/nscodec.go:54.38,56.5 1 0
github.com/rcarmo/rdp-html5/internal/codec/nscodec.go:58.4,59.27 2 0
github.com/rcarmo/rdp-html5/internal/codec/nscodec.go:64.2,64.20 1 1
github.com/rcarmo/rdp-html5/internal/codec/nscodec.go:64.20,66.29 2 1
github.com/rcarmo/rdp-html5/internal/codec/nscodec.go:66.29,67.34 1 1
github.com/rcarmo/rdp-html5/internal/codec/nscodec.go:67.34,69.5 1 1
github.com/rcarmo/rdp-html5/internal/codec/nscodec.go:74.2,74.33 1 1
github.com/rcarmo/rdp-html5/internal/codec/nscodec.go:74.33,76.3 1 0
github.com/rcarmo/rdp-html5/internal/codec/nscodec.go:78.2,78.30 1 1
github.com/rcarmo/rdp-html5/internal/codec/nscodec.go:82.91,85.33 2 0
github.com/rcarmo/rdp-html5/internal/codec/nscodec.go:85.33,87.24 2 0
github.com/rcarmo/rdp-html5/internal/codec/nscodec.go:87.24,89.4 1 0
github.com/rcarmo/rdp-html5/internal/codec/nscodec.go:91.3,91.33 1 0
github.com/rcarmo/rdp-html5/internal/codec/nscodec.go:91.33,93.24 2 0
github.com/rcarmo/rdp-html5/internal/codec/nscodec.go:93.24,95.5 1 0
github.com/rcarmo/rdp-html5/internal/codec/nscodec.go:97.4,100.27 3 0
github.com/rcarmo/rdp-html5/internal/codec/nscodec.go:100.27,102.5 1 0
github.com/rcarmo/rdp-html5/internal/codec/nscodec.go:106.2,106.15 1 0
github.com/rcarmo/rdp-html5/internal/codec/nscodec.go:110.66,111.25 1 0
github.com/rcarmo/rdp-html5/internal/codec/nscodec.go:111.25,113.3 1 0
github.com/rcarmo/rdp-html5/internal/codec/nscodec.go:115.2,118.26 3 0
github.com/rcarmo/rdp-html5/internal/codec/nscodec.go:118.26,120.21 2 0
github.com/rcarmo/rdp-html5/internal/codec/nscodec.go:120.21,122.4 1 0
github.com/rcarmo/rdp-html5/internal/codec/nscodec.go:123.3,123.29 1 0
github.com/rcarmo/rdp-html5/internal/codec/nscodec.go:126.2,126.15 1 0
github.com/rcarmo/rdp-html5/internal/codec/nscodec.go:130.30,131.11 1 1
github.com/rcarmo/rdp-html5/internal/codec/nscodec.go:131.11,133.3 1 1
github.com/rcarmo/rdp-html5/internal/codec/nscodec.go:134.2,134.13 1 1
github.com/rcarmo/rdp-html5/internal/codec/nscodec.go:134.13,136.3 1 1
github.com/rcarmo/rdp-html5/internal/codec/nscodec.go:137.2,137.16 1 1
github.com/rcarmo/rdp-html5/internal/codec/nscodec.go:141.104,144.33 2 1
github.com/rcarmo/rdp-html5/internal/codec/nscodec.go:144.33,145.33 1 1
github.com/rcarmo/rdp-html5/internal/codec/nscodec.go:145.33,149.75 3 1
github.com/rcarmo/rdp-html5/internal/codec/nscodec.go:149.75,150.13 1 0
github.com/rcarmo/rdp-html5/internal/codec/nscodec.go:154.4,169.45 11 1
github.com/rcarmo/rdp-html5/internal/codec/nscodec.go:169.45,171.5 1 0
github.com/rcarmo/rdp-html5/internal/codec/nscodec.go:171.10,173.5 1 1
github.com/rcarmo/rdp-html5/internal/codec/nscodec.go:177.2,177.13 1 1
github.com/rcarmo/rdp-html5/internal/codec/nscodec.go:181.65,182.20 1 1
github.com/rcarmo/rdp-html5/internal/codec/nscodec.go:182.20,184.3 1 1
github.com/rcarmo/rdp-html5/internal/codec/nscodec.go:187.2,195.46 7 1
github.com/rcarmo/rdp-html5/internal/codec/nscodec.go:195.46,197.3 1 1
github.com/rcarmo/rdp-html5/internal/codec/nscodec.go:199.2,205.23 4 0
github.com/rcarmo/rdp-html5/internal/codec/nscodec.go:205.23,210.3 4 0
github.com/rcarmo/rdp-html5/internal/codec/nscodec.go:210.8,215.3 4 0
github.com/rcarmo/rdp-html5/internal/codec/nscodec.go:217.2,225.28 5 0
github.com/rcarmo/rdp-html5/internal/codec/nscodec.go:225.28,226.44 1 0
github.com/rcarmo/rdp-html5/internal/codec/nscodec.go:226.44,228.4 1 0
github.com/rcarmo/rdp-html5/internal/codec/nscodec.go:229.3,230.31 2 0
github.com/rcarmo/rdp-html5/internal/codec/nscodec.go:233.2,233.36 1 0
github.com/rcarmo/rdp-html5/internal/codec/nscodec.go:233.36,234.52 1 0
github.com/rcarmo/rdp-html5/internal/codec/nscodec.go:234.52,236.4 1 0
github.com/rcarmo/rdp-html5/internal/codec/nscodec.go:237.3,238.39 2 0
github.com/rcarmo/rdp-html5/internal/codec/nscodec.go:241.2,241.35 1 0
github.com/rcarmo/rdp-html5/internal/codec/nscodec.go:241.35,242.51 1 0
github.com/rcarmo/rdp-html5/internal/codec/nscodec.go:242.51,244.4 1 0
github.com/rcarmo/rdp-html5/internal/codec/nscodec.go:245.3,246.38 2 0
github.com/rcarmo/rdp-html5/internal/codec/nscodec.go:249.2,249.29 1 0
github.com/rcarmo/rdp-html5/internal/codec/nscodec.go:249.29,250.45 1 0
github.com/rcarmo/rdp-html5/internal/codec/nscodec.go:250.45,252.4 1 0
github.com/rcarmo/rdp-html5/internal/codec/nscodec.go:253.3,253.61 1 0
github.com/rcarmo/rdp-html5/internal/codec/nscodec.go:257.2,258.22 2 0
github.com/rcarmo/rdp-html5/internal/codec/nscodec.go:258.22,260.3 1 0
github.com/rcarmo/rdp-html5/internal/codec/nscodec.go:262.2,263.24 2 0
github.com/rcarmo/rdp-html5/internal/codec/nscodec.go:263.24,265.3 1 0
github.com/rcarmo/rdp-html5/internal/codec/nscodec.go:267.2,268.23 2 0
github.com/rcarmo/rdp-html5/internal/codec/nscodec.go:268.23,270.3 1 0
github.com/rcarmo/rdp-html5/internal/codec/nscodec.go:272.2,273.29 2 0
github.com/rcarmo/rdp-html5/internal/codec/nscodec.go:273.29,276.24 3 0
github.com/rcarmo/rdp-html5/internal/codec/nscodec.go:276.24,278.4 1 0
github.com/rcarmo/rdp-html5/internal/codec/nscodec.go:282.2,282.23 1 0
github.com/rcarmo/rdp-html5/internal/codec/nscodec.go:282.23,285.3 2 0
github.com/rcarmo/rdp-html5/internal/codec/nscodec.go:288.2,288.24 1 0
github.com/rcarmo/rdp-html5/internal/codec/nscodec.go:288.24,291.3 2 0
github.com/rcarmo/rdp-html5/internal/codec/nscodec.go:294.2,294.107 1 0
github.com/rcarmo/rdp-html5/internal/codec/planar.go:13.61,14.18 1 1
github.com/rcarmo/rdp-html5/internal/codec/planar.go:14.18,16.3 1 1
github.com/rcarmo/rdp-html5/internal/codec/planar.go:18.2,32.13 10 1
github.com/rcarmo/rdp-html5/internal/codec/planar.go:32.13,33.25 1 1
github.com/rcarmo/rdp-html5/internal/codec/planar.go:33.25,35.4 1 1
github.com/rcarmo/rdp-html5/internal/codec/planar.go:38.2,38.12 1 1
github.com/rcarmo/rdp-html5/internal/codec/planar.go:38.12,42.15 2 0
github.com/rcarmo/rdp-html5/internal/codec/planar.go:42.15,44.20 2 0
github.com/rcarmo/rdp-html5/internal/codec/planar.go:44.20,46.5 1 0
github.com/rcarmo/rdp-html5/internal/codec/planar.go:47.4,47.22 1 0
github.com/rcarmo/rdp-html5/internal/codec/planar.go:50.3,51.19 2 0
github.com/rcarmo/rdp-html5/internal/codec/planar.go:51.19,53.4 1 0
github.com/rcarmo/rdp-html5/internal/codec/planar.go:54.3,57.19 3 0
github.com/rcarmo/rdp-html5/internal/codec/planar.go:57.19,59.4 1 0
github.com/rcarmo/rdp-html5/internal/codec/planar.go:60.3,63.19 3 0
github.com/rcarmo/rdp-html5/internal/codec/planar.go:63.19,65.4 1 0
github.com/rcarmo/rdp-html5/internal/codec/planar.go:66.8,68.15 1 1
github.com/rcarmo/rdp-html5/internal/codec/planar.go:68.15,69.35 1 1
github.com/rcarmo/rdp-html5/internal/codec/planar.go:69.35,71.5 1 0
github.com/rcarmo/rdp-html5/internal/codec/planar.go:72.4,73.23 2 1
github.com/rcarmo/rdp-html5/internal/codec/planar.go:76.3,76.34 1 1
github.com/rcarmo/rdp-html5/internal/codec/planar.go:76.34,78.4 1 1
github.com/rcarmo/rdp-html5/internal/codec/planar.go:79.3,82.34 3 1
github.com/rcarmo/rdp-html5/internal/codec/planar.go:82.34,84.4 1 0
github.com/rcarmo/rdp-html5/internal/codec/planar.go:85.3,88.34 3 1
github.com/rcarmo/rdp-html5/internal/codec/planar.go:88.34,90.4 1 0
github.com/rcarmo/rdp-html5/internal/codec/planar.go:91.3,91.45 1 1
github.com/rcarmo/rdp-html5/internal/codec/planar.go:95.2,96.30 2 1
github.com/rcarmo/rdp-html5/internal/codec/planar.go:96.30,99.30 3 1
github.com/rcarmo/rdp-html5/internal/codec/planar.go:99.30,106.4 6 1
github.com/rcarmo/rdp-html5/internal/codec/planar.go:109.2,109.13 1 1
github.com/rcarmo/rdp-html5/internal/codec/planar.go:114.78,119.30 4 1
github.com/rcarmo/rdp-html5/internal/codec/planar.go:119.30,123.26 3 1
github.com/rcarmo/rdp-html5/internal/codec/planar.go:123.26,124.26 1 1
github.com/rcarmo/rdp-html5/internal/codec/planar.go:124.26,126.5 1 0
github.com/rcarmo/rdp-html5/internal/codec/planar.go:128.4,135.22 5 1
github.com/rcarmo/rdp-html5/internal/codec/planar.go:136.11,138.18 2 1
github.com/rcarmo/rdp-html5/internal/codec/planar.go:139.11,141.18 2 0
github.com/rcarmo/rdp-html5/internal/codec/planar.go:144.4,144.38 1 1
github.com/rcarmo/rdp-html5/internal/codec/planar.go:144.38,146.5 1 0
github.com/rcarmo/rdp-html5/internal/codec/planar.go:148.4,148.31 1 1
github.com/rcarmo/rdp-html5/internal/codec/planar.go:148.31,150.23 1 1
github.com/rcarmo/rdp-html5/internal/codec/planar.go:150.23,151.50 1 1
github.com/rcarmo/rdp-html5/internal/codec/planar.go:151.50,153.7 1 1
github.com/rcarmo/rdp-html5/internal/codec/planar.go:154.6,159.17 6 1
github.com/rcarmo/rdp-html5/internal/codec/planar.go:162.5,162.24 1 1
github.com/rcarmo/rdp-html5/internal/codec/planar.go:162.24,163.28 1 1
github.com/rcarmo/rdp-html5/internal/codec/planar.go:163.28,165.7 1 0
github.com/rcarmo/rdp-html5/internal/codec/planar.go:166.6,169.18 4 1
github.com/rcarmo/rdp-html5/internal/codec/planar.go:171.10,173.23 1 0
github.com/rcarmo/rdp-html5/internal/codec/planar.go:173.23,174.50 1 0
github.com/rcarmo/rdp-html5/internal/codec/planar.go:174.50,176.7 1 0
github.com/rcarmo/rdp-html5/internal/codec/planar.go:177.6,181.27 3 0
github.com/rcarmo/rdp-html5/internal/codec/planar.go:181.27,184.7 1 0
github.com/rcarmo/rdp-html5/internal/codec/planar.go:184.12,187.7 1 0
github.com/rcarmo/rdp-html5/internal/codec/planar.go:190.6,193.17 4 0
github.com/rcarmo/rdp-html5/internal/codec/planar.go:197.5,197.24 1 0
github.com/rcarmo/rdp-html5/internal/codec/planar.go:197.24,198.28 1 0
github.com/rcarmo/rdp-html5/internal/codec/planar.go:198.28,200.7 1 0
github.com/rcarmo/rdp-html5/internal/codec/planar.go:201.6,204.18 4 0
github.com/rcarmo/rdp-html5/internal/codec/planar.go:209.3,209.54 1 1
github.com/rcarmo/rdp-html5/internal/codec/planar.go:212.2,212.15 1 1
github.com/rcarmo/rdp-html5/internal/codec/rle15.go:7.47,9.2 1 0
github.com/rcarmo/rdp-html5/internal/codec/rle15.go:12.55,14.2 1 0
github.com/rcarmo/rdp-html5/internal/codec/rle15.go:17.122,19.2 1 0
github.com/rcarmo/rdp-html5/internal/codec/rle15.go:22.66,24.2 1 0
github.com/rcarmo/rdp-html5/internal/codec/rle16.go:7.47,9.2 1 0
github.com/rcarmo/rdp-html5/internal/codec/rle16.go:12.55,14.2 1 0
github.com/rcarmo/rdp-html5/internal/codec/rle16.go:17.122,19.2 1 0
github.com/rcarmo/rdp-html5/internal/codec/rle16.go:22.66,24.2 1 1
github.com/rcarmo/rdp-html5/internal/codec/rle24.go:7.47,9.2 1 0
github.com/rcarmo/rdp-html5/internal/codec/rle24.go:12.55,14.2 1 0
github.com/rcarmo/rdp-html5/internal/codec/rle24.go:17.122,19.2 1 0
github.com/rcarmo/rdp-html5/internal/codec/rle24.go:22.66,24.2 1 1
github.com/rcarmo/rdp-html5/internal/codec/rle32.go:7.47,9.2 1 0
github.com/rcarmo/rdp-html5/internal/codec/rle32.go:12.55,14.2 1 0
github.com/rcarmo/rdp-html5/internal/codec/rle32.go:17.122,19.2 1 0
github.com/rcarmo/rdp-html5/internal/codec/rle32.go:22.66,24.2 1 1
github.com/rcarmo/rdp-html5/internal/codec/rle8.go:7.119,9.2 1 1
github.com/rcarmo/rdp-html5/internal/codec/rle8.go:12.65,14.2 1 1
github.com/rcarmo/rdp-html5/internal/codec/rle_common.go:37.41,38.32 1 1
github.com/rcarmo/rdp-html5/internal/codec/rle_common.go:38.32,40.3 1 1
github.com/rcarmo/rdp-html5/internal/codec/rle_common.go:41.2,41.32 1 1
github.com/rcarmo/rdp-html5/internal/codec/rle_common.go:41.32,43.3 1 1
github.com/rcarmo/rdp-html5/internal/codec/rle_common.go:44.2,44.29 1 1
github.com/rcarmo/rdp-html5/internal/codec/rle_common.go:48.36,49.14 1 1
github.com/rcarmo/rdp-html5/internal/codec/rle_common.go:50.88,51.14 1 1
github.com/rcarmo/rdp-html5/internal/codec/rle_common.go:53.2,53.14 1 1
github.com/rcarmo/rdp-html5/internal/codec/rle_common.go:57.33,58.14 1 1
github.com/rcarmo/rdp-html5/internal/codec/rle_common.go:59.59,60.14 1 1
github.com/rcarmo/rdp-html5/internal/codec/rle_common.go:62.2,62.14 1 1
github.com/rcarmo/rdp-html5/internal/codec/rle_common.go:66.37,67.14 1 1
github.com/rcarmo/rdp-html5/internal/codec/rle_common.go:69.81,70.14 1 1
github.com/rcarmo/rdp-html5/internal/codec/rle_common.go:72.2,72.14 1 1
github.com/rcarmo/rdp-html5/internal/codec/rle_common.go:76.81,78.30 1 1
github.com/rcarmo/rdp-html5/internal/codec/rle_common.go:78.30,79.19 1 1
github.com/rcarmo/rdp-html5/internal/codec/rle_common.go:79.19,81.4 1 1
github.com/rcarmo/rdp-html5/internal/codec/rle_common.go:82.3,82.11 1 0
github.com/rcarmo/rdp-html5/internal/codec/rle_common.go:85.2,85.30 1 1
github.com/rcarmo/rdp-html5/internal/codec/rle_common.go:85.30,87.18 2 1
github.com/rcarmo/rdp-html5/internal/codec/rle_common.go:87.18,89.4 1 1
github.com/rcarmo/rdp-html5/internal/codec/rle_common.go:90.3,90.29 1 1
github.com/rcarmo/rdp-html5/internal/codec/rle_common.go:93.2,93.32 1 1
github.com/rcarmo/rdp-html5/internal/codec/rle_common.go:93.32,95.18 2 0
github.com/rcarmo/rdp-html5/internal/codec/rle_common.go:95.18,97.4 1 0
github.com/rcarmo/rdp-html5/internal/codec/rle_common.go:98.3,98.29 1 0
github.com/rcarmo/rdp-html5/internal/codec/rle_common.go:101.2,101.25 1 1
github.com/rcarmo/rdp-html5/internal/codec/rle_common.go:101.25,103.18 2 1
github.com/rcarmo/rdp-html5/internal/codec/rle_common.go:103.18,105.4 1 1
github.com/rcarmo/rdp-html5/internal/codec/rle_common.go:106.3,106.25 1 1
github.com/rcarmo/rdp-html5/internal/codec/rle_common.go:109.2,109.22 1 1
github.com/rcarmo/rdp-html5/internal/codec/rle_common.go:109.22,111.18 2 0
github.com/rcarmo/rdp-html5/internal/codec/rle_common.go:111.18,113.4 1 0
github.com/rcarmo/rdp-html5/internal/codec/rle_common.go:114.3,114.25 1 0
github.com/rcarmo/rdp-html5/internal/codec/rle_common.go:117.2,117.26 1 1
github.com/rcarmo/rdp-html5/internal/codec/rle_common.go:117.26,120.3 2 1
github.com/rcarmo/rdp-html5/internal/codec/rle_common.go:122.2,122.19 1 0
github.com/rcarmo/rdp-html5/internal/codec/rle_generic.go:17.46,18.23 1 1
github.com/rcarmo/rdp-html5/internal/codec/rle_generic.go:18.23,20.4 1 0
github.com/rcarmo/rdp-html5/internal/codec/rle_generic.go:21.3,21.19 1 1
github.com/rcarmo/rdp-html5/internal/codec/rle_generic.go:23.54,24.23 1 1
github.com/rcarmo/rdp-html5/internal/codec/rle_generic.go:24.23,26.4 1 0
github.com/rcarmo/rdp-html5/internal/codec/rle_generic.go:27.3,27.20 1 1
github.com/rcarmo/rdp-html5/internal/codec/rle_generic.go:36.47,37.25 1 0
github.com/rcarmo/rdp-html5/internal/codec/rle_generic.go:37.25,39.4 1 0
github.com/rcarmo/rdp-html5/internal/codec/rle_generic.go:40.3,40.56 1 0
github.com/rcarmo/rdp-html5/internal/codec/rle_generic.go:42.55,43.25 1 0
github.com/rcarmo/rdp-html5/internal/codec/rle_generic.go:43.25,45.4 1 0
github.com/rcarmo/rdp-html5/internal/codec/rle_generic.go:46.3,47.42 2 0
github.com/rcarmo/rdp-html5/internal/codec/rle_generic.go:56.47,57.25 1 1
github.com/rcarmo/rdp-html5/internal/codec/rle_generic.go:57.25,59.4 1 0
github.com/rcarmo/rdp-html5/internal/codec/rle_generic.go:60.3,60.56 1 1
github.com/rcarmo/rdp-html5/internal/codec/rle_generic.go:62.55,63.25 1 1
github.com/rcarmo/rdp-html5/internal/codec/rle_generic.go:63.25,65.4 1 0
github.com/rcarmo/rdp-html5/internal/codec/rle_generic.go:66.3,67.42 2 1
github.com/rcarmo/rdp-html5/internal/codec/rle_generic.go:76.47,77.25 1 1
github.com/rcarmo/rdp-html5/internal/codec/rle_generic.go:77.25,79.4 1 0
github.com/rcarmo/rdp-html5/internal/codec/rle_generic.go:80.3,80.86 1 1
github.com/rcarmo/rdp-html5/internal/codec/rle_generic.go:82.55,83.25 1 1
github.com/rcarmo/rdp-html5/internal/codec/rle_generic.go:83.25,85.4 1 0
github.com/rcarmo/rdp-html5/internal/codec/rle_generic.go:86.3,88.43 3 1
github.com/rcarmo/rdp-html5/internal/codec/rle_generic.go:97.47,98.25 1 1
github.com/rcarmo/rdp-html5/internal/codec/rle_generic.go:98.25,100.4 1 1
github.com/rcarmo/rdp-html5/internal/codec/rle_generic.go:101.3,102.61 1 1
github.com/rcarmo/rdp-html5/internal/codec/rle_generic.go:104.55,105.25 1 1
github.com/rcarmo/rdp-html5/internal/codec/rle_generic.go:105.25,107.4 1 0
github.com/rcarmo/rdp-html5/internal/codec/rle_generic.go:108.3,111.43 4 1
github.com/rcarmo/rdp-html5/internal/codec/rle_generic.go:116.161,118.38 2 1
github.com/rcarmo/rdp-html5/internal/codec/rle_generic.go:118.38,119.33 1 1
github.com/rcarmo/rdp-html5/internal/codec/rle_generic.go:119.33,120.9 1 1
github.com/rcarmo/rdp-html5/internal/codec/rle_generic.go:122.3,122.16 1 1
github.com/rcarmo/rdp-html5/internal/codec/rle_generic.go:122.16,123.36 1 1
github.com/rcarmo/rdp-html5/internal/codec/rle_generic.go:123.36,125.5 1 1
github.com/rcarmo/rdp-html5/internal/codec/rle_generic.go:125.10,127.5 1 1
github.com/rcarmo/rdp-html5/internal/codec/rle_generic.go:128.9,130.36 2 1
github.com/rcarmo/rdp-html5/internal/codec/rle_generic.go:130.36,132.5 1 1
github.com/rcarmo/rdp-html5/internal/codec/rle_generic.go:132.10,134.5 1 0
github.com/rcarmo/rdp-html5/internal/codec/rle_generic.go:136.3,136.17 1 1
github.com/rcarmo/rdp-html5/internal/codec/rle_generic.go:138.2,138.16 1 1
github.com/rcarmo/rdp-html5/internal/codec/rle_generic.go:142.110,150.47 7 1
github.com/rcarmo/rdp-html5/internal/codec/rle_generic.go:150.47,152.40 1 1
github.com/rcarmo/rdp-html5/internal/codec/rle_generic.go:152.40,155.4 2 0
github.com/rcarmo/rdp-html5/internal/codec/rle_generic.go:157.3,160.52 2 1
github.com/rcarmo/rdp-html5/internal/codec/rle_generic.go:160.52,164.18 3 0
github.com/rcarmo/rdp-html5/internal/codec/rle_generic.go:164.18,165.21 1 0
github.com/rcarmo/rdp-html5/internal/codec/rle_generic.go:165.21,169.6 3 0
github.com/rcarmo/rdp-html5/internal/codec/rle_generic.go:170.5,170.46 1 0
github.com/rcarmo/rdp-html5/internal/codec/rle_generic.go:170.46,174.6 3 0
github.com/rcarmo/rdp-html5/internal/codec/rle_generic.go:175.10,176.21 1 0
github.com/rcarmo/rdp-html5/internal/codec/rle_generic.go:176.21,181.6 4 0
github.com/rcarmo/rdp-html5/internal/codec/rle_generic.go:182.5,182.46 1 0
github.com/rcarmo/rdp-html5/internal/codec/rle_generic.go:182.46,187.6 4 0
github.com/rcarmo/rdp-html5/internal/codec/rle_generic.go:189.4,190.12 2 0
github.com/rcarmo/rdp-html5/internal/codec/rle_generic.go:193.3,197.55 2 1
github.com/rcarmo/rdp-html5/internal/codec/rle_generic.go:197.55,201.58 3 0
github.com/rcarmo/rdp-html5/internal/codec/rle_generic.go:201.58,204.5 2 0
github.com/rcarmo/rdp-html5/internal/codec/rle_generic.go:206.4,206.45 1 0
github.com/rcarmo/rdp-html5/internal/codec/rle_generic.go:206.45,207.19 1 0
github.com/rcarmo/rdp-html5/internal/codec/rle_generic.go:207.19,209.6 1 0
github.com/rcarmo/rdp-html5/internal/codec/rle_generic.go:209.11,212.6 2 0
github.com/rcarmo/rdp-html5/internal/codec/rle_generic.go:213.5,214.16 2 0
github.com/rcarmo/rdp-html5/internal/codec/rle_generic.go:216.4,216.12 1 0
github.com/rcarmo/rdp-html5/internal/codec/rle_generic.go:220.3,220.61 1 1
github.com/rcarmo/rdp-html5/internal/codec/rle_generic.go:220.61,229.52 7 0
github.com/rcarmo/rdp-html5/internal/codec/rle_generic.go:229.52,235.5 5 0
github.com/rcarmo/rdp-html5/internal/codec/rle_generic.go:236.4,236.12 1 0
github.com/rcarmo/rdp-html5/internal/codec/rle_generic.go:240.3,240.58 1 1
github.com/rcarmo/rdp-html5/internal/codec/rle_generic.go:240.58,247.45 5 1
github.com/rcarmo/rdp-html5/internal/codec/rle_generic.go:247.45,251.5 3 1
github.com/rcarmo/rdp-html5/internal/codec/rle_generic.go:252.4,252.12 1 1
github.com/rcarmo/rdp-html5/internal/codec/rle_generic.go:256.3,256.62 1 1
github.com/rcarmo/rdp-html5/internal/codec/rle_generic.go:256.62,260.71 3 1
github.com/rcarmo/rdp-html5/internal/codec/rle_generic.go:260.71,266.5 5 1
github.com/rcarmo/rdp-html5/internal/codec/rle_generic.go:267.4,267.12 1 1
github.com/rcarmo/rdp-html5/internal/codec/rle_generic.go:271.3,272.63 1 1
github.com/rcarmo/rdp-html5/internal/codec/rle_generic.go:272.63,276.66 3 0
github.com/rcarmo/rdp-html5/internal/codec/rle_generic.go:276.66,279.5 2 0
github.com/rcarmo/rdp-html5/internal/codec/rle_generic.go:281.4,281.43 1 0
github.com/rcarmo/rdp-html5/internal/codec/rle_generic.go:281.43,285.22 4 0
github.com/rcarmo/rdp-html5/internal/codec/rle_generic.go:285.22,287.6 1 0
github.com/rcarmo/rdp-html5/internal/codec/rle_generic.go:288.5,289.23 2 0
github.com/rcarmo/rdp-html5/internal/codec/rle_generic.go:291.4,291.12 1 0
github.com/rcarmo/rdp-html5/internal/codec/rle_generic.go:295.3,295.27 1 1
github.com/rcarmo/rdp-html5/internal/codec/rle_generic.go:295.27,299.12 4 0
github.com/rcarmo/rdp-html5/internal/codec/rle_generic.go:302.3,302.27 1 1
github.com/rcarmo/rdp-html5/internal/codec/rle_generic.go:302.27,306.12 4 0
github.com/rcarmo/rdp-html5/internal/codec/rle_generic.go:310.3,310.20 1 1
github.com/rcarmo/rdp-html5/internal/codec/rle_generic.go:310.20,314.12 4 1
github.com/rcarmo/rdp-html5/internal/codec/rle_generic.go:317.3,317.20 1 1
github.com/rcarmo/rdp-html5/internal/codec/rle_generic.go:317.20,321.12 4 1
github.com/rcarmo/rdp-html5/internal/codec/rle_generic.go:325.3,325.11 1 0
github.com/rcarmo/rdp-html5/internal/codec/rle_generic.go:328.2,328.13 1 1
github.com/rcarmo/rdp-html5/internal/codec/security.go:10.56,19.2 5 1
github.com/rcarmo/rdp-html5/internal/codec/security.go:22.57,30.16 3 1
github.com/rcarmo/rdp-html5/internal/codec/security.go:30.16,32.3 1 1
github.com/rcarmo/rdp-html5/internal/codec/security.go:34.2,35.16 2 1
github.com/rcarmo/rdp-html5/internal/codec/security.go:35.16,37.3 1 1
github.com/rcarmo/rdp-html5/internal/codec/security.go:39.2,39.19 1 1
