mode: set
github.com/rcarmo/rdp-html5/internal/protocol/rdpedisp/rdpedisp.go:42.38,51.2 6 1
github.com/rcarmo/rdp-html5/internal/protocol/rdpedisp/rdpedisp.go:54.50,57.70 2 1
github.com/rcarmo/rdp-html5/internal/protocol/rdpedisp/rdpedisp.go:57.70,59.3 1 0
github.com/rcarmo/rdp-html5/internal/protocol/rdpedisp/rdpedisp.go:60.2,60.28 1 1
github.com/rcarmo/rdp-html5/internal/protocol/rdpedisp/rdpedisp.go:60.28,62.3 1 1
github.com/rcarmo/rdp-html5/internal/protocol/rdpedisp/rdpedisp.go:64.2,64.69 1 1
github.com/rcarmo/rdp-html5/internal/protocol/rdpedisp/rdpedisp.go:64.69,66.3 1 0
github.com/rcarmo/rdp-html5/internal/protocol/rdpedisp/rdpedisp.go:68.2,68.79 1 1
github.com/rcarmo/rdp-html5/internal/protocol/rdpedisp/rdpedisp.go:68.79,70.3 1 0
github.com/rcarmo/rdp-html5/internal/protocol/rdpedisp/rdpedisp.go:71.2,71.83 1 1
github.com/rcarmo/rdp-html5/internal/protocol/rdpedisp/rdpedisp.go:71.83,73.3 1 0
github.com/rcarmo/rdp-html5/internal/protocol/rdpedisp/rdpedisp.go:75.2,75.12 1 1
github.com/rcarmo/rdp-html5/internal/protocol/rdpedisp/rdpedisp.go:93.41,108.2 12 1
github.com/rcarmo/rdp-html5/internal/protocol/rdpedisp/rdpedisp.go:111.53,112.70 1 1
github.com/rcarmo/rdp-html5/internal/protocol/rdpedisp/rdpedisp.go:112.70,114.3 1 0
github.com/rcarmo/rdp-html5/internal/protocol/rdpedisp/rdpedisp.go:115.2,115.69 1 1
github.com/rcarmo/rdp-html5/internal/protocol/rdpedisp/rdpedisp.go:115.69,117.3 1 0
github.com/rcarmo/rdp-html5/internal/protocol/rdpedisp/rdpedisp.go:118.2,118.68 1 1
github.com/rcarmo/rdp-html5/internal/protocol/rdpedisp/rdpedisp.go:118.68,120.3 1 0
github.com/rcarmo/rdp-html5/internal/protocol/rdpedisp/rdpedisp.go:121.2,121.70 1 1
github.com/rcarmo/rdp-html5/internal/protocol/rdpedisp/rdpedisp.go:121.70,123.3 1 0
github.com/rcarmo/rdp-html5/internal/protocol/rdpedisp/rdpedisp.go:124.2,124.71 1 1
github.com/rcarmo/rdp-html5/internal/protocol/rdpedisp/rdpedisp.go:124.71,126.3 1 0
github.com/rcarmo/rdp-html5/internal/protocol/rdpedisp/rdpedisp.go:127.2,127.78 1 1
github.com/rcarmo/rdp-html5/internal/protocol/rdpedisp/rdpedisp.go:127.78,129.3 1 0
github.com/rcarmo/rdp-html5/internal/protocol/rdpedisp/rdpedisp.go:130.2,130.79 1 1
github.com/rcarmo/rdp-html5/internal/protocol/rdpedisp/rdpedisp.go:130.79,132.3 1 0
github.com/rcarmo/rdp-html5/internal/protocol/rdpedisp/rdpedisp.go:133.2,133.76 1 1
github.com/rcarmo/rdp-html5/internal/protocol/rdpedisp/rdpedisp.go:133.76,135.3 1 0
github.com/rcarmo/rdp-html5/internal/protocol/rdpedisp/rdpedisp.go:136.2,136.83 1 1
github.com/rcarmo/rdp-html5/internal/protocol/rdpedisp/rdpedisp.go:136.83,138.3 1 0
github.com/rcarmo/rdp-html5/internal/protocol/rdpedisp/rdpedisp.go:139.2,139.82 1 1
github.com/rcarmo/rdp-html5/internal/protocol/rdpedisp/rdpedisp.go:139.82,141.3 1 0
github.com/rcarmo/rdp-html5/internal/protocol/rdpedisp/rdpedisp.go:142.2,142.12 1 1
github.com/rcarmo/rdp-html5/internal/protocol/rdpedisp/rdpedisp.go:156.47,168.28 8 1
github.com/rcarmo/rdp-html5/internal/protocol/rdpedisp/rdpedisp.go:168.28,172.22 3 1
github.com/rcarmo/rdp-html5/internal/protocol/rdpedisp/rdpedisp.go:172.22,174.4 1 1
github.com/rcarmo/rdp-html5/internal/protocol/rdpedisp/rdpedisp.go:175.3,175.23 1 1
github.com/rcarmo/rdp-html5/internal/protocol/rdpedisp/rdpedisp.go:175.23,177.4 1 1
github.com/rcarmo/rdp-html5/internal/protocol/rdpedisp/rdpedisp.go:178.3,178.23 1 1
github.com/rcarmo/rdp-html5/internal/protocol/rdpedisp/rdpedisp.go:178.23,180.4 1 1
github.com/rcarmo/rdp-html5/internal/protocol/rdpedisp/rdpedisp.go:181.3,181.24 1 1
github.com/rcarmo/rdp-html5/internal/protocol/rdpedisp/rdpedisp.go:181.24,183.4 1 1
github.com/rcarmo/rdp-html5/internal/protocol/rdpedisp/rdpedisp.go:184.3,184.29 1 1
github.com/rcarmo/rdp-html5/internal/protocol/rdpedisp/rdpedisp.go:187.2,187.20 1 1
github.com/rcarmo/rdp-html5/internal/protocol/rdpedisp/rdpedisp.go:191.59,194.70 2 1
github.com/rcarmo/rdp-html5/internal/protocol/rdpedisp/rdpedisp.go:194.70,196.3 1 0
github.com/rcarmo/rdp-html5/internal/protocol/rdpedisp/rdpedisp.go:197.2,197.37 1 1
github.com/rcarmo/rdp-html5/internal/protocol/rdpedisp/rdpedisp.go:197.37,199.3 1 1
github.com/rcarmo/rdp-html5/internal/protocol/rdpedisp/rdpedisp.go:201.2,201.69 1 1
github.com/rcarmo/rdp-html5/internal/protocol/rdpedisp/rdpedisp.go:201.69,203.3 1 0
github.com/rcarmo/rdp-html5/internal/protocol/rdpedisp/rdpedisp.go:205.2,205.80 1 1
github.com/rcarmo/rdp-html5/internal/protocol/rdpedisp/rdpedisp.go:205.80,207.3 1 0
github.com/rcarmo/rdp-html5/internal/protocol/rdpedisp/rdpedisp.go:209.2,209.44 1 1
github.com/rcarmo/rdp-html5/internal/protocol/rdpedisp/rdpedisp.go:209.44,211.3 1 0
github.com/rcarmo/rdp-html5/internal/protocol/rdpedisp/rdpedisp.go:213.2,213.75 1 1
github.com/rcarmo/rdp-html5/internal/protocol/rdpedisp/rdpedisp.go:213.75,215.3 1 0
github.com/rcarmo/rdp-html5/internal/protocol/rdpedisp/rdpedisp.go:218.2,218.23 1 1
github.com/rcarmo/rdp-html5/internal/protocol/rdpedisp/rdpedisp.go:218.23,220.3 1 1
github.com/rcarmo/rdp-html5/internal/protocol/rdpedisp/rdpedisp.go:222.2,223.44 2 1
github.com/rcarmo/rdp-html5/internal/protocol/rdpedisp/rdpedisp.go:223.44,224.54 1 1
github.com/rcarmo/rdp-html5/internal/protocol/rdpedisp/rdpedisp.go:224.54,226.4 1 0
github.com/rcarmo/rdp-html5/internal/protocol/rdpedisp/rdpedisp.go:229.2,229.12 1 1
github.com/rcarmo/rdp-html5/internal/protocol/rdpedisp/rdpedisp.go:233.69,250.2 1 1
github.com/rcarmo/rdp-html5/internal/protocol/rdpedisp/rdpedisp.go:253.48,254.19 1 1
github.com/rcarmo/rdp-html5/internal/protocol/rdpedisp/rdpedisp.go:254.19,256.3 1 1
github.com/rcarmo/rdp-html5/internal/protocol/rdpedisp/rdpedisp.go:257.2,257.50 1 1
