mode: set
github.com/rcarmo/rdp-html5/internal/rdp/audio.go:25.52,30.2 1 1
github.com/rcarmo/rdp-html5/internal/rdp/audio.go:33.54,35.2 1 1
github.com/rcarmo/rdp-html5/internal/rdp/audio.go:38.33,40.2 1 1
github.com/rcarmo/rdp-html5/internal/rdp/audio.go:43.34,45.2 1 1
github.com/rcarmo/rdp-html5/internal/rdp/audio.go:48.41,50.2 1 1
github.com/rcarmo/rdp-html5/internal/rdp/audio.go:53.63,54.70 1 1
github.com/rcarmo/rdp-html5/internal/rdp/audio.go:54.70,56.3 1 1
github.com/rcarmo/rdp-html5/internal/rdp/audio.go:57.2,57.12 1 1
github.com/rcarmo/rdp-html5/internal/rdp/audio.go:61.61,62.16 1 1
github.com/rcarmo/rdp-html5/internal/rdp/audio.go:62.16,64.3 1 1
github.com/rcarmo/rdp-html5/internal/rdp/audio.go:67.2,68.16 2 1
github.com/rcarmo/rdp-html5/internal/rdp/audio.go:68.16,70.3 1 1
github.com/rcarmo/rdp-html5/internal/rdp/audio.go:73.2,74.15 2 1
github.com/rcarmo/rdp-html5/internal/rdp/audio.go:74.15,76.3 1 0
github.com/rcarmo/rdp-html5/internal/rdp/audio.go:79.2,79.27 1 1
github.com/rcarmo/rdp-html5/internal/rdp/audio.go:79.27,81.3 1 0
github.com/rcarmo/rdp-html5/internal/rdp/audio.go:83.2,85.46 3 1
github.com/rcarmo/rdp-html5/internal/rdp/audio.go:85.46,87.3 1 0
github.com/rcarmo/rdp-html5/internal/rdp/audio.go:89.2,91.24 2 1
github.com/rcarmo/rdp-html5/internal/rdp/audio.go:92.25,93.37 1 1
github.com/rcarmo/rdp-html5/internal/rdp/audio.go:94.26,95.32 1 1
github.com/rcarmo/rdp-html5/internal/rdp/audio.go:96.22,97.28 1 0
github.com/rcarmo/rdp-html5/internal/rdp/audio.go:98.23,99.29 1 1
github.com/rcarmo/rdp-html5/internal/rdp/audio.go:100.23,102.13 2 1
github.com/rcarmo/rdp-html5/internal/rdp/audio.go:103.10,104.78 1 1
github.com/rcarmo/rdp-html5/internal/rdp/audio.go:107.2,107.12 1 1
github.com/rcarmo/rdp-html5/internal/rdp/audio.go:111.63,113.56 2 1
github.com/rcarmo/rdp-html5/internal/rdp/audio.go:113.56,115.3 1 0
github.com/rcarmo/rdp-html5/internal/rdp/audio.go:117.2,123.47 4 1
github.com/rcarmo/rdp-html5/internal/rdp/audio.go:123.47,126.48 2 1
github.com/rcarmo/rdp-html5/internal/rdp/audio.go:126.48,127.27 1 1
github.com/rcarmo/rdp-html5/internal/rdp/audio.go:127.27,129.5 1 1
github.com/rcarmo/rdp-html5/internal/rdp/audio.go:131.4,131.91 1 1
github.com/rcarmo/rdp-html5/internal/rdp/audio.go:131.91,133.5 1 1
github.com/rcarmo/rdp-html5/internal/rdp/audio.go:137.2,137.25 1 1
github.com/rcarmo/rdp-html5/internal/rdp/audio.go:137.25,143.3 5 0
github.com/rcarmo/rdp-html5/internal/rdp/audio.go:146.2,148.31 2 1
github.com/rcarmo/rdp-html5/internal/rdp/audio.go:148.31,151.3 2 0
github.com/rcarmo/rdp-html5/internal/rdp/audio.go:153.2,157.74 3 1
github.com/rcarmo/rdp-html5/internal/rdp/audio.go:161.93,164.33 2 1
github.com/rcarmo/rdp-html5/internal/rdp/audio.go:164.33,165.48 1 1
github.com/rcarmo/rdp-html5/internal/rdp/audio.go:165.48,167.4 1 1
github.com/rcarmo/rdp-html5/internal/rdp/audio.go:171.2,171.32 1 1
github.com/rcarmo/rdp-html5/internal/rdp/audio.go:171.32,175.3 3 1
github.com/rcarmo/rdp-html5/internal/rdp/audio.go:177.2,194.9 5 1
github.com/rcarmo/rdp-html5/internal/rdp/audio.go:194.9,197.3 2 1
github.com/rcarmo/rdp-html5/internal/rdp/audio.go:199.2,199.64 1 1
github.com/rcarmo/rdp-html5/internal/rdp/audio.go:203.58,205.51 2 1
github.com/rcarmo/rdp-html5/internal/rdp/audio.go:205.51,207.3 1 1
github.com/rcarmo/rdp-html5/internal/rdp/audio.go:209.2,220.9 5 1
github.com/rcarmo/rdp-html5/internal/rdp/audio.go:220.9,222.3 1 1
github.com/rcarmo/rdp-html5/internal/rdp/audio.go:224.2,224.64 1 1
github.com/rcarmo/rdp-html5/internal/rdp/audio.go:228.54,230.51 2 1
github.com/rcarmo/rdp-html5/internal/rdp/audio.go:230.51,232.3 1 1
github.com/rcarmo/rdp-html5/internal/rdp/audio.go:234.2,242.44 4 1
github.com/rcarmo/rdp-html5/internal/rdp/audio.go:242.44,244.52 2 1
github.com/rcarmo/rdp-html5/internal/rdp/audio.go:244.52,246.4 1 1
github.com/rcarmo/rdp-html5/internal/rdp/audio.go:247.3,247.20 1 1
github.com/rcarmo/rdp-html5/internal/rdp/audio.go:247.20,249.4 1 1
github.com/rcarmo/rdp-html5/internal/rdp/audio.go:250.3,250.51 1 1
github.com/rcarmo/rdp-html5/internal/rdp/audio.go:254.2,254.64 1 1
github.com/rcarmo/rdp-html5/internal/rdp/audio.go:258.55,260.48 2 1
github.com/rcarmo/rdp-html5/internal/rdp/audio.go:260.48,262.3 1 1
github.com/rcarmo/rdp-html5/internal/rdp/audio.go:264.2,264.46 1 1
github.com/rcarmo/rdp-html5/internal/rdp/audio.go:264.46,266.49 2 1
github.com/rcarmo/rdp-html5/internal/rdp/audio.go:266.49,268.4 1 1
github.com/rcarmo/rdp-html5/internal/rdp/audio.go:269.3,269.20 1 1
github.com/rcarmo/rdp-html5/internal/rdp/audio.go:269.20,271.4 1 1
github.com/rcarmo/rdp-html5/internal/rdp/audio.go:272.3,272.50 1 1
github.com/rcarmo/rdp-html5/internal/rdp/audio.go:276.2,276.58 1 1
github.com/rcarmo/rdp-html5/internal/rdp/audio.go:280.79,290.9 4 1
github.com/rcarmo/rdp-html5/internal/rdp/audio.go:290.9,292.3 1 0
github.com/rcarmo/rdp-html5/internal/rdp/audio.go:294.2,294.64 1 1
github.com/rcarmo/rdp-html5/internal/rdp/audio.go:298.32,299.23 1 1
github.com/rcarmo/rdp-html5/internal/rdp/audio.go:299.23,301.3 1 0
github.com/rcarmo/rdp-html5/internal/rdp/audio.go:303.2,303.32 1 1
github.com/rcarmo/rdp-html5/internal/rdp/audio.go:303.32,304.32 1 1
github.com/rcarmo/rdp-html5/internal/rdp/audio.go:304.32,306.4 1 1
github.com/rcarmo/rdp-html5/internal/rdp/audio.go:308.2,311.25 3 1
github.com/rcarmo/rdp-html5/internal/rdp/audio.go:315.50,317.2 1 1
github.com/rcarmo/rdp-html5/internal/rdp/capabilities_exchange.go:7.47,9.16 2 1
github.com/rcarmo/rdp-html5/internal/rdp/capabilities_exchange.go:9.16,11.3 1 1
github.com/rcarmo/rdp-html5/internal/rdp/capabilities_exchange.go:13.2,14.46 2 1
github.com/rcarmo/rdp-html5/internal/rdp/capabilities_exchange.go:14.46,16.3 1 0
github.com/rcarmo/rdp-html5/internal/rdp/capabilities_exchange.go:18.2,23.77 4 1
github.com/rcarmo/rdp-html5/internal/rdp/client.go:83.20,85.38 1 1
github.com/rcarmo/rdp-html5/internal/rdp/client.go:85.38,87.3 1 1
github.com/rcarmo/rdp-html5/internal/rdp/client.go:89.2,107.16 4 1
github.com/rcarmo/rdp-html5/internal/rdp/client.go:107.16,109.3 1 1
github.com/rcarmo/rdp-html5/internal/rdp/client.go:111.2,118.16 6 1
github.com/rcarmo/rdp-html5/internal/rdp/client.go:122.71,125.2 2 1
github.com/rcarmo/rdp-html5/internal/rdp/client.go:128.41,130.12 2 1
github.com/rcarmo/rdp-html5/internal/rdp/client.go:130.12,132.3 1 1
github.com/rcarmo/rdp-html5/internal/rdp/client.go:132.8,134.3 1 1
github.com/rcarmo/rdp-html5/internal/rdp/client.go:154.44,155.14 1 1
github.com/rcarmo/rdp-html5/internal/rdp/client.go:156.19,157.19 1 1
github.com/rcarmo/rdp-html5/internal/rdp/client.go:158.20,159.20 1 1
github.com/rcarmo/rdp-html5/internal/rdp/client.go:160.25,161.26 1 1
github.com/rcarmo/rdp-html5/internal/rdp/client.go:162.22,163.22 1 1
github.com/rcarmo/rdp-html5/internal/rdp/client.go:164.18,165.18 1 0
github.com/rcarmo/rdp-html5/internal/rdp/client.go:166.31,167.32 1 0
github.com/rcarmo/rdp-html5/internal/rdp/client.go:168.10,169.46 1 1
github.com/rcarmo/rdp-html5/internal/rdp/client.go:197.64,205.48 2 1
github.com/rcarmo/rdp-html5/internal/rdp/client.go:205.48,206.35 1 1
github.com/rcarmo/rdp-html5/internal/rdp/client.go:207.36,208.41 1 1
github.com/rcarmo/rdp-html5/internal/rdp/client.go:208.41,213.5 2 1
github.com/rcarmo/rdp-html5/internal/rdp/client.go:214.37,215.42 1 1
github.com/rcarmo/rdp-html5/internal/rdp/client.go:215.42,217.5 1 1
github.com/rcarmo/rdp-html5/internal/rdp/client.go:218.35,219.40 1 1
github.com/rcarmo/rdp-html5/internal/rdp/client.go:219.40,221.5 1 1
github.com/rcarmo/rdp-html5/internal/rdp/client.go:222.45,223.31 1 1
github.com/rcarmo/rdp-html5/internal/rdp/client.go:224.42,225.47 1 1
github.com/rcarmo/rdp-html5/internal/rdp/client.go:225.47,226.77 1 1
github.com/rcarmo/rdp-html5/internal/rdp/client.go:226.77,228.6 1 1
github.com/rcarmo/rdp-html5/internal/rdp/client.go:230.49,231.54 1 1
github.com/rcarmo/rdp-html5/internal/rdp/client.go:231.54,233.5 1 1
github.com/rcarmo/rdp-html5/internal/rdp/client.go:234.42,235.28 1 1
github.com/rcarmo/rdp-html5/internal/rdp/client.go:236.46,237.32 1 1
github.com/rcarmo/rdp-html5/internal/rdp/client.go:241.2,241.13 1 1
github.com/rcarmo/rdp-html5/internal/rdp/client.go:246.41,248.32 1 0
github.com/rcarmo/rdp-html5/internal/rdp/client.go:248.32,249.22 1 0
github.com/rcarmo/rdp-html5/internal/rdp/client.go:249.22,251.4 1 0
github.com/rcarmo/rdp-html5/internal/rdp/client.go:253.2,254.48 2 0
github.com/rcarmo/rdp-html5/internal/rdp/client.go:258.47,259.29 1 0
github.com/rcarmo/rdp-html5/internal/rdp/client.go:259.29,261.3 1 0
github.com/rcarmo/rdp-html5/internal/rdp/client.go:262.2,262.35 1 0
github.com/rcarmo/rdp-html5/internal/rdp/client.go:267.57,268.29 1 0
github.com/rcarmo/rdp-html5/internal/rdp/client.go:268.29,270.3 1 0
github.com/rcarmo/rdp-html5/internal/rdp/client.go:271.2,271.70 1 0
github.com/rcarmo/rdp-html5/internal/rdp/client.go:275.87,276.29 1 0
github.com/rcarmo/rdp-html5/internal/rdp/client.go:276.29,278.3 1 0
github.com/rcarmo/rdp-html5/internal/rdp/client.go:279.2,280.17 2 0
github.com/rcarmo/rdp-html5/internal/rdp/client.go:280.17,282.3 1 0
github.com/rcarmo/rdp-html5/internal/rdp/client.go:283.2,283.53 1 0
github.com/rcarmo/rdp-html5/internal/rdp/close.go:4.32,5.24 1 1
github.com/rcarmo/rdp-html5/internal/rdp/close.go:5.24,7.3 1 1
github.com/rcarmo/rdp-html5/internal/rdp/close.go:9.2,9.19 1 1
github.com/rcarmo/rdp-html5/internal/rdp/close.go:9.19,11.3 1 1
github.com/rcarmo/rdp-html5/internal/rdp/close.go:12.2,12.23 1 1
github.com/rcarmo/rdp-html5/internal/rdp/connect.go:14.34,20.48 5 0
github.com/rcarmo/rdp-html5/internal/rdp/connect.go:20.48,22.3 1 0
github.com/rcarmo/rdp-html5/internal/rdp/connect.go:23.2,26.49 3 0
github.com/rcarmo/rdp-html5/internal/rdp/connect.go:26.49,28.3 1 0
github.com/rcarmo/rdp-html5/internal/rdp/connect.go:29.2,32.45 3 0
github.com/rcarmo/rdp-html5/internal/rdp/connect.go:32.45,34.3 1 0
github.com/rcarmo/rdp-html5/internal/rdp/connect.go:35.2,38.50 3 0
github.com/rcarmo/rdp-html5/internal/rdp/connect.go:38.50,40.3 1 0
github.com/rcarmo/rdp-html5/internal/rdp/connect.go:41.2,44.37 3 0
github.com/rcarmo/rdp-html5/internal/rdp/connect.go:44.37,46.3 1 0
github.com/rcarmo/rdp-html5/internal/rdp/connect.go:47.2,50.48 3 0
github.com/rcarmo/rdp-html5/internal/rdp/connect.go:50.48,52.3 1 0
github.com/rcarmo/rdp-html5/internal/rdp/connect.go:53.2,56.50 3 0
github.com/rcarmo/rdp-html5/internal/rdp/connect.go:56.50,58.3 1 0
github.com/rcarmo/rdp-html5/internal/rdp/connect.go:59.2,62.29 2 0
github.com/rcarmo/rdp-html5/internal/rdp/connect.go:62.29,63.53 1 0
github.com/rcarmo/rdp-html5/internal/rdp/connect.go:63.53,66.14 2 0
github.com/rcarmo/rdp-html5/internal/rdp/connect.go:66.14,67.75 1 0
github.com/rcarmo/rdp-html5/internal/rdp/connect.go:67.75,69.6 1 0
github.com/rcarmo/rdp-html5/internal/rdp/connect.go:75.2,75.43 1 0
github.com/rcarmo/rdp-html5/internal/rdp/connect.go:75.43,78.3 1 0
github.com/rcarmo/rdp-html5/internal/rdp/connect.go:80.2,85.12 3 0
github.com/rcarmo/rdp-html5/internal/rdp/connect.go:88.47,94.14 3 0
github.com/rcarmo/rdp-html5/internal/rdp/connect.go:94.14,97.3 1 0
github.com/rcarmo/rdp-html5/internal/rdp/connect.go:99.2,110.66 3 0
github.com/rcarmo/rdp-html5/internal/rdp/connect.go:110.66,112.3 1 0
github.com/rcarmo/rdp-html5/internal/rdp/connect.go:114.2,114.46 1 0
github.com/rcarmo/rdp-html5/internal/rdp/connect.go:114.46,116.3 1 0
github.com/rcarmo/rdp-html5/internal/rdp/connect.go:118.2,118.27 1 0
github.com/rcarmo/rdp-html5/internal/rdp/connect.go:118.27,122.22 2 0
github.com/rcarmo/rdp-html5/internal/rdp/connect.go:123.49,124.146 1 0
github.com/rcarmo/rdp-html5/internal/rdp/connect.go:125.46,126.71 1 0
github.com/rcarmo/rdp-html5/internal/rdp/connect.go:127.58,128.69 1 0
github.com/rcarmo/rdp-html5/internal/rdp/connect.go:129.11,130.101 1 0
github.com/rcarmo/rdp-html5/internal/rdp/connect.go:134.2,143.9 5 0
github.com/rcarmo/rdp-html5/internal/rdp/connect.go:144.32,145.28 1 0
github.com/rcarmo/rdp-html5/internal/rdp/connect.go:146.29,147.20 1 0
github.com/rcarmo/rdp-html5/internal/rdp/connect.go:148.29,149.36 1 0
github.com/rcarmo/rdp-html5/internal/rdp/connect.go:150.10,151.66 1 0
github.com/rcarmo/rdp-html5/internal/rdp/connect.go:153.2,156.30 2 0
github.com/rcarmo/rdp-html5/internal/rdp/connect.go:156.30,158.3 1 0
github.com/rcarmo/rdp-html5/internal/rdp/connect.go:161.2,161.27 1 0
github.com/rcarmo/rdp-html5/internal/rdp/connect.go:161.27,163.3 1 0
github.com/rcarmo/rdp-html5/internal/rdp/connect.go:166.2,166.27 1 0
github.com/rcarmo/rdp-html5/internal/rdp/connect.go:166.27,169.3 1 0
github.com/rcarmo/rdp-html5/internal/rdp/connect.go:170.2,170.40 1 0
github.com/rcarmo/rdp-html5/internal/rdp/connect.go:173.48,177.16 3 1
github.com/rcarmo/rdp-html5/internal/rdp/connect.go:177.16,179.3 1 0
github.com/rcarmo/rdp-html5/internal/rdp/connect.go:181.2,183.16 3 1
github.com/rcarmo/rdp-html5/internal/rdp/connect.go:183.16,185.3 1 0
github.com/rcarmo/rdp-html5/internal/rdp/connect.go:187.2,195.12 3 1
github.com/rcarmo/rdp-html5/internal/rdp/connect.go:198.73,199.27 1 1
github.com/rcarmo/rdp-html5/internal/rdp/connect.go:199.27,201.3 1 1
github.com/rcarmo/rdp-html5/internal/rdp/connect.go:203.2,203.41 1 1
github.com/rcarmo/rdp-html5/internal/rdp/connect.go:203.41,204.48 1 1
github.com/rcarmo/rdp-html5/internal/rdp/connect.go:204.48,206.4 1 1
github.com/rcarmo/rdp-html5/internal/rdp/connect.go:209.2,209.59 1 1
github.com/rcarmo/rdp-html5/internal/rdp/connect.go:212.44,214.16 2 1
github.com/rcarmo/rdp-html5/internal/rdp/connect.go:214.16,216.3 1 1
github.com/rcarmo/rdp-html5/internal/rdp/connect.go:218.2,219.16 2 1
github.com/rcarmo/rdp-html5/internal/rdp/connect.go:219.16,221.3 1 1
github.com/rcarmo/rdp-html5/internal/rdp/connect.go:223.2,225.23 2 1
github.com/rcarmo/rdp-html5/internal/rdp/connect.go:225.23,227.3 1 1
github.com/rcarmo/rdp-html5/internal/rdp/connect.go:229.2,230.16 2 1
github.com/rcarmo/rdp-html5/internal/rdp/connect.go:230.16,232.3 1 1
github.com/rcarmo/rdp-html5/internal/rdp/connect.go:234.2,234.12 1 1
github.com/rcarmo/rdp-html5/internal/rdp/connect.go:237.49,240.24 2 1
github.com/rcarmo/rdp-html5/internal/rdp/connect.go:240.24,242.3 1 1
github.com/rcarmo/rdp-html5/internal/rdp/connect.go:245.2,248.82 3 1
github.com/rcarmo/rdp-html5/internal/rdp/connect.go:248.82,250.3 1 1
github.com/rcarmo/rdp-html5/internal/rdp/connect.go:252.2,252.12 1 1
github.com/rcarmo/rdp-html5/internal/rdp/connect.go:255.24,256.11 1 1
github.com/rcarmo/rdp-html5/internal/rdp/connect.go:256.11,258.3 1 1
github.com/rcarmo/rdp-html5/internal/rdp/connect.go:259.2,259.10 1 1
github.com/rcarmo/rdp-html5/internal/rdp/connect.go:262.36,267.19 2 1
github.com/rcarmo/rdp-html5/internal/rdp/connect.go:267.19,269.16 2 0
github.com/rcarmo/rdp-html5/internal/rdp/connect.go:269.16,269.59 1 0
github.com/rcarmo/rdp-html5/internal/rdp/connect.go:272.2,273.16 2 1
github.com/rcarmo/rdp-html5/internal/rdp/connect.go:273.16,276.39 2 1
github.com/rcarmo/rdp-html5/internal/rdp/connect.go:276.39,278.4 1 1
github.com/rcarmo/rdp-html5/internal/rdp/connect.go:279.3,279.50 1 1
github.com/rcarmo/rdp-html5/internal/rdp/connect.go:282.2,283.67 2 1
github.com/rcarmo/rdp-html5/internal/rdp/connect.go:283.67,285.3 1 0
github.com/rcarmo/rdp-html5/internal/rdp/connect.go:287.2,287.35 1 1
github.com/rcarmo/rdp-html5/internal/rdp/connect.go:287.35,289.3 1 1
github.com/rcarmo/rdp-html5/internal/rdp/connect.go:291.2,291.35 1 1
github.com/rcarmo/rdp-html5/internal/rdp/connect.go:291.35,293.3 1 0
github.com/rcarmo/rdp-html5/internal/rdp/connect.go:295.2,295.53 1 1
github.com/rcarmo/rdp-html5/internal/rdp/connect.go:295.53,297.3 1 0
github.com/rcarmo/rdp-html5/internal/rdp/connect.go:299.2,299.59 1 1
github.com/rcarmo/rdp-html5/internal/rdp/connect.go:299.59,301.3 1 0
github.com/rcarmo/rdp-html5/internal/rdp/connect.go:303.2,303.12 1 1
github.com/rcarmo/rdp-html5/internal/rdp/connection_finalization.go:10.49,14.100 3 1
github.com/rcarmo/rdp-html5/internal/rdp/connection_finalization.go:14.100,16.3 1 1
github.com/rcarmo/rdp-html5/internal/rdp/connection_finalization.go:18.2,19.105 2 1
github.com/rcarmo/rdp-html5/internal/rdp/connection_finalization.go:19.105,21.3 1 0
github.com/rcarmo/rdp-html5/internal/rdp/connection_finalization.go:23.2,24.110 2 1
github.com/rcarmo/rdp-html5/internal/rdp/connection_finalization.go:24.110,26.3 1 0
github.com/rcarmo/rdp-html5/internal/rdp/connection_finalization.go:28.2,31.16 3 1
github.com/rcarmo/rdp-html5/internal/rdp/connection_finalization.go:31.16,33.3 1 0
github.com/rcarmo/rdp-html5/internal/rdp/connection_finalization.go:35.2,45.109 2 1
github.com/rcarmo/rdp-html5/internal/rdp/connection_finalization.go:45.109,47.17 2 1
github.com/rcarmo/rdp-html5/internal/rdp/connection_finalization.go:47.17,49.4 1 1
github.com/rcarmo/rdp-html5/internal/rdp/connection_finalization.go:51.3,52.50 2 1
github.com/rcarmo/rdp-html5/internal/rdp/connection_finalization.go:52.50,54.4 1 0
github.com/rcarmo/rdp-html5/internal/rdp/connection_finalization.go:56.3,58.10 2 1
github.com/rcarmo/rdp-html5/internal/rdp/connection_finalization.go:59.33,60.36 1 1
github.com/rcarmo/rdp-html5/internal/rdp/connection_finalization.go:61.29,62.67 1 1
github.com/rcarmo/rdp-html5/internal/rdp/connection_finalization.go:62.67,64.5 1 1
github.com/rcarmo/rdp-html5/internal/rdp/connection_finalization.go:66.4,66.72 1 1
github.com/rcarmo/rdp-html5/internal/rdp/connection_finalization.go:66.72,68.5 1 1
github.com/rcarmo/rdp-html5/internal/rdp/connection_finalization.go:69.29,70.26 1 1
github.com/rcarmo/rdp-html5/internal/rdp/connection_finalization.go:71.31,72.82 1 0
github.com/rcarmo/rdp-html5/internal/rdp/connection_finalization.go:73.11,74.76 1 0
github.com/rcarmo/rdp-html5/internal/rdp/connection_finalization.go:78.2,78.24 1 1
github.com/rcarmo/rdp-html5/internal/rdp/connection_finalization.go:78.24,80.3 1 0
github.com/rcarmo/rdp-html5/internal/rdp/connection_finalization.go:82.2,82.12 1 1
github.com/rcarmo/rdp-html5/internal/rdp/display_control.go:30.70,34.2 1 0
github.com/rcarmo/rdp-html5/internal/rdp/display_control.go:37.69,42.2 4 0
github.com/rcarmo/rdp-html5/internal/rdp/display_control.go:45.48,49.2 3 0
github.com/rcarmo/rdp-html5/internal/rdp/display_control.go:52.69,56.2 3 0
github.com/rcarmo/rdp-html5/internal/rdp/display_control.go:59.66,60.19 1 0
github.com/rcarmo/rdp-html5/internal/rdp/display_control.go:60.19,62.3 1 0
github.com/rcarmo/rdp-html5/internal/rdp/display_control.go:64.2,65.16 2 0
github.com/rcarmo/rdp-html5/internal/rdp/display_control.go:65.16,67.3 1 0
github.com/rcarmo/rdp-html5/internal/rdp/display_control.go:69.2,69.13 1 0
github.com/rcarmo/rdp-html5/internal/rdp/display_control.go:70.29,71.28 1 0
github.com/rcarmo/rdp-html5/internal/rdp/display_control.go:72.25,73.51 1 0
github.com/rcarmo/rdp-html5/internal/rdp/display_control.go:74.45,75.41 1 0
github.com/rcarmo/rdp-html5/internal/rdp/display_control.go:76.24,77.42 1 0
github.com/rcarmo/rdp-html5/internal/rdp/display_control.go:78.10,80.13 1 0
github.com/rcarmo/rdp-html5/internal/rdp/display_control.go:85.63,87.64 2 0
github.com/rcarmo/rdp-html5/internal/rdp/display_control.go:87.64,89.3 1 0
github.com/rcarmo/rdp-html5/internal/rdp/display_control.go:91.2,97.44 5 0
github.com/rcarmo/rdp-html5/internal/rdp/display_control.go:101.87,103.72 2 0
github.com/rcarmo/rdp-html5/internal/rdp/display_control.go:103.72,105.3 1 0
github.com/rcarmo/rdp-html5/internal/rdp/display_control.go:107.2,110.22 3 0
github.com/rcarmo/rdp-html5/internal/rdp/display_control.go:110.22,113.3 1 0
github.com/rcarmo/rdp-html5/internal/rdp/display_control.go:115.2,115.12 1 0
github.com/rcarmo/rdp-html5/internal/rdp/display_control.go:119.77,121.16 2 0
github.com/rcarmo/rdp-html5/internal/rdp/display_control.go:121.16,123.3 1 0
github.com/rcarmo/rdp-html5/internal/rdp/display_control.go:125.2,126.34 2 0
github.com/rcarmo/rdp-html5/internal/rdp/display_control.go:126.34,129.3 2 0
github.com/rcarmo/rdp-html5/internal/rdp/display_control.go:130.2,133.24 2 0
github.com/rcarmo/rdp-html5/internal/rdp/display_control.go:133.24,135.3 1 0
github.com/rcarmo/rdp-html5/internal/rdp/display_control.go:137.2,138.16 2 0
github.com/rcarmo/rdp-html5/internal/rdp/display_control.go:138.16,140.3 1 0
github.com/rcarmo/rdp-html5/internal/rdp/display_control.go:142.2,142.37 1 0
github.com/rcarmo/rdp-html5/internal/rdp/display_control.go:142.37,144.70 2 0
github.com/rcarmo/rdp-html5/internal/rdp/display_control.go:144.70,146.4 1 0
github.com/rcarmo/rdp-html5/internal/rdp/display_control.go:148.3,153.19 4 0
github.com/rcarmo/rdp-html5/internal/rdp/display_control.go:153.19,159.4 5 0
github.com/rcarmo/rdp-html5/internal/rdp/display_control.go:160.3,160.16 1 0
github.com/rcarmo/rdp-html5/internal/rdp/display_control.go:163.2,163.12 1 0
github.com/rcarmo/rdp-html5/internal/rdp/display_control.go:167.78,169.16 2 0
github.com/rcarmo/rdp-html5/internal/rdp/display_control.go:169.16,171.3 1 0
github.com/rcarmo/rdp-html5/internal/rdp/display_control.go:173.2,176.34 3 0
github.com/rcarmo/rdp-html5/internal/rdp/display_control.go:176.34,179.3 2 0
github.com/rcarmo/rdp-html5/internal/rdp/display_control.go:181.2,181.12 1 0
github.com/rcarmo/rdp-html5/internal/rdp/display_control.go:185.70,197.2 6 0
github.com/rcarmo/rdp-html5/internal/rdp/display_control.go:200.75,202.14 2 0
github.com/rcarmo/rdp-html5/internal/rdp/display_control.go:202.14,209.3 5 0
github.com/rcarmo/rdp-html5/internal/rdp/display_control.go:212.2,212.19 1 0
github.com/rcarmo/rdp-html5/internal/rdp/display_control.go:212.19,214.44 2 0
github.com/rcarmo/rdp-html5/internal/rdp/display_control.go:214.44,217.4 2 0
github.com/rcarmo/rdp-html5/internal/rdp/display_control.go:220.2,233.43 6 0
github.com/rcarmo/rdp-html5/internal/rdp/display_control.go:237.64,243.20 5 0
github.com/rcarmo/rdp-html5/internal/rdp/display_control.go:243.20,245.3 1 0
github.com/rcarmo/rdp-html5/internal/rdp/display_control.go:248.2,259.55 6 0
github.com/rcarmo/rdp-html5/internal/rdp/display_control.go:263.71,265.2 1 0
github.com/rcarmo/rdp-html5/internal/rdp/frame_ack.go:8.61,11.2 2 1
github.com/rcarmo/rdp-html5/internal/rdp/get_update.go:22.47,24.36 1 1
github.com/rcarmo/rdp-html5/internal/rdp/get_update.go:24.36,28.3 3 1
github.com/rcarmo/rdp-html5/internal/rdp/get_update.go:30.2,31.16 2 0
github.com/rcarmo/rdp-html5/internal/rdp/get_update.go:31.16,33.3 1 0
github.com/rcarmo/rdp-html5/internal/rdp/get_update.go:35.2,37.23 2 0
github.com/rcarmo/rdp-html5/internal/rdp/get_update.go:37.23,39.10 2 0
github.com/rcarmo/rdp-html5/internal/rdp/get_update.go:40.19,41.21 1 0
github.com/rcarmo/rdp-html5/internal/rdp/get_update.go:41.21,44.5 1 0
github.com/rcarmo/rdp-html5/internal/rdp/get_update.go:46.4,46.24 1 0
github.com/rcarmo/rdp-html5/internal/rdp/get_update.go:47.45,48.19 1 0
github.com/rcarmo/rdp-html5/internal/rdp/get_update.go:50.11,51.55 1 0
github.com/rcarmo/rdp-html5/internal/rdp/get_update.go:55.2,56.16 2 0
github.com/rcarmo/rdp-html5/internal/rdp/get_update.go:56.16,58.3 1 0
github.com/rcarmo/rdp-html5/internal/rdp/get_update.go:65.2,65.42 1 0
github.com/rcarmo/rdp-html5/internal/rdp/get_update.go:83.51,85.16 2 1
github.com/rcarmo/rdp-html5/internal/rdp/get_update.go:85.16,87.3 1 1
github.com/rcarmo/rdp-html5/internal/rdp/get_update.go:89.2,89.41 1 1
github.com/rcarmo/rdp-html5/internal/rdp/get_update.go:89.41,91.17 2 1
github.com/rcarmo/rdp-html5/internal/rdp/get_update.go:91.17,93.4 1 0
github.com/rcarmo/rdp-html5/internal/rdp/get_update.go:95.3,95.18 1 1
github.com/rcarmo/rdp-html5/internal/rdp/get_update.go:99.2,99.54 1 1
github.com/rcarmo/rdp-html5/internal/rdp/get_update.go:99.54,100.28 1 1
github.com/rcarmo/rdp-html5/internal/rdp/get_update.go:100.28,103.49 2 1
github.com/rcarmo/rdp-html5/internal/rdp/get_update.go:103.49,106.5 2 0
github.com/rcarmo/rdp-html5/internal/rdp/get_update.go:107.4,107.72 1 1
github.com/rcarmo/rdp-html5/internal/rdp/get_update.go:107.72,109.5 1 0
github.com/rcarmo/rdp-html5/internal/rdp/get_update.go:111.3,111.18 1 1
github.com/rcarmo/rdp-html5/internal/rdp/get_update.go:115.2,115.54 1 1
github.com/rcarmo/rdp-html5/internal/rdp/get_update.go:115.54,116.30 1 0
github.com/rcarmo/rdp-html5/internal/rdp/get_update.go:116.30,118.49 2 0
github.com/rcarmo/rdp-html5/internal/rdp/get_update.go:118.49,121.5 2 0
github.com/rcarmo/rdp-html5/internal/rdp/get_update.go:123.4,124.21 2 0
github.com/rcarmo/rdp-html5/internal/rdp/get_update.go:124.21,125.68 1 0
github.com/rcarmo/rdp-html5/internal/rdp/get_update.go:125.68,127.6 1 0
github.com/rcarmo/rdp-html5/internal/rdp/get_update.go:130.3,130.18 1 0
github.com/rcarmo/rdp-html5/internal/rdp/get_update.go:134.2,135.60 2 1
github.com/rcarmo/rdp-html5/internal/rdp/get_update.go:135.60,137.3 1 0
github.com/rcarmo/rdp-html5/internal/rdp/get_update.go:139.2,139.50 1 1
github.com/rcarmo/rdp-html5/internal/rdp/get_update.go:139.50,141.3 1 1
github.com/rcarmo/rdp-html5/internal/rdp/get_update.go:144.2,152.73 8 1
github.com/rcarmo/rdp-html5/internal/rdp/get_update.go:152.73,154.3 1 0
github.com/rcarmo/rdp-html5/internal/rdp/get_update.go:155.2,155.73 1 1
github.com/rcarmo/rdp-html5/internal/rdp/get_update.go:155.73,157.3 1 0
github.com/rcarmo/rdp-html5/internal/rdp/get_update.go:158.2,158.74 1 1
github.com/rcarmo/rdp-html5/internal/rdp/get_update.go:158.74,160.3 1 0
github.com/rcarmo/rdp-html5/internal/rdp/get_update.go:161.2,161.84 1 1
github.com/rcarmo/rdp-html5/internal/rdp/get_update.go:161.84,163.3 1 0
github.com/rcarmo/rdp-html5/internal/rdp/get_update.go:164.2,164.74 1 1
github.com/rcarmo/rdp-html5/internal/rdp/get_update.go:164.74,166.3 1 0
github.com/rcarmo/rdp-html5/internal/rdp/get_update.go:167.2,167.80 1 1
github.com/rcarmo/rdp-html5/internal/rdp/get_update.go:167.80,169.3 1 0
github.com/rcarmo/rdp-html5/internal/rdp/get_update.go:170.2,170.82 1 1
github.com/rcarmo/rdp-html5/internal/rdp/get_update.go:170.82,172.3 1 0
github.com/rcarmo/rdp-html5/internal/rdp/get_update.go:175.2,175.25 1 1
github.com/rcarmo/rdp-html5/internal/rdp/get_update.go:175.25,177.3 1 1
github.com/rcarmo/rdp-html5/internal/rdp/get_update.go:180.2,180.28 1 1
github.com/rcarmo/rdp-html5/internal/rdp/get_update.go:180.28,182.53 2 1
github.com/rcarmo/rdp-html5/internal/rdp/get_update.go:182.53,184.4 1 0
github.com/rcarmo/rdp-html5/internal/rdp/get_update.go:184.9,186.4 1 1
github.com/rcarmo/rdp-html5/internal/rdp/get_update.go:189.2,189.17 1 1
github.com/rcarmo/rdp-html5/internal/rdp/get_update.go:192.80,195.76 2 1
github.com/rcarmo/rdp-html5/internal/rdp/get_update.go:195.76,197.3 1 0
github.com/rcarmo/rdp-html5/internal/rdp/get_update.go:200.2,201.64 2 1
github.com/rcarmo/rdp-html5/internal/rdp/get_update.go:201.64,203.3 1 0
github.com/rcarmo/rdp-html5/internal/rdp/get_update.go:204.2,211.20 3 1
github.com/rcarmo/rdp-html5/internal/rdp/get_update.go:212.32,213.42 1 1
github.com/rcarmo/rdp-html5/internal/rdp/get_update.go:214.33,215.43 1 1
github.com/rcarmo/rdp-html5/internal/rdp/get_update.go:216.37,217.47 1 1
github.com/rcarmo/rdp-html5/internal/rdp/get_update.go:218.10,220.18 1 1
github.com/rcarmo/rdp-html5/internal/rdp/get_update.go:226.2,235.35 8 1
github.com/rcarmo/rdp-html5/internal/rdp/nla.go:22.63,28.6 4 1
github.com/rcarmo/rdp-html5/internal/rdp/nla.go:28.6,30.12 2 1
github.com/rcarmo/rdp-html5/internal/rdp/nla.go:30.12,32.23 2 1
github.com/rcarmo/rdp-html5/internal/rdp/nla.go:32.23,34.5 1 1
github.com/rcarmo/rdp-html5/internal/rdp/nla.go:35.4,35.33 1 1
github.com/rcarmo/rdp-html5/internal/rdp/nla.go:37.3,37.17 1 1
github.com/rcarmo/rdp-html5/internal/rdp/nla.go:37.17,38.21 1 1
github.com/rcarmo/rdp-html5/internal/rdp/nla.go:38.21,39.10 1 1
github.com/rcarmo/rdp-html5/internal/rdp/nla.go:41.4,41.19 1 0
github.com/rcarmo/rdp-html5/internal/rdp/nla.go:45.3,45.28 1 1
github.com/rcarmo/rdp-html5/internal/rdp/nla.go:45.28,46.9 1 1
github.com/rcarmo/rdp-html5/internal/rdp/nla.go:49.2,49.17 1 1
github.com/rcarmo/rdp-html5/internal/rdp/nla.go:53.35,55.43 1 0
github.com/rcarmo/rdp-html5/internal/rdp/nla.go:55.43,57.3 1 0
github.com/rcarmo/rdp-html5/internal/rdp/nla.go:60.2,68.50 5 0
github.com/rcarmo/rdp-html5/internal/rdp/nla.go:68.50,70.3 1 0
github.com/rcarmo/rdp-html5/internal/rdp/nla.go:73.2,76.47 3 0
github.com/rcarmo/rdp-html5/internal/rdp/nla.go:76.47,78.3 1 0
github.com/rcarmo/rdp-html5/internal/rdp/nla.go:79.2,83.16 3 0
github.com/rcarmo/rdp-html5/internal/rdp/nla.go:83.16,85.3 1 0
github.com/rcarmo/rdp-html5/internal/rdp/nla.go:86.2,89.16 3 0
github.com/rcarmo/rdp-html5/internal/rdp/nla.go:89.16,91.3 1 0
github.com/rcarmo/rdp-html5/internal/rdp/nla.go:92.2,94.33 2 0
github.com/rcarmo/rdp-html5/internal/rdp/nla.go:94.33,96.3 1 0
github.com/rcarmo/rdp-html5/internal/rdp/nla.go:99.2,100.38 2 0
github.com/rcarmo/rdp-html5/internal/rdp/nla.go:100.38,102.3 1 0
github.com/rcarmo/rdp-html5/internal/rdp/nla.go:105.2,106.16 2 0
github.com/rcarmo/rdp-html5/internal/rdp/nla.go:106.16,108.3 1 0
github.com/rcarmo/rdp-html5/internal/rdp/nla.go:109.2,114.25 3 0
github.com/rcarmo/rdp-html5/internal/rdp/nla.go:114.25,117.3 2 0
github.com/rcarmo/rdp-html5/internal/rdp/nla.go:117.8,120.3 2 0
github.com/rcarmo/rdp-html5/internal/rdp/nla.go:122.2,127.47 4 0
github.com/rcarmo/rdp-html5/internal/rdp/nla.go:127.47,129.3 1 0
github.com/rcarmo/rdp-html5/internal/rdp/nla.go:130.2,134.16 3 0
github.com/rcarmo/rdp-html5/internal/rdp/nla.go:134.16,136.3 1 0
github.com/rcarmo/rdp-html5/internal/rdp/nla.go:137.2,140.16 3 0
github.com/rcarmo/rdp-html5/internal/rdp/nla.go:140.16,142.3 1 0
github.com/rcarmo/rdp-html5/internal/rdp/nla.go:145.2,145.32 1 0
github.com/rcarmo/rdp-html5/internal/rdp/nla.go:145.32,147.33 2 0
github.com/rcarmo/rdp-html5/internal/rdp/nla.go:147.33,149.4 1 0
github.com/rcarmo/rdp-html5/internal/rdp/nla.go:150.3,153.93 2 0
github.com/rcarmo/rdp-html5/internal/rdp/nla.go:153.93,155.4 1 0
github.com/rcarmo/rdp-html5/internal/rdp/nla.go:156.3,156.64 1 0
github.com/rcarmo/rdp-html5/internal/rdp/nla.go:161.2,167.47 6 0
github.com/rcarmo/rdp-html5/internal/rdp/nla.go:167.47,169.3 1 0
github.com/rcarmo/rdp-html5/internal/rdp/nla.go:170.2,175.78 2 0
github.com/rcarmo/rdp-html5/internal/rdp/nla.go:175.78,177.3 1 0
github.com/rcarmo/rdp-html5/internal/rdp/nla.go:179.2,181.16 3 0
github.com/rcarmo/rdp-html5/internal/rdp/nla.go:181.16,183.52 1 0
github.com/rcarmo/rdp-html5/internal/rdp/nla.go:183.52,186.80 2 0
github.com/rcarmo/rdp-html5/internal/rdp/nla.go:186.80,188.5 1 0
github.com/rcarmo/rdp-html5/internal/rdp/nla.go:189.4,189.14 1 0
github.com/rcarmo/rdp-html5/internal/rdp/nla.go:192.3,194.79 2 0
github.com/rcarmo/rdp-html5/internal/rdp/nla.go:194.79,196.4 1 0
github.com/rcarmo/rdp-html5/internal/rdp/nla.go:197.3,197.13 1 0
github.com/rcarmo/rdp-html5/internal/rdp/nla.go:201.2,201.78 1 0
github.com/rcarmo/rdp-html5/internal/rdp/nla.go:201.78,203.3 1 0
github.com/rcarmo/rdp-html5/internal/rdp/nla.go:206.2,206.16 1 0
github.com/rcarmo/rdp-html5/internal/rdp/nla.go:206.16,209.17 3 0
github.com/rcarmo/rdp-html5/internal/rdp/nla.go:209.17,210.34 1 0
github.com/rcarmo/rdp-html5/internal/rdp/nla.go:210.34,212.5 1 0
github.com/rcarmo/rdp-html5/internal/rdp/nla.go:213.4,213.92 1 0
github.com/rcarmo/rdp-html5/internal/rdp/nla.go:217.2,217.12 1 0
github.com/rcarmo/rdp-html5/internal/rdp/nla.go:221.41,226.16 4 0
github.com/rcarmo/rdp-html5/internal/rdp/nla.go:226.16,229.17 3 0
github.com/rcarmo/rdp-html5/internal/rdp/nla.go:229.17,231.4 1 0
github.com/rcarmo/rdp-html5/internal/rdp/nla.go:234.2,234.16 1 0
github.com/rcarmo/rdp-html5/internal/rdp/nla.go:234.16,235.26 1 0
github.com/rcarmo/rdp-html5/internal/rdp/nla.go:235.26,237.4 1 0
github.com/rcarmo/rdp-html5/internal/rdp/nla.go:238.3,238.23 1 0
github.com/rcarmo/rdp-html5/internal/rdp/nla.go:238.23,240.4 1 0
github.com/rcarmo/rdp-html5/internal/rdp/nla.go:243.2,243.22 1 0
github.com/rcarmo/rdp-html5/internal/rdp/nla.go:243.22,245.3 1 0
github.com/rcarmo/rdp-html5/internal/rdp/nla.go:249.2,256.32 2 0
github.com/rcarmo/rdp-html5/internal/rdp/nla.go:256.32,257.20 1 0
github.com/rcarmo/rdp-html5/internal/rdp/nla.go:257.20,260.32 3 0
github.com/rcarmo/rdp-html5/internal/rdp/nla.go:260.32,262.5 1 0
github.com/rcarmo/rdp-html5/internal/rdp/nla.go:264.3,264.33 1 0
github.com/rcarmo/rdp-html5/internal/rdp/nla.go:264.33,266.4 1 0
github.com/rcarmo/rdp-html5/internal/rdp/nla.go:269.2,271.46 2 0
github.com/rcarmo/rdp-html5/internal/rdp/nla.go:271.46,274.3 2 0
github.com/rcarmo/rdp-html5/internal/rdp/nla.go:276.2,276.44 1 0
github.com/rcarmo/rdp-html5/internal/rdp/nla.go:276.44,277.92 1 0
github.com/rcarmo/rdp-html5/internal/rdp/nla.go:277.92,279.4 1 0
github.com/rcarmo/rdp-html5/internal/rdp/nla.go:280.3,280.53 1 0
github.com/rcarmo/rdp-html5/internal/rdp/nla.go:283.2,283.46 1 0
github.com/rcarmo/rdp-html5/internal/rdp/nla.go:283.46,286.3 2 0
github.com/rcarmo/rdp-html5/internal/rdp/nla.go:288.2,291.12 3 0
github.com/rcarmo/rdp-html5/internal/rdp/nla.go:298.52,300.9 2 0
github.com/rcarmo/rdp-html5/internal/rdp/nla.go:300.9,302.3 1 0
github.com/rcarmo/rdp-html5/internal/rdp/nla.go:304.2,305.38 2 0
github.com/rcarmo/rdp-html5/internal/rdp/nla.go:305.38,307.3 1 0
github.com/rcarmo/rdp-html5/internal/rdp/nla.go:309.2,318.19 3 0
github.com/rcarmo/rdp-html5/internal/rdp/nla.go:318.19,320.3 1 0
github.com/rcarmo/rdp-html5/internal/rdp/nla.go:323.2,323.21 1 0
github.com/rcarmo/rdp-html5/internal/rdp/nla.go:323.21,325.3 1 0
github.com/rcarmo/rdp-html5/internal/rdp/nla.go:328.2,331.46 4 0
github.com/rcarmo/rdp-html5/internal/rdp/nla.go:331.46,333.3 1 0
github.com/rcarmo/rdp-html5/internal/rdp/nla.go:336.2,336.26 1 0
github.com/rcarmo/rdp-html5/internal/rdp/nla.go:336.26,338.3 1 0
github.com/rcarmo/rdp-html5/internal/rdp/nla.go:339.2,343.49 3 0
github.com/rcarmo/rdp-html5/internal/rdp/nla.go:343.49,345.3 1 0
github.com/rcarmo/rdp-html5/internal/rdp/nla.go:346.2,351.34 4 0
github.com/rcarmo/rdp-html5/internal/rdp/nla.go:351.34,353.3 1 0
github.com/rcarmo/rdp-html5/internal/rdp/nla.go:357.2,357.19 1 0
github.com/rcarmo/rdp-html5/internal/rdp/nla.go:357.19,359.3 1 0
github.com/rcarmo/rdp-html5/internal/rdp/nla.go:360.2,364.45 3 0
github.com/rcarmo/rdp-html5/internal/rdp/nla.go:369.46,370.20 1 1
github.com/rcarmo/rdp-html5/internal/rdp/nla.go:370.20,372.3 1 1
github.com/rcarmo/rdp-html5/internal/rdp/nla.go:373.2,373.19 1 1
github.com/rcarmo/rdp-html5/internal/rdp/nla.go:373.19,375.3 1 1
github.com/rcarmo/rdp-html5/internal/rdp/nla.go:376.2,377.60 2 1
github.com/rcarmo/rdp-html5/internal/rdp/nla.go:377.60,379.3 1 1
github.com/rcarmo/rdp-html5/internal/rdp/nla.go:380.2,381.32 2 1
github.com/rcarmo/rdp-html5/internal/rdp/nla.go:381.32,383.3 1 1
github.com/rcarmo/rdp-html5/internal/rdp/nla.go:384.2,384.29 1 1
github.com/rcarmo/rdp-html5/internal/rdp/nla.go:388.58,392.53 2 1
github.com/rcarmo/rdp-html5/internal/rdp/nla.go:392.53,394.3 1 1
github.com/rcarmo/rdp-html5/internal/rdp/nla.go:397.2,397.52 1 1
github.com/rcarmo/rdp-html5/internal/rdp/nla.go:397.52,399.3 1 1
github.com/rcarmo/rdp-html5/internal/rdp/nla.go:402.2,402.27 1 1
github.com/rcarmo/rdp-html5/internal/rdp/rail.go:38.51,39.24 1 1
github.com/rcarmo/rdp-html5/internal/rdp/rail.go:39.24,41.3 1 1
github.com/rcarmo/rdp-html5/internal/rdp/rail.go:43.2,48.47 2 1
github.com/rcarmo/rdp-html5/internal/rdp/rail.go:48.47,50.3 1 1
github.com/rcarmo/rdp-html5/internal/rdp/rail.go:52.2,52.49 1 1
github.com/rcarmo/rdp-html5/internal/rdp/rail.go:52.49,54.3 1 1
github.com/rcarmo/rdp-html5/internal/rdp/rail.go:56.2,56.21 1 1
github.com/rcarmo/rdp-html5/internal/rdp/rail.go:57.29,58.33 1 0
github.com/rcarmo/rdp-html5/internal/rdp/rail.go:59.27,60.46 1 1
github.com/rcarmo/rdp-html5/internal/rdp/rail.go:63.2,63.12 1 1
github.com/rcarmo/rdp-html5/internal/rdp/rail.go:162.40,165.30 2 1
github.com/rcarmo/rdp-html5/internal/rdp/rail.go:166.26,167.42 1 1
github.com/rcarmo/rdp-html5/internal/rdp/rail.go:168.21,169.46 1 1
github.com/rcarmo/rdp-html5/internal/rdp/rail.go:170.25,171.56 1 1
github.com/rcarmo/rdp-html5/internal/rdp/rail.go:174.2,182.20 6 1
github.com/rcarmo/rdp-html5/internal/rdp/rail.go:186.55,190.16 3 1
github.com/rcarmo/rdp-html5/internal/rdp/rail.go:190.16,192.3 1 1
github.com/rcarmo/rdp-html5/internal/rdp/rail.go:194.2,195.16 2 1
github.com/rcarmo/rdp-html5/internal/rdp/rail.go:195.16,197.3 1 1
github.com/rcarmo/rdp-html5/internal/rdp/rail.go:199.2,199.30 1 1
github.com/rcarmo/rdp-html5/internal/rdp/rail.go:200.26,203.48 2 1
github.com/rcarmo/rdp-html5/internal/rdp/rail.go:204.25,207.55 2 1
github.com/rcarmo/rdp-html5/internal/rdp/rail.go:208.27,211.49 2 1
github.com/rcarmo/rdp-html5/internal/rdp/rail.go:214.2,214.12 1 1
github.com/rcarmo/rdp-html5/internal/rdp/rail.go:224.44,231.2 4 1
github.com/rcarmo/rdp-html5/internal/rdp/rail.go:234.59,239.16 4 1
github.com/rcarmo/rdp-html5/internal/rdp/rail.go:239.16,241.3 1 1
github.com/rcarmo/rdp-html5/internal/rdp/rail.go:242.2,245.16 3 1
github.com/rcarmo/rdp-html5/internal/rdp/rail.go:245.16,247.3 1 1
github.com/rcarmo/rdp-html5/internal/rdp/rail.go:249.2,249.12 1 1
github.com/rcarmo/rdp-html5/internal/rdp/rail.go:258.37,270.2 1 1
github.com/rcarmo/rdp-html5/internal/rdp/rail.go:273.49,279.2 3 1
github.com/rcarmo/rdp-html5/internal/rdp/rail.go:282.64,284.16 2 1
github.com/rcarmo/rdp-html5/internal/rdp/rail.go:284.16,286.3 1 1
github.com/rcarmo/rdp-html5/internal/rdp/rail.go:288.2,288.12 1 1
github.com/rcarmo/rdp-html5/internal/rdp/rail.go:297.38,309.2 1 1
github.com/rcarmo/rdp-html5/internal/rdp/rail.go:312.50,318.2 3 1
github.com/rcarmo/rdp-html5/internal/rdp/rail.go:327.81,340.2 1 1
github.com/rcarmo/rdp-html5/internal/rdp/rail.go:343.63,350.2 4 1
github.com/rcarmo/rdp-html5/internal/rdp/rail.go:352.48,359.16 4 0
github.com/rcarmo/rdp-html5/internal/rdp/rail.go:359.16,361.3 1 0
github.com/rcarmo/rdp-html5/internal/rdp/rail.go:363.2,365.16 3 0
github.com/rcarmo/rdp-html5/internal/rdp/rail.go:365.16,367.3 1 0
github.com/rcarmo/rdp-html5/internal/rdp/rail.go:369.2,371.31 2 0
github.com/rcarmo/rdp-html5/internal/rdp/rail.go:381.71,385.16 3 1
github.com/rcarmo/rdp-html5/internal/rdp/rail.go:385.16,387.3 1 1
github.com/rcarmo/rdp-html5/internal/rdp/rail.go:389.2,390.16 2 1
github.com/rcarmo/rdp-html5/internal/rdp/rail.go:390.16,392.3 1 1
github.com/rcarmo/rdp-html5/internal/rdp/rail.go:394.2,394.12 1 1
github.com/rcarmo/rdp-html5/internal/rdp/rail.go:406.66,420.2 1 1
github.com/rcarmo/rdp-html5/internal/rdp/rail.go:423.53,444.2 15 1
github.com/rcarmo/rdp-html5/internal/rdp/rail.go:446.45,452.2 3 0
github.com/rcarmo/rdp-html5/internal/rdp/rail.go:463.65,467.16 3 1
github.com/rcarmo/rdp-html5/internal/rdp/rail.go:467.16,469.3 1 1
github.com/rcarmo/rdp-html5/internal/rdp/rail.go:471.2,472.16 2 1
github.com/rcarmo/rdp-html5/internal/rdp/rail.go:472.16,474.3 1 1
github.com/rcarmo/rdp-html5/internal/rdp/rail.go:476.2,477.16 2 1
github.com/rcarmo/rdp-html5/internal/rdp/rail.go:477.16,479.3 1 0
github.com/rcarmo/rdp-html5/internal/rdp/rail.go:481.2,483.16 3 1
github.com/rcarmo/rdp-html5/internal/rdp/rail.go:483.16,485.3 1 0
github.com/rcarmo/rdp-html5/internal/rdp/rail.go:487.2,489.16 3 1
github.com/rcarmo/rdp-html5/internal/rdp/rail.go:489.16,491.3 1 0
github.com/rcarmo/rdp-html5/internal/rdp/rail.go:493.2,495.16 3 1
github.com/rcarmo/rdp-html5/internal/rdp/rail.go:495.16,497.3 1 0
github.com/rcarmo/rdp-html5/internal/rdp/rail.go:498.2,500.12 2 1
github.com/rcarmo/rdp-html5/internal/rdp/rail.go:503.61,510.2 2 1
github.com/rcarmo/rdp-html5/internal/rdp/read.go:4.46,6.2 1 1
github.com/rcarmo/rdp-html5/internal/rdp/refresh_rect.go:10.42,42.2 12 1
github.com/rcarmo/rdp-html5/internal/rdp/refresh_rect.go:45.89,67.2 11 1
github.com/rcarmo/rdp-html5/internal/rdp/refresh_rect.go:70.84,85.2 8 1
github.com/rcarmo/rdp-html5/internal/rdp/remote_app.go:5.61,13.2 3 1
github.com/rcarmo/rdp-html5/internal/rdp/send_input_event.go:6.52,8.2 1 1
github.com/rcarmo/rdp-html5/internal/rdp/tls.go:16.35,25.16 6 0
github.com/rcarmo/rdp-html5/internal/rdp/tls.go:25.16,28.17 3 0
github.com/rcarmo/rdp-html5/internal/rdp/tls.go:28.17,30.4 1 0
github.com/rcarmo/rdp-html5/internal/rdp/tls.go:33.2,33.16 1 0
github.com/rcarmo/rdp-html5/internal/rdp/tls.go:33.16,34.26 1 0
github.com/rcarmo/rdp-html5/internal/rdp/tls.go:34.26,36.4 1 0
github.com/rcarmo/rdp-html5/internal/rdp/tls.go:37.3,37.23 1 0
github.com/rcarmo/rdp-html5/internal/rdp/tls.go:37.23,39.4 1 0
github.com/rcarmo/rdp-html5/internal/rdp/tls.go:40.3,41.39 2 0
github.com/rcarmo/rdp-html5/internal/rdp/tls.go:41.39,43.4 1 0
github.com/rcarmo/rdp-html5/internal/rdp/tls.go:47.2,47.41 1 0
github.com/rcarmo/rdp-html5/internal/rdp/tls.go:47.41,49.3 1 0
github.com/rcarmo/rdp-html5/internal/rdp/tls.go:52.2,52.24 1 0
github.com/rcarmo/rdp-html5/internal/rdp/tls.go:52.24,55.3 2 0
github.com/rcarmo/rdp-html5/internal/rdp/tls.go:58.2,66.84 2 0
github.com/rcarmo/rdp-html5/internal/rdp/tls.go:66.84,68.20 1 0
github.com/rcarmo/rdp-html5/internal/rdp/tls.go:68.20,71.32 3 0
github.com/rcarmo/rdp-html5/internal/rdp/tls.go:71.32,73.5 1 0
github.com/rcarmo/rdp-html5/internal/rdp/tls.go:76.3,76.33 1 0
github.com/rcarmo/rdp-html5/internal/rdp/tls.go:76.33,78.4 1 0
github.com/rcarmo/rdp-html5/internal/rdp/tls.go:82.2,82.24 1 0
github.com/rcarmo/rdp-html5/internal/rdp/tls.go:82.24,87.3 2 0
github.com/rcarmo/rdp-html5/internal/rdp/tls.go:87.8,98.3 1 0
github.com/rcarmo/rdp-html5/internal/rdp/tls.go:100.2,103.46 2 0
github.com/rcarmo/rdp-html5/internal/rdp/tls.go:103.46,106.3 2 0
github.com/rcarmo/rdp-html5/internal/rdp/tls.go:108.2,108.44 1 0
github.com/rcarmo/rdp-html5/internal/rdp/tls.go:108.44,110.25 1 0
github.com/rcarmo/rdp-html5/internal/rdp/tls.go:110.25,112.4 1 0
github.com/rcarmo/rdp-html5/internal/rdp/tls.go:115.3,115.92 1 0
github.com/rcarmo/rdp-html5/internal/rdp/tls.go:115.92,117.4 1 0
github.com/rcarmo/rdp-html5/internal/rdp/tls.go:120.3,120.79 1 0
github.com/rcarmo/rdp-html5/internal/rdp/tls.go:120.79,122.4 1 0
github.com/rcarmo/rdp-html5/internal/rdp/tls.go:124.3,124.53 1 0
github.com/rcarmo/rdp-html5/internal/rdp/tls.go:128.2,128.46 1 0
github.com/rcarmo/rdp-html5/internal/rdp/tls.go:128.46,131.3 2 0
github.com/rcarmo/rdp-html5/internal/rdp/tls.go:134.2,144.12 5 0
github.com/rcarmo/rdp-html5/internal/rdp/tls.go:147.41,148.19 1 1
github.com/rcarmo/rdp-html5/internal/rdp/tls.go:148.19,150.3 1 1
github.com/rcarmo/rdp-html5/internal/rdp/tls.go:152.2,153.22 2 1
github.com/rcarmo/rdp-html5/internal/rdp/tls.go:153.22,155.3 1 1
github.com/rcarmo/rdp-html5/internal/rdp/tls.go:157.2,158.16 2 1
github.com/rcarmo/rdp-html5/internal/rdp/tls.go:158.16,161.21 2 1
github.com/rcarmo/rdp-html5/internal/rdp/tls.go:161.21,163.4 1 1
github.com/rcarmo/rdp-html5/internal/rdp/tls.go:163.9,165.4 1 0
github.com/rcarmo/rdp-html5/internal/rdp/tls.go:169.2,170.16 2 1
github.com/rcarmo/rdp-html5/internal/rdp/tls.go:170.16,172.3 1 0
github.com/rcarmo/rdp-html5/internal/rdp/tls.go:176.2,176.30 1 1
github.com/rcarmo/rdp-html5/internal/rdp/tls.go:176.30,178.3 1 1
github.com/rcarmo/rdp-html5/internal/rdp/tls.go:181.2,181.21 1 1
github.com/rcarmo/rdp-html5/internal/rdp/tls.go:181.21,183.3 1 1
github.com/rcarmo/rdp-html5/internal/rdp/tls.go:185.2,185.13 1 1
github.com/rcarmo/rdp-html5/internal/rdp/tls.go:188.58,189.17 1 1
github.com/rcarmo/rdp-html5/internal/rdp/tls.go:190.13,191.26 1 1
github.com/rcarmo/rdp-html5/internal/rdp/tls.go:192.13,193.26 1 1
github.com/rcarmo/rdp-html5/internal/rdp/tls.go:194.13,195.26 1 1
github.com/rcarmo/rdp-html5/internal/rdp/tls.go:196.13,197.26 1 1
github.com/rcarmo/rdp-html5/internal/rdp/tls.go:198.10,199.26 1 1
github.com/rcarmo/rdp-html5/internal/rdp/tls.go:203.46,204.17 1 0
github.com/rcarmo/rdp-html5/internal/rdp/tls.go:205.24,206.18 1 0
github.com/rcarmo/rdp-html5/internal/rdp/tls.go:207.24,208.18 1 0
github.com/rcarmo/rdp-html5/internal/rdp/tls.go:209.24,210.18 1 0
github.com/rcarmo/rdp-html5/internal/rdp/tls.go:211.24,212.18 1 0
github.com/rcarmo/rdp-html5/internal/rdp/tls.go:213.10,214.40 1 0
github.com/rcarmo/rdp-html5/internal/rdp/types.go:14.41,16.2 1 1
github.com/rcarmo/rdp-html5/internal/rdp/types.go:19.37,21.2 1 1
github.com/rcarmo/rdp-html5/internal/rdp/types.go:23.69,25.16 2 1
github.com/rcarmo/rdp-html5/internal/rdp/types.go:25.16,27.3 1 1
github.com/rcarmo/rdp-html5/internal/rdp/types.go:29.2,30.16 2 1
github.com/rcarmo/rdp-html5/internal/rdp/types.go:30.16,32.3 1 0
github.com/rcarmo/rdp-html5/internal/rdp/types.go:34.2,34.34 1 1
github.com/rcarmo/rdp-html5/internal/rdp/virtual_channels.go:47.47,54.2 4 1
github.com/rcarmo/rdp-html5/internal/rdp/virtual_channels.go:57.62,64.16 3 1
github.com/rcarmo/rdp-html5/internal/rdp/virtual_channels.go:64.16,66.3 1 1
github.com/rcarmo/rdp-html5/internal/rdp/virtual_channels.go:68.2,69.16 2 1
github.com/rcarmo/rdp-html5/internal/rdp/virtual_channels.go:69.16,71.3 1 1
github.com/rcarmo/rdp-html5/internal/rdp/virtual_channels.go:73.2,73.12 1 1
github.com/rcarmo/rdp-html5/internal/rdp/write.go:4.47,6.2 1 1
