mode: set
github.com/rcarmo/rdp-html5/internal/rdp/audio.go:25.52,30.2 1 1
github.com/rcarmo/rdp-html5/internal/rdp/audio.go:33.54,35.2 1 1
github.com/rcarmo/rdp-html5/internal/rdp/audio.go:38.33,40.2 1 1
github.com/rcarmo/rdp-html5/internal/rdp/audio.go:43.34,45.2 1 1
github.com/rcarmo/rdp-html5/internal/rdp/audio.go:48.41,50.2 1 1
github.com/rcarmo/rdp-html5/internal/rdp/audio.go:53.63,54.70 1 1
github.com/rcarmo/rdp-html5/internal/rdp/audio.go:54.70,56.3 1 1
github.com/rcarmo/rdp-html5/internal/rdp/audio.go:57.2,57.12 1 1
github.com/rcarmo/rdp-html5/internal/rdp/audio.go:61.61,62.16 1 1
github.com/rcarmo/rdp-html5/internal/rdp/audio.go:62.16,64.3 1 1
github.com/rcarmo/rdp-html5/internal/rdp/audio.go:67.2,68.16 2 1
github.com/rcarmo/rdp-html5/internal/rdp/audio.go:68.16,70.3 1 1
github.com/rcarmo/rdp-html5/internal/rdp/audio.go:73.2,74.15 2 1
github.com/rcarmo/rdp-html5/internal/rdp/audio.go:74.15,76.3 1 0
github.com/rcarmo/rdp-html5/internal/rdp/audio.go:79.2,79.27 1 1
github.com/rcarmo/rdp-html5/internal/rdp/audio.go:79.27,81.3 1 0
github.com/rcarmo/rdp-html5/internal/rdp/audio.go:83.2,85.46 3 1
github.com/rcarmo/rdp-html5/internal/rdp/audio.go:85.46,87.3 1 0
github.com/rcarmo/rdp-html5/internal/rdp/audio.go:89.2,91.24 2 1
github.com/rcarmo/rdp-html5/internal/rdp/audio.go:92.25,93.37 1 1
github.com/rcarmo/rdp-html5/internal/rdp/audio.go:94.26,95.32 1 1
github.com/rcarmo/rdp-html5/internal/rdp/audio.go:96.22,97.28 1 0
github.com/rcarmo/rdp-html5/internal/rdp/audio.go:98.23,99.29 1 1
github.com/rcarmo/rdp-html5/internal/rdp/audio.go:100.23,102.13 2 0
github.com/rcarmo/rdp-html5/internal/rdp/audio.go:103.10,104.78 1 1
github.com/rcarmo/rdp-html5/internal/rdp/audio.go:107.2,107.12 1 1
github.com/rcarmo/rdp-html5/internal/rdp/audio.go:111.63,113.56 2 1
github.com/rcarmo/rdp-html5/internal/rdp/audio.go:113.56,115.3 1 0
github.com/rcarmo/rdp-html5/internal/rdp/audio.go:117.2,123.47 4 1
github.com/rcarmo/rdp-html5/internal/rdp/audio.go:123.47,126.48 2 0
github.com/rcarmo/rdp-html5/internal/rdp/audio.go:126.48,127.27 1 0
github.com/rcarmo/rdp-html5/internal/rdp/audio.go:127.27,129.5 1 0
github.com/rcarmo/rdp-html5/internal/rdp/audio.go:131.4,131.91 1 0
github.com/rcarmo/rdp-html5/internal/rdp/audio.go:131.91,133.5 1 0
github.com/rcarmo/rdp-html5/internal/rdp/audio.go:137.2,137.25 1 1
github.com/rcarmo/rdp-html5/internal/rdp/audio.go:137.25,140.3 2 1
github.com/rcarmo/rdp-html5/internal/rdp/audio.go:142.2,142.31 1 1
github.com/rcarmo/rdp-html5/internal/rdp/audio.go:142.31,145.3 2 1
github.com/rcarmo/rdp-html5/internal/rdp/audio.go:147.2,151.74 3 0
github.com/rcarmo/rdp-html5/internal/rdp/audio.go:155.93,158.33 2 0
github.com/rcarmo/rdp-html5/internal/rdp/audio.go:158.33,159.48 1 0
github.com/rcarmo/rdp-html5/internal/rdp/audio.go:159.48,161.4 1 0
github.com/rcarmo/rdp-html5/internal/rdp/audio.go:165.2,165.32 1 0
github.com/rcarmo/rdp-html5/internal/rdp/audio.go:165.32,167.3 1 0
github.com/rcarmo/rdp-html5/internal/rdp/audio.go:169.2,185.9 5 0
github.com/rcarmo/rdp-html5/internal/rdp/audio.go:185.9,188.3 2 0
github.com/rcarmo/rdp-html5/internal/rdp/audio.go:190.2,190.64 1 0
github.com/rcarmo/rdp-html5/internal/rdp/audio.go:194.58,196.51 2 1
github.com/rcarmo/rdp-html5/internal/rdp/audio.go:196.51,198.3 1 1
github.com/rcarmo/rdp-html5/internal/rdp/audio.go:200.2,211.9 5 0
github.com/rcarmo/rdp-html5/internal/rdp/audio.go:211.9,213.3 1 0
github.com/rcarmo/rdp-html5/internal/rdp/audio.go:215.2,215.64 1 0
github.com/rcarmo/rdp-html5/internal/rdp/audio.go:219.54,221.51 2 0
github.com/rcarmo/rdp-html5/internal/rdp/audio.go:221.51,223.3 1 0
github.com/rcarmo/rdp-html5/internal/rdp/audio.go:225.2,233.44 4 0
github.com/rcarmo/rdp-html5/internal/rdp/audio.go:233.44,235.52 2 0
github.com/rcarmo/rdp-html5/internal/rdp/audio.go:235.52,237.4 1 0
github.com/rcarmo/rdp-html5/internal/rdp/audio.go:238.3,238.51 1 0
github.com/rcarmo/rdp-html5/internal/rdp/audio.go:242.2,242.64 1 0
github.com/rcarmo/rdp-html5/internal/rdp/audio.go:246.55,248.48 2 1
github.com/rcarmo/rdp-html5/internal/rdp/audio.go:248.48,250.3 1 1
github.com/rcarmo/rdp-html5/internal/rdp/audio.go:252.2,252.46 1 0
github.com/rcarmo/rdp-html5/internal/rdp/audio.go:252.46,254.49 2 0
github.com/rcarmo/rdp-html5/internal/rdp/audio.go:254.49,256.4 1 0
github.com/rcarmo/rdp-html5/internal/rdp/audio.go:257.3,257.50 1 0
github.com/rcarmo/rdp-html5/internal/rdp/audio.go:261.2,261.58 1 0
github.com/rcarmo/rdp-html5/internal/rdp/audio.go:265.79,275.9 4 0
github.com/rcarmo/rdp-html5/internal/rdp/audio.go:275.9,277.3 1 0
github.com/rcarmo/rdp-html5/internal/rdp/audio.go:279.2,279.64 1 0
github.com/rcarmo/rdp-html5/internal/rdp/audio.go:283.32,284.23 1 1
github.com/rcarmo/rdp-html5/internal/rdp/audio.go:284.23,286.3 1 0
github.com/rcarmo/rdp-html5/internal/rdp/audio.go:288.2,288.32 1 1
github.com/rcarmo/rdp-html5/internal/rdp/audio.go:288.32,289.32 1 1
github.com/rcarmo/rdp-html5/internal/rdp/audio.go:289.32,291.4 1 1
github.com/rcarmo/rdp-html5/internal/rdp/audio.go:293.2,296.25 3 1
github.com/rcarmo/rdp-html5/internal/rdp/audio.go:300.50,302.2 1 1
github.com/rcarmo/rdp-html5/internal/rdp/capabilities_exchange.go:7.47,9.16 2 1
github.com/rcarmo/rdp-html5/internal/rdp/capabilities_exchange.go:9.16,11.3 1 1
github.com/rcarmo/rdp-html5/internal/rdp/capabilities_exchange.go:13.2,14.46 2 1
github.com/rcarmo/rdp-html5/internal/rdp/capabilities_exchange.go:14.46,16.3 1 0
github.com/rcarmo/rdp-html5/internal/rdp/capabilities_exchange.go:18.2,23.77 4 1
github.com/rcarmo/rdp-html5/internal/rdp/client.go:80.20,82.38 1 1
github.com/rcarmo/rdp-html5/internal/rdp/client.go:82.38,84.3 1 1
github.com/rcarmo/rdp-html5/internal/rdp/client.go:86.2,104.16 4 1
github.com/rcarmo/rdp-html5/internal/rdp/client.go:104.16,106.3 1 1
github.com/rcarmo/rdp-html5/internal/rdp/client.go:108.2,115.16 6 0
github.com/rcarmo/rdp-html5/internal/rdp/client.go:119.71,122.2 2 1
github.com/rcarmo/rdp-html5/internal/rdp/client.go:125.41,127.12 2 1
github.com/rcarmo/rdp-html5/internal/rdp/client.go:127.12,129.3 1 1
github.com/rcarmo/rdp-html5/internal/rdp/client.go:129.8,131.3 1 1
github.com/rcarmo/rdp-html5/internal/rdp/client.go:142.44,143.14 1 1
github.com/rcarmo/rdp-html5/internal/rdp/client.go:144.19,145.19 1 1
github.com/rcarmo/rdp-html5/internal/rdp/client.go:146.20,147.20 1 1
github.com/rcarmo/rdp-html5/internal/rdp/client.go:148.25,149.26 1 1
github.com/rcarmo/rdp-html5/internal/rdp/client.go:150.22,151.22 1 1
github.com/rcarmo/rdp-html5/internal/rdp/client.go:152.10,153.46 1 1
github.com/rcarmo/rdp-html5/internal/rdp/client.go:177.64,182.48 2 1
github.com/rcarmo/rdp-html5/internal/rdp/client.go:182.48,183.35 1 1
github.com/rcarmo/rdp-html5/internal/rdp/client.go:184.36,185.41 1 1
github.com/rcarmo/rdp-html5/internal/rdp/client.go:185.41,190.5 2 1
github.com/rcarmo/rdp-html5/internal/rdp/client.go:191.37,192.42 1 1
github.com/rcarmo/rdp-html5/internal/rdp/client.go:192.42,194.5 1 1
github.com/rcarmo/rdp-html5/internal/rdp/client.go:195.35,196.40 1 1
github.com/rcarmo/rdp-html5/internal/rdp/client.go:196.40,198.5 1 1
github.com/rcarmo/rdp-html5/internal/rdp/client.go:199.45,200.31 1 1
github.com/rcarmo/rdp-html5/internal/rdp/client.go:201.42,202.47 1 1
github.com/rcarmo/rdp-html5/internal/rdp/client.go:202.47,203.77 1 1
github.com/rcarmo/rdp-html5/internal/rdp/client.go:203.77,205.6 1 1
github.com/rcarmo/rdp-html5/internal/rdp/client.go:207.49,208.54 1 1
github.com/rcarmo/rdp-html5/internal/rdp/client.go:208.54,210.5 1 1
github.com/rcarmo/rdp-html5/internal/rdp/client.go:211.42,212.28 1 1
github.com/rcarmo/rdp-html5/internal/rdp/client.go:213.46,214.32 1 1
github.com/rcarmo/rdp-html5/internal/rdp/client.go:218.2,218.13 1 1
github.com/rcarmo/rdp-html5/internal/rdp/close.go:4.32,5.24 1 1
github.com/rcarmo/rdp-html5/internal/rdp/close.go:5.24,7.3 1 1
github.com/rcarmo/rdp-html5/internal/rdp/close.go:9.2,9.19 1 1
github.com/rcarmo/rdp-html5/internal/rdp/close.go:9.19,11.3 1 0
github.com/rcarmo/rdp-html5/internal/rdp/close.go:12.2,12.23 1 1
github.com/rcarmo/rdp-html5/internal/rdp/connect.go:14.34,17.48 2 0
github.com/rcarmo/rdp-html5/internal/rdp/connect.go:17.48,19.3 1 0
github.com/rcarmo/rdp-html5/internal/rdp/connect.go:21.2,21.49 1 0
github.com/rcarmo/rdp-html5/internal/rdp/connect.go:21.49,23.3 1 0
github.com/rcarmo/rdp-html5/internal/rdp/connect.go:25.2,25.45 1 0
github.com/rcarmo/rdp-html5/internal/rdp/connect.go:25.45,27.3 1 0
github.com/rcarmo/rdp-html5/internal/rdp/connect.go:29.2,29.50 1 0
github.com/rcarmo/rdp-html5/internal/rdp/connect.go:29.50,31.3 1 0
github.com/rcarmo/rdp-html5/internal/rdp/connect.go:33.2,33.37 1 0
github.com/rcarmo/rdp-html5/internal/rdp/connect.go:33.37,35.3 1 0
github.com/rcarmo/rdp-html5/internal/rdp/connect.go:37.2,37.48 1 0
github.com/rcarmo/rdp-html5/internal/rdp/connect.go:37.48,39.3 1 0
github.com/rcarmo/rdp-html5/internal/rdp/connect.go:41.2,41.50 1 0
github.com/rcarmo/rdp-html5/internal/rdp/connect.go:41.50,43.3 1 0
github.com/rcarmo/rdp-html5/internal/rdp/connect.go:46.2,46.43 1 0
github.com/rcarmo/rdp-html5/internal/rdp/connect.go:46.43,49.3 1 0
github.com/rcarmo/rdp-html5/internal/rdp/connect.go:51.2,51.12 1 0
github.com/rcarmo/rdp-html5/internal/rdp/connect.go:54.47,60.14 3 0
github.com/rcarmo/rdp-html5/internal/rdp/connect.go:60.14,63.3 1 0
github.com/rcarmo/rdp-html5/internal/rdp/connect.go:65.2,76.66 3 0
github.com/rcarmo/rdp-html5/internal/rdp/connect.go:76.66,78.3 1 0
github.com/rcarmo/rdp-html5/internal/rdp/connect.go:80.2,80.46 1 0
github.com/rcarmo/rdp-html5/internal/rdp/connect.go:80.46,82.3 1 0
github.com/rcarmo/rdp-html5/internal/rdp/connect.go:84.2,84.27 1 0
github.com/rcarmo/rdp-html5/internal/rdp/connect.go:84.27,88.22 2 0
github.com/rcarmo/rdp-html5/internal/rdp/connect.go:89.49,90.146 1 0
github.com/rcarmo/rdp-html5/internal/rdp/connect.go:91.46,92.71 1 0
github.com/rcarmo/rdp-html5/internal/rdp/connect.go:93.58,94.69 1 0
github.com/rcarmo/rdp-html5/internal/rdp/connect.go:95.11,96.101 1 0
github.com/rcarmo/rdp-html5/internal/rdp/connect.go:100.2,108.30 4 0
github.com/rcarmo/rdp-html5/internal/rdp/connect.go:108.30,110.3 1 0
github.com/rcarmo/rdp-html5/internal/rdp/connect.go:113.2,113.27 1 0
github.com/rcarmo/rdp-html5/internal/rdp/connect.go:113.27,115.3 1 0
github.com/rcarmo/rdp-html5/internal/rdp/connect.go:118.2,118.27 1 0
github.com/rcarmo/rdp-html5/internal/rdp/connect.go:118.27,121.3 1 0
github.com/rcarmo/rdp-html5/internal/rdp/connect.go:122.2,122.40 1 0
github.com/rcarmo/rdp-html5/internal/rdp/connect.go:125.48,129.16 3 0
github.com/rcarmo/rdp-html5/internal/rdp/connect.go:129.16,131.3 1 0
github.com/rcarmo/rdp-html5/internal/rdp/connect.go:133.2,135.16 3 0
github.com/rcarmo/rdp-html5/internal/rdp/connect.go:135.16,137.3 1 0
github.com/rcarmo/rdp-html5/internal/rdp/connect.go:139.2,147.12 3 0
github.com/rcarmo/rdp-html5/internal/rdp/connect.go:150.73,151.27 1 1
github.com/rcarmo/rdp-html5/internal/rdp/connect.go:151.27,153.3 1 1
github.com/rcarmo/rdp-html5/internal/rdp/connect.go:155.2,155.41 1 1
github.com/rcarmo/rdp-html5/internal/rdp/connect.go:155.41,156.48 1 1
github.com/rcarmo/rdp-html5/internal/rdp/connect.go:156.48,158.4 1 1
github.com/rcarmo/rdp-html5/internal/rdp/connect.go:161.2,161.59 1 1
github.com/rcarmo/rdp-html5/internal/rdp/connect.go:164.44,166.16 2 1
github.com/rcarmo/rdp-html5/internal/rdp/connect.go:166.16,168.3 1 1
github.com/rcarmo/rdp-html5/internal/rdp/connect.go:170.2,171.16 2 1
github.com/rcarmo/rdp-html5/internal/rdp/connect.go:171.16,173.3 1 1
github.com/rcarmo/rdp-html5/internal/rdp/connect.go:175.2,177.23 2 1
github.com/rcarmo/rdp-html5/internal/rdp/connect.go:177.23,179.3 1 1
github.com/rcarmo/rdp-html5/internal/rdp/connect.go:181.2,182.16 2 1
github.com/rcarmo/rdp-html5/internal/rdp/connect.go:182.16,184.3 1 1
github.com/rcarmo/rdp-html5/internal/rdp/connect.go:186.2,186.12 1 1
github.com/rcarmo/rdp-html5/internal/rdp/connect.go:189.49,192.24 2 1
github.com/rcarmo/rdp-html5/internal/rdp/connect.go:192.24,194.3 1 1
github.com/rcarmo/rdp-html5/internal/rdp/connect.go:197.2,200.82 3 1
github.com/rcarmo/rdp-html5/internal/rdp/connect.go:200.82,202.3 1 1
github.com/rcarmo/rdp-html5/internal/rdp/connect.go:204.2,204.12 1 1
github.com/rcarmo/rdp-html5/internal/rdp/connect.go:207.24,208.11 1 1
github.com/rcarmo/rdp-html5/internal/rdp/connect.go:208.11,210.3 1 1
github.com/rcarmo/rdp-html5/internal/rdp/connect.go:211.2,211.10 1 1
github.com/rcarmo/rdp-html5/internal/rdp/connect.go:214.36,219.19 2 1
github.com/rcarmo/rdp-html5/internal/rdp/connect.go:219.19,221.16 2 0
github.com/rcarmo/rdp-html5/internal/rdp/connect.go:221.16,221.59 1 0
github.com/rcarmo/rdp-html5/internal/rdp/connect.go:224.2,225.16 2 1
github.com/rcarmo/rdp-html5/internal/rdp/connect.go:225.16,228.39 2 0
github.com/rcarmo/rdp-html5/internal/rdp/connect.go:228.39,230.4 1 0
github.com/rcarmo/rdp-html5/internal/rdp/connect.go:231.3,231.50 1 0
github.com/rcarmo/rdp-html5/internal/rdp/connect.go:234.2,235.67 2 1
github.com/rcarmo/rdp-html5/internal/rdp/connect.go:235.67,237.3 1 0
github.com/rcarmo/rdp-html5/internal/rdp/connect.go:239.2,239.35 1 1
github.com/rcarmo/rdp-html5/internal/rdp/connect.go:239.35,241.3 1 1
github.com/rcarmo/rdp-html5/internal/rdp/connect.go:243.2,243.35 1 1
github.com/rcarmo/rdp-html5/internal/rdp/connect.go:243.35,245.3 1 0
github.com/rcarmo/rdp-html5/internal/rdp/connect.go:247.2,247.53 1 1
github.com/rcarmo/rdp-html5/internal/rdp/connect.go:247.53,249.3 1 0
github.com/rcarmo/rdp-html5/internal/rdp/connect.go:251.2,251.59 1 1
github.com/rcarmo/rdp-html5/internal/rdp/connect.go:251.59,253.3 1 0
github.com/rcarmo/rdp-html5/internal/rdp/connect.go:255.2,255.12 1 1
github.com/rcarmo/rdp-html5/internal/rdp/connection_finalization.go:10.49,14.100 3 1
github.com/rcarmo/rdp-html5/internal/rdp/connection_finalization.go:14.100,16.3 1 0
github.com/rcarmo/rdp-html5/internal/rdp/connection_finalization.go:18.2,19.105 2 1
github.com/rcarmo/rdp-html5/internal/rdp/connection_finalization.go:19.105,21.3 1 0
github.com/rcarmo/rdp-html5/internal/rdp/connection_finalization.go:23.2,24.110 2 1
github.com/rcarmo/rdp-html5/internal/rdp/connection_finalization.go:24.110,26.3 1 0
github.com/rcarmo/rdp-html5/internal/rdp/connection_finalization.go:28.2,31.16 3 1
github.com/rcarmo/rdp-html5/internal/rdp/connection_finalization.go:31.16,33.3 1 0
github.com/rcarmo/rdp-html5/internal/rdp/connection_finalization.go:35.2,45.109 2 1
github.com/rcarmo/rdp-html5/internal/rdp/connection_finalization.go:45.109,47.17 2 1
github.com/rcarmo/rdp-html5/internal/rdp/connection_finalization.go:47.17,49.4 1 1
github.com/rcarmo/rdp-html5/internal/rdp/connection_finalization.go:51.3,52.50 2 1
github.com/rcarmo/rdp-html5/internal/rdp/connection_finalization.go:52.50,54.4 1 0
github.com/rcarmo/rdp-html5/internal/rdp/connection_finalization.go:56.3,58.10 2 1
github.com/rcarmo/rdp-html5/internal/rdp/connection_finalization.go:59.33,60.36 1 1
github.com/rcarmo/rdp-html5/internal/rdp/connection_finalization.go:61.29,62.67 1 1
github.com/rcarmo/rdp-html5/internal/rdp/connection_finalization.go:62.67,64.5 1 1
github.com/rcarmo/rdp-html5/internal/rdp/connection_finalization.go:66.4,66.72 1 1
github.com/rcarmo/rdp-html5/internal/rdp/connection_finalization.go:66.72,68.5 1 1
github.com/rcarmo/rdp-html5/internal/rdp/connection_finalization.go:69.29,70.26 1 1
github.com/rcarmo/rdp-html5/internal/rdp/connection_finalization.go:71.31,72.82 1 0
github.com/rcarmo/rdp-html5/internal/rdp/connection_finalization.go:73.11,74.76 1 0
github.com/rcarmo/rdp-html5/internal/rdp/connection_finalization.go:78.2,78.24 1 1
github.com/rcarmo/rdp-html5/internal/rdp/connection_finalization.go:78.24,80.3 1 0
github.com/rcarmo/rdp-html5/internal/rdp/connection_finalization.go:82.2,82.12 1 1
github.com/rcarmo/rdp-html5/internal/rdp/frame_ack.go:8.61,11.2 2 0
github.com/rcarmo/rdp-html5/internal/rdp/get_update.go:21.47,23.36 1 0
github.com/rcarmo/rdp-html5/internal/rdp/get_update.go:23.36,27.3 3 0
github.com/rcarmo/rdp-html5/internal/rdp/get_update.go:29.2,30.16 2 0
github.com/rcarmo/rdp-html5/internal/rdp/get_update.go:30.16,32.3 1 0
github.com/rcarmo/rdp-html5/internal/rdp/get_update.go:34.2,36.23 2 0
github.com/rcarmo/rdp-html5/internal/rdp/get_update.go:36.23,38.10 2 0
github.com/rcarmo/rdp-html5/internal/rdp/get_update.go:39.19,40.21 1 0
github.com/rcarmo/rdp-html5/internal/rdp/get_update.go:40.21,43.5 1 0
github.com/rcarmo/rdp-html5/internal/rdp/get_update.go:45.4,45.24 1 0
github.com/rcarmo/rdp-html5/internal/rdp/get_update.go:46.45,47.19 1 0
github.com/rcarmo/rdp-html5/internal/rdp/get_update.go:49.11,50.55 1 0
github.com/rcarmo/rdp-html5/internal/rdp/get_update.go:54.2,55.16 2 0
github.com/rcarmo/rdp-html5/internal/rdp/get_update.go:55.16,57.3 1 0
github.com/rcarmo/rdp-html5/internal/rdp/get_update.go:62.2,62.29 1 0
github.com/rcarmo/rdp-html5/internal/rdp/get_update.go:62.29,64.45 2 0
github.com/rcarmo/rdp-html5/internal/rdp/get_update.go:64.45,71.25 5 0
github.com/rcarmo/rdp-html5/internal/rdp/get_update.go:71.25,73.5 1 0
github.com/rcarmo/rdp-html5/internal/rdp/get_update.go:73.10,75.5 1 0
github.com/rcarmo/rdp-html5/internal/rdp/get_update.go:77.4,80.27 3 0
github.com/rcarmo/rdp-html5/internal/rdp/get_update.go:84.2,84.42 1 0
github.com/rcarmo/rdp-html5/internal/rdp/get_update.go:102.51,104.16 2 0
github.com/rcarmo/rdp-html5/internal/rdp/get_update.go:104.16,106.3 1 0
github.com/rcarmo/rdp-html5/internal/rdp/get_update.go:108.2,108.41 1 0
github.com/rcarmo/rdp-html5/internal/rdp/get_update.go:108.41,110.17 2 0
github.com/rcarmo/rdp-html5/internal/rdp/get_update.go:110.17,112.4 1 0
github.com/rcarmo/rdp-html5/internal/rdp/get_update.go:114.3,114.18 1 0
github.com/rcarmo/rdp-html5/internal/rdp/get_update.go:118.2,118.54 1 0
github.com/rcarmo/rdp-html5/internal/rdp/get_update.go:118.54,119.28 1 0
github.com/rcarmo/rdp-html5/internal/rdp/get_update.go:119.28,122.49 2 0
github.com/rcarmo/rdp-html5/internal/rdp/get_update.go:122.49,125.5 2 0
github.com/rcarmo/rdp-html5/internal/rdp/get_update.go:126.4,126.72 1 0
github.com/rcarmo/rdp-html5/internal/rdp/get_update.go:126.72,128.5 1 0
github.com/rcarmo/rdp-html5/internal/rdp/get_update.go:130.3,130.18 1 0
github.com/rcarmo/rdp-html5/internal/rdp/get_update.go:134.2,135.60 2 0
github.com/rcarmo/rdp-html5/internal/rdp/get_update.go:135.60,137.3 1 0
github.com/rcarmo/rdp-html5/internal/rdp/get_update.go:139.2,139.50 1 0
github.com/rcarmo/rdp-html5/internal/rdp/get_update.go:139.50,141.3 1 0
github.com/rcarmo/rdp-html5/internal/rdp/get_update.go:144.2,152.73 8 0
github.com/rcarmo/rdp-html5/internal/rdp/get_update.go:152.73,154.3 1 0
github.com/rcarmo/rdp-html5/internal/rdp/get_update.go:155.2,155.73 1 0
github.com/rcarmo/rdp-html5/internal/rdp/get_update.go:155.73,157.3 1 0
github.com/rcarmo/rdp-html5/internal/rdp/get_update.go:158.2,158.74 1 0
github.com/rcarmo/rdp-html5/internal/rdp/get_update.go:158.74,160.3 1 0
github.com/rcarmo/rdp-html5/internal/rdp/get_update.go:161.2,161.84 1 0
github.com/rcarmo/rdp-html5/internal/rdp/get_update.go:161.84,163.3 1 0
github.com/rcarmo/rdp-html5/internal/rdp/get_update.go:164.2,164.74 1 0
github.com/rcarmo/rdp-html5/internal/rdp/get_update.go:164.74,166.3 1 0
github.com/rcarmo/rdp-html5/internal/rdp/get_update.go:167.2,167.80 1 0
github.com/rcarmo/rdp-html5/internal/rdp/get_update.go:167.80,169.3 1 0
github.com/rcarmo/rdp-html5/internal/rdp/get_update.go:170.2,170.82 1 0
github.com/rcarmo/rdp-html5/internal/rdp/get_update.go:170.82,172.3 1 0
github.com/rcarmo/rdp-html5/internal/rdp/get_update.go:175.2,175.25 1 0
github.com/rcarmo/rdp-html5/internal/rdp/get_update.go:175.25,177.3 1 0
github.com/rcarmo/rdp-html5/internal/rdp/get_update.go:180.2,180.28 1 0
github.com/rcarmo/rdp-html5/internal/rdp/get_update.go:180.28,182.53 2 0
github.com/rcarmo/rdp-html5/internal/rdp/get_update.go:182.53,184.4 1 0
github.com/rcarmo/rdp-html5/internal/rdp/get_update.go:184.9,186.4 1 0
github.com/rcarmo/rdp-html5/internal/rdp/get_update.go:189.2,189.17 1 0
github.com/rcarmo/rdp-html5/internal/rdp/get_update.go:192.80,195.76 2 1
github.com/rcarmo/rdp-html5/internal/rdp/get_update.go:195.76,197.3 1 0
github.com/rcarmo/rdp-html5/internal/rdp/get_update.go:200.2,201.64 2 1
github.com/rcarmo/rdp-html5/internal/rdp/get_update.go:201.64,203.3 1 0
github.com/rcarmo/rdp-html5/internal/rdp/get_update.go:204.2,211.20 3 1
github.com/rcarmo/rdp-html5/internal/rdp/get_update.go:212.32,213.42 1 1
github.com/rcarmo/rdp-html5/internal/rdp/get_update.go:214.33,215.43 1 1
github.com/rcarmo/rdp-html5/internal/rdp/get_update.go:216.37,217.47 1 1
github.com/rcarmo/rdp-html5/internal/rdp/get_update.go:218.10,220.18 1 1
github.com/rcarmo/rdp-html5/internal/rdp/get_update.go:226.2,235.35 8 1
github.com/rcarmo/rdp-html5/internal/rdp/nla.go:22.63,28.6 4 0
github.com/rcarmo/rdp-html5/internal/rdp/nla.go:28.6,30.12 2 0
github.com/rcarmo/rdp-html5/internal/rdp/nla.go:30.12,32.23 2 0
github.com/rcarmo/rdp-html5/internal/rdp/nla.go:32.23,34.5 1 0
github.com/rcarmo/rdp-html5/internal/rdp/nla.go:35.4,35.33 1 0
github.com/rcarmo/rdp-html5/internal/rdp/nla.go:37.3,37.17 1 0
github.com/rcarmo/rdp-html5/internal/rdp/nla.go:37.17,38.21 1 0
github.com/rcarmo/rdp-html5/internal/rdp/nla.go:38.21,39.10 1 0
github.com/rcarmo/rdp-html5/internal/rdp/nla.go:41.4,41.19 1 0
github.com/rcarmo/rdp-html5/internal/rdp/nla.go:45.3,45.28 1 0
github.com/rcarmo/rdp-html5/internal/rdp/nla.go:45.28,46.9 1 0
github.com/rcarmo/rdp-html5/internal/rdp/nla.go:49.2,49.17 1 0
github.com/rcarmo/rdp-html5/internal/rdp/nla.go:53.35,55.43 1 0
github.com/rcarmo/rdp-html5/internal/rdp/nla.go:55.43,57.3 1 0
github.com/rcarmo/rdp-html5/internal/rdp/nla.go:60.2,68.50 5 0
github.com/rcarmo/rdp-html5/internal/rdp/nla.go:68.50,70.3 1 0
github.com/rcarmo/rdp-html5/internal/rdp/nla.go:73.2,76.47 3 0
github.com/rcarmo/rdp-html5/internal/rdp/nla.go:76.47,78.3 1 0
github.com/rcarmo/rdp-html5/internal/rdp/nla.go:79.2,83.16 3 0
github.com/rcarmo/rdp-html5/internal/rdp/nla.go:83.16,85.3 1 0
github.com/rcarmo/rdp-html5/internal/rdp/nla.go:86.2,89.16 3 0
github.com/rcarmo/rdp-html5/internal/rdp/nla.go:89.16,91.3 1 0
github.com/rcarmo/rdp-html5/internal/rdp/nla.go:92.2,94.33 2 0
github.com/rcarmo/rdp-html5/internal/rdp/nla.go:94.33,96.3 1 0
github.com/rcarmo/rdp-html5/internal/rdp/nla.go:99.2,100.38 2 0
github.com/rcarmo/rdp-html5/internal/rdp/nla.go:100.38,102.3 1 0
github.com/rcarmo/rdp-html5/internal/rdp/nla.go:105.2,106.16 2 0
github.com/rcarmo/rdp-html5/internal/rdp/nla.go:106.16,108.3 1 0
github.com/rcarmo/rdp-html5/internal/rdp/nla.go:109.2,114.25 3 0
github.com/rcarmo/rdp-html5/internal/rdp/nla.go:114.25,117.3 2 0
github.com/rcarmo/rdp-html5/internal/rdp/nla.go:117.8,120.3 2 0
github.com/rcarmo/rdp-html5/internal/rdp/nla.go:122.2,127.47 4 0
github.com/rcarmo/rdp-html5/internal/rdp/nla.go:127.47,129.3 1 0
github.com/rcarmo/rdp-html5/internal/rdp/nla.go:130.2,134.16 3 0
github.com/rcarmo/rdp-html5/internal/rdp/nla.go:134.16,136.3 1 0
github.com/rcarmo/rdp-html5/internal/rdp/nla.go:137.2,140.16 3 0
github.com/rcarmo/rdp-html5/internal/rdp/nla.go:140.16,142.3 1 0
github.com/rcarmo/rdp-html5/internal/rdp/nla.go:145.2,145.32 1 0
github.com/rcarmo/rdp-html5/internal/rdp/nla.go:145.32,147.33 2 0
github.com/rcarmo/rdp-html5/internal/rdp/nla.go:147.33,149.4 1 0
github.com/rcarmo/rdp-html5/internal/rdp/nla.go:150.3,153.93 2 0
github.com/rcarmo/rdp-html5/internal/rdp/nla.go:153.93,155.4 1 0
github.com/rcarmo/rdp-html5/internal/rdp/nla.go:156.3,156.64 1 0
github.com/rcarmo/rdp-html5/internal/rdp/nla.go:161.2,167.47 6 0
github.com/rcarmo/rdp-html5/internal/rdp/nla.go:167.47,169.3 1 0
github.com/rcarmo/rdp-html5/internal/rdp/nla.go:170.2,175.78 2 0
github.com/rcarmo/rdp-html5/internal/rdp/nla.go:175.78,177.3 1 0
github.com/rcarmo/rdp-html5/internal/rdp/nla.go:179.2,181.16 3 0
github.com/rcarmo/rdp-html5/internal/rdp/nla.go:181.16,183.52 1 0
github.com/rcarmo/rdp-html5/internal/rdp/nla.go:183.52,186.80 2 0
github.com/rcarmo/rdp-html5/internal/rdp/nla.go:186.80,188.5 1 0
github.com/rcarmo/rdp-html5/internal/rdp/nla.go:189.4,189.14 1 0
github.com/rcarmo/rdp-html5/internal/rdp/nla.go:192.3,194.79 2 0
github.com/rcarmo/rdp-html5/internal/rdp/nla.go:194.79,196.4 1 0
github.com/rcarmo/rdp-html5/internal/rdp/nla.go:197.3,197.13 1 0
github.com/rcarmo/rdp-html5/internal/rdp/nla.go:201.2,201.78 1 0
github.com/rcarmo/rdp-html5/internal/rdp/nla.go:201.78,203.3 1 0
github.com/rcarmo/rdp-html5/internal/rdp/nla.go:206.2,206.16 1 0
github.com/rcarmo/rdp-html5/internal/rdp/nla.go:206.16,209.17 3 0
github.com/rcarmo/rdp-html5/internal/rdp/nla.go:209.17,210.34 1 0
github.com/rcarmo/rdp-html5/internal/rdp/nla.go:210.34,212.5 1 0
github.com/rcarmo/rdp-html5/internal/rdp/nla.go:213.4,213.92 1 0
github.com/rcarmo/rdp-html5/internal/rdp/nla.go:217.2,217.12 1 0
github.com/rcarmo/rdp-html5/internal/rdp/nla.go:221.41,226.16 4 0
github.com/rcarmo/rdp-html5/internal/rdp/nla.go:226.16,229.17 3 0
github.com/rcarmo/rdp-html5/internal/rdp/nla.go:229.17,231.4 1 0
github.com/rcarmo/rdp-html5/internal/rdp/nla.go:234.2,234.16 1 0
github.com/rcarmo/rdp-html5/internal/rdp/nla.go:234.16,235.26 1 0
github.com/rcarmo/rdp-html5/internal/rdp/nla.go:235.26,237.4 1 0
github.com/rcarmo/rdp-html5/internal/rdp/nla.go:238.3,238.23 1 0
github.com/rcarmo/rdp-html5/internal/rdp/nla.go:238.23,240.4 1 0
github.com/rcarmo/rdp-html5/internal/rdp/nla.go:243.2,243.22 1 0
github.com/rcarmo/rdp-html5/internal/rdp/nla.go:243.22,245.3 1 0
github.com/rcarmo/rdp-html5/internal/rdp/nla.go:249.2,256.32 2 0
github.com/rcarmo/rdp-html5/internal/rdp/nla.go:256.32,257.20 1 0
github.com/rcarmo/rdp-html5/internal/rdp/nla.go:257.20,260.32 3 0
github.com/rcarmo/rdp-html5/internal/rdp/nla.go:260.32,262.5 1 0
github.com/rcarmo/rdp-html5/internal/rdp/nla.go:264.3,264.33 1 0
github.com/rcarmo/rdp-html5/internal/rdp/nla.go:264.33,266.4 1 0
github.com/rcarmo/rdp-html5/internal/rdp/nla.go:269.2,271.46 2 0
github.com/rcarmo/rdp-html5/internal/rdp/nla.go:271.46,274.3 2 0
github.com/rcarmo/rdp-html5/internal/rdp/nla.go:276.2,276.44 1 0
github.com/rcarmo/rdp-html5/internal/rdp/nla.go:276.44,277.92 1 0
github.com/rcarmo/rdp-html5/internal/rdp/nla.go:277.92,279.4 1 0
github.com/rcarmo/rdp-html5/internal/rdp/nla.go:280.3,280.53 1 0
github.com/rcarmo/rdp-html5/internal/rdp/nla.go:283.2,283.46 1 0
github.com/rcarmo/rdp-html5/internal/rdp/nla.go:283.46,286.3 2 0
github.com/rcarmo/rdp-html5/internal/rdp/nla.go:288.2,291.12 3 0
github.com/rcarmo/rdp-html5/internal/rdp/nla.go:298.52,300.9 2 0
github.com/rcarmo/rdp-html5/internal/rdp/nla.go:300.9,302.3 1 0
github.com/rcarmo/rdp-html5/internal/rdp/nla.go:304.2,305.38 2 0
github.com/rcarmo/rdp-html5/internal/rdp/nla.go:305.38,307.3 1 0
github.com/rcarmo/rdp-html5/internal/rdp/nla.go:309.2,318.19 3 0
github.com/rcarmo/rdp-html5/internal/rdp/nla.go:318.19,320.3 1 0
github.com/rcarmo/rdp-html5/internal/rdp/nla.go:323.2,323.21 1 0
github.com/rcarmo/rdp-html5/internal/rdp/nla.go:323.21,325.3 1 0
github.com/rcarmo/rdp-html5/internal/rdp/nla.go:328.2,331.46 4 0
github.com/rcarmo/rdp-html5/internal/rdp/nla.go:331.46,333.3 1 0
github.com/rcarmo/rdp-html5/internal/rdp/nla.go:336.2,336.26 1 0
github.com/rcarmo/rdp-html5/internal/rdp/nla.go:336.26,338.3 1 0
github.com/rcarmo/rdp-html5/internal/rdp/nla.go:339.2,343.49 3 0
github.com/rcarmo/rdp-html5/internal/rdp/nla.go:343.49,345.3 1 0
github.com/rcarmo/rdp-html5/internal/rdp/nla.go:346.2,351.34 4 0
github.com/rcarmo/rdp-html5/internal/rdp/nla.go:351.34,353.3 1 0
github.com/rcarmo/rdp-html5/internal/rdp/nla.go:357.2,357.19 1 0
github.com/rcarmo/rdp-html5/internal/rdp/nla.go:357.19,359.3 1 0
github.com/rcarmo/rdp-html5/internal/rdp/nla.go:360.2,364.45 3 0
github.com/rcarmo/rdp-html5/internal/rdp/nla.go:369.46,370.20 1 1
github.com/rcarmo/rdp-html5/internal/rdp/nla.go:370.20,372.3 1 1
github.com/rcarmo/rdp-html5/internal/rdp/nla.go:373.2,373.19 1 1
github.com/rcarmo/rdp-html5/internal/rdp/nla.go:373.19,375.3 1 1
github.com/rcarmo/rdp-html5/internal/rdp/nla.go:376.2,377.60 2 1
github.com/rcarmo/rdp-html5/internal/rdp/nla.go:377.60,379.3 1 1
github.com/rcarmo/rdp-html5/internal/rdp/nla.go:380.2,381.32 2 1
github.com/rcarmo/rdp-html5/internal/rdp/nla.go:381.32,383.3 1 1
github.com/rcarmo/rdp-html5/internal/rdp/nla.go:384.2,384.29 1 1
github.com/rcarmo/rdp-html5/internal/rdp/nla.go:388.58,392.53 2 1
github.com/rcarmo/rdp-html5/internal/rdp/nla.go:392.53,394.3 1 1
github.com/rcarmo/rdp-html5/internal/rdp/nla.go:397.2,397.52 1 1
github.com/rcarmo/rdp-html5/internal/rdp/nla.go:397.52,399.3 1 1
github.com/rcarmo/rdp-html5/internal/rdp/nla.go:402.2,402.27 1 1
github.com/rcarmo/rdp-html5/internal/rdp/rail.go:38.51,39.24 1 1
github.com/rcarmo/rdp-html5/internal/rdp/rail.go:39.24,41.3 1 1
github.com/rcarmo/rdp-html5/internal/rdp/rail.go:43.2,48.47 2 1
github.com/rcarmo/rdp-html5/internal/rdp/rail.go:48.47,50.3 1 1
github.com/rcarmo/rdp-html5/internal/rdp/rail.go:52.2,52.49 1 1
github.com/rcarmo/rdp-html5/internal/rdp/rail.go:52.49,54.3 1 1
github.com/rcarmo/rdp-html5/internal/rdp/rail.go:56.2,56.21 1 1
github.com/rcarmo/rdp-html5/internal/rdp/rail.go:57.29,58.33 1 0
github.com/rcarmo/rdp-html5/internal/rdp/rail.go:59.27,60.46 1 1
github.com/rcarmo/rdp-html5/internal/rdp/rail.go:63.2,63.12 1 1
github.com/rcarmo/rdp-html5/internal/rdp/rail.go:162.40,165.30 2 1
github.com/rcarmo/rdp-html5/internal/rdp/rail.go:166.26,167.42 1 1
github.com/rcarmo/rdp-html5/internal/rdp/rail.go:168.21,169.46 1 1
github.com/rcarmo/rdp-html5/internal/rdp/rail.go:170.25,171.56 1 1
github.com/rcarmo/rdp-html5/internal/rdp/rail.go:174.2,182.20 6 1
github.com/rcarmo/rdp-html5/internal/rdp/rail.go:186.55,190.16 3 1
github.com/rcarmo/rdp-html5/internal/rdp/rail.go:190.16,192.3 1 1
github.com/rcarmo/rdp-html5/internal/rdp/rail.go:194.2,195.16 2 1
github.com/rcarmo/rdp-html5/internal/rdp/rail.go:195.16,197.3 1 1
github.com/rcarmo/rdp-html5/internal/rdp/rail.go:199.2,199.30 1 1
github.com/rcarmo/rdp-html5/internal/rdp/rail.go:200.26,203.48 2 1
github.com/rcarmo/rdp-html5/internal/rdp/rail.go:204.25,207.55 2 1
github.com/rcarmo/rdp-html5/internal/rdp/rail.go:208.27,211.49 2 1
github.com/rcarmo/rdp-html5/internal/rdp/rail.go:214.2,214.12 1 1
github.com/rcarmo/rdp-html5/internal/rdp/rail.go:224.44,231.2 4 1
github.com/rcarmo/rdp-html5/internal/rdp/rail.go:234.59,239.16 4 1
github.com/rcarmo/rdp-html5/internal/rdp/rail.go:239.16,241.3 1 1
github.com/rcarmo/rdp-html5/internal/rdp/rail.go:242.2,245.16 3 1
github.com/rcarmo/rdp-html5/internal/rdp/rail.go:245.16,247.3 1 1
github.com/rcarmo/rdp-html5/internal/rdp/rail.go:249.2,249.12 1 1
github.com/rcarmo/rdp-html5/internal/rdp/rail.go:258.37,270.2 1 1
github.com/rcarmo/rdp-html5/internal/rdp/rail.go:273.49,279.2 3 1
github.com/rcarmo/rdp-html5/internal/rdp/rail.go:282.64,284.16 2 1
github.com/rcarmo/rdp-html5/internal/rdp/rail.go:284.16,286.3 1 1
github.com/rcarmo/rdp-html5/internal/rdp/rail.go:288.2,288.12 1 1
github.com/rcarmo/rdp-html5/internal/rdp/rail.go:297.38,309.2 1 1
github.com/rcarmo/rdp-html5/internal/rdp/rail.go:312.50,318.2 3 1
github.com/rcarmo/rdp-html5/internal/rdp/rail.go:327.81,340.2 1 1
github.com/rcarmo/rdp-html5/internal/rdp/rail.go:343.63,350.2 4 1
github.com/rcarmo/rdp-html5/internal/rdp/rail.go:352.48,359.16 4 0
github.com/rcarmo/rdp-html5/internal/rdp/rail.go:359.16,361.3 1 0
github.com/rcarmo/rdp-html5/internal/rdp/rail.go:363.2,365.16 3 0
github.com/rcarmo/rdp-html5/internal/rdp/rail.go:365.16,367.3 1 0
github.com/rcarmo/rdp-html5/internal/rdp/rail.go:369.2,371.31 2 0
github.com/rcarmo/rdp-html5/internal/rdp/rail.go:381.71,385.16 3 1
github.com/rcarmo/rdp-html5/internal/rdp/rail.go:385.16,387.3 1 1
github.com/rcarmo/rdp-html5/internal/rdp/rail.go:389.2,390.16 2 1
github.com/rcarmo/rdp-html5/internal/rdp/rail.go:390.16,392.3 1 1
github.com/rcarmo/rdp-html5/internal/rdp/rail.go:394.2,394.12 1 1
github.com/rcarmo/rdp-html5/internal/rdp/rail.go:406.66,420.2 1 1
github.com/rcarmo/rdp-html5/internal/rdp/rail.go:423.53,444.2 15 1
github.com/rcarmo/rdp-html5/internal/rdp/rail.go:446.45,452.2 3 0
github.com/rcarmo/rdp-html5/internal/rdp/rail.go:463.65,467.16 3 1
github.com/rcarmo/rdp-html5/internal/rdp/rail.go:467.16,469.3 1 1
github.com/rcarmo/rdp-html5/internal/rdp/rail.go:471.2,472.16 2 1
github.com/rcarmo/rdp-html5/internal/rdp/rail.go:472.16,474.3 1 1
github.com/rcarmo/rdp-html5/internal/rdp/rail.go:476.2,477.16 2 1
github.com/rcarmo/rdp-html5/internal/rdp/rail.go:477.16,479.3 1 0
github.com/rcarmo/rdp-html5/internal/rdp/rail.go:481.2,483.16 3 1
github.com/rcarmo/rdp-html5/internal/rdp/rail.go:483.16,485.3 1 0
github.com/rcarmo/rdp-html5/internal/rdp/rail.go:487.2,489.16 3 1
github.com/rcarmo/rdp-html5/internal/rdp/rail.go:489.16,491.3 1 0
github.com/rcarmo/rdp-html5/internal/rdp/rail.go:493.2,495.16 3 1
github.com/rcarmo/rdp-html5/internal/rdp/rail.go:495.16,497.3 1 0
github.com/rcarmo/rdp-html5/internal/rdp/rail.go:498.2,500.12 2 1
github.com/rcarmo/rdp-html5/internal/rdp/rail.go:503.61,510.2 2 1
github.com/rcarmo/rdp-html5/internal/rdp/read.go:4.46,6.2 1 1
github.com/rcarmo/rdp-html5/internal/rdp/refresh_rect.go:10.42,42.2 12 1
github.com/rcarmo/rdp-html5/internal/rdp/refresh_rect.go:45.89,67.2 11 1
github.com/rcarmo/rdp-html5/internal/rdp/refresh_rect.go:70.84,85.2 8 1
github.com/rcarmo/rdp-html5/internal/rdp/remote_app.go:5.61,13.2 3 1
github.com/rcarmo/rdp-html5/internal/rdp/send_input_event.go:6.52,8.2 1 1
github.com/rcarmo/rdp-html5/internal/rdp/tls.go:16.35,25.16 6 0
github.com/rcarmo/rdp-html5/internal/rdp/tls.go:25.16,28.17 3 0
github.com/rcarmo/rdp-html5/internal/rdp/tls.go:28.17,30.4 1 0
github.com/rcarmo/rdp-html5/internal/rdp/tls.go:33.2,33.16 1 0
github.com/rcarmo/rdp-html5/internal/rdp/tls.go:33.16,34.26 1 0
github.com/rcarmo/rdp-html5/internal/rdp/tls.go:34.26,36.4 1 0
github.com/rcarmo/rdp-html5/internal/rdp/tls.go:37.3,37.23 1 0
github.com/rcarmo/rdp-html5/internal/rdp/tls.go:37.23,39.4 1 0
github.com/rcarmo/rdp-html5/internal/rdp/tls.go:40.3,41.39 2 0
github.com/rcarmo/rdp-html5/internal/rdp/tls.go:41.39,43.4 1 0
github.com/rcarmo/rdp-html5/internal/rdp/tls.go:47.2,47.41 1 0
github.com/rcarmo/rdp-html5/internal/rdp/tls.go:47.41,49.3 1 0
github.com/rcarmo/rdp-html5/internal/rdp/tls.go:52.2,52.24 1 0
github.com/rcarmo/rdp-html5/internal/rdp/tls.go:52.24,55.3 2 0
github.com/rcarmo/rdp-html5/internal/rdp/tls.go:58.2,66.84 2 0
github.com/rcarmo/rdp-html5/internal/rdp/tls.go:66.84,68.20 1 0
github.com/rcarmo/rdp-html5/internal/rdp/tls.go:68.20,71.32 3 0
github.com/rcarmo/rdp-html5/internal/rdp/tls.go:71.32,73.5 1 0
github.com/rcarmo/rdp-html5/internal/rdp/tls.go:76.3,76.33 1 0
github.com/rcarmo/rdp-html5/internal/rdp/tls.go:76.33,78.4 1 0
github.com/rcarmo/rdp-html5/internal/rdp/tls.go:82.2,82.24 1 0
github.com/rcarmo/rdp-html5/internal/rdp/tls.go:82.24,87.3 2 0
github.com/rcarmo/rdp-html5/internal/rdp/tls.go:87.8,98.3 1 0
github.com/rcarmo/rdp-html5/internal/rdp/tls.go:100.2,103.46 2 0
github.com/rcarmo/rdp-html5/internal/rdp/tls.go:103.46,106.3 2 0
github.com/rcarmo/rdp-html5/internal/rdp/tls.go:108.2,108.44 1 0
github.com/rcarmo/rdp-html5/internal/rdp/tls.go:108.44,110.25 1 0
github.com/rcarmo/rdp-html5/internal/rdp/tls.go:110.25,112.4 1 0
github.com/rcarmo/rdp-html5/internal/rdp/tls.go:115.3,115.92 1 0
github.com/rcarmo/rdp-html5/internal/rdp/tls.go:115.92,117.4 1 0
github.com/rcarmo/rdp-html5/internal/rdp/tls.go:120.3,120.79 1 0
github.com/rcarmo/rdp-html5/internal/rdp/tls.go:120.79,122.4 1 0
github.com/rcarmo/rdp-html5/internal/rdp/tls.go:124.3,124.53 1 0
github.com/rcarmo/rdp-html5/internal/rdp/tls.go:128.2,128.46 1 0
github.com/rcarmo/rdp-html5/internal/rdp/tls.go:128.46,131.3 2 0
github.com/rcarmo/rdp-html5/internal/rdp/tls.go:133.2,136.12 3 0
github.com/rcarmo/rdp-html5/internal/rdp/tls.go:139.41,140.19 1 1
github.com/rcarmo/rdp-html5/internal/rdp/tls.go:140.19,142.3 1 1
github.com/rcarmo/rdp-html5/internal/rdp/tls.go:144.2,145.22 2 1
github.com/rcarmo/rdp-html5/internal/rdp/tls.go:145.22,147.3 1 1
github.com/rcarmo/rdp-html5/internal/rdp/tls.go:149.2,150.16 2 1
github.com/rcarmo/rdp-html5/internal/rdp/tls.go:150.16,153.21 2 1
github.com/rcarmo/rdp-html5/internal/rdp/tls.go:153.21,155.4 1 1
github.com/rcarmo/rdp-html5/internal/rdp/tls.go:155.9,157.4 1 0
github.com/rcarmo/rdp-html5/internal/rdp/tls.go:161.2,162.16 2 1
github.com/rcarmo/rdp-html5/internal/rdp/tls.go:162.16,164.3 1 0
github.com/rcarmo/rdp-html5/internal/rdp/tls.go:168.2,168.30 1 1
github.com/rcarmo/rdp-html5/internal/rdp/tls.go:168.30,170.3 1 1
github.com/rcarmo/rdp-html5/internal/rdp/tls.go:173.2,173.21 1 1
github.com/rcarmo/rdp-html5/internal/rdp/tls.go:173.21,175.3 1 1
github.com/rcarmo/rdp-html5/internal/rdp/tls.go:177.2,177.13 1 1
github.com/rcarmo/rdp-html5/internal/rdp/tls.go:180.58,181.17 1 1
github.com/rcarmo/rdp-html5/internal/rdp/tls.go:182.13,183.26 1 1
github.com/rcarmo/rdp-html5/internal/rdp/tls.go:184.13,185.26 1 1
github.com/rcarmo/rdp-html5/internal/rdp/tls.go:186.13,187.26 1 1
github.com/rcarmo/rdp-html5/internal/rdp/tls.go:188.13,189.26 1 1
github.com/rcarmo/rdp-html5/internal/rdp/tls.go:190.10,191.26 1 1
github.com/rcarmo/rdp-html5/internal/rdp/types.go:14.41,16.2 1 1
github.com/rcarmo/rdp-html5/internal/rdp/types.go:19.37,21.2 1 1
github.com/rcarmo/rdp-html5/internal/rdp/types.go:23.69,25.16 2 1
github.com/rcarmo/rdp-html5/internal/rdp/types.go:25.16,27.3 1 1
github.com/rcarmo/rdp-html5/internal/rdp/types.go:29.2,30.16 2 1
github.com/rcarmo/rdp-html5/internal/rdp/types.go:30.16,32.3 1 0
github.com/rcarmo/rdp-html5/internal/rdp/types.go:34.2,34.34 1 1
github.com/rcarmo/rdp-html5/internal/rdp/virtual_channels.go:47.47,54.2 4 1
github.com/rcarmo/rdp-html5/internal/rdp/virtual_channels.go:57.62,64.16 3 1
github.com/rcarmo/rdp-html5/internal/rdp/virtual_channels.go:64.16,66.3 1 1
github.com/rcarmo/rdp-html5/internal/rdp/virtual_channels.go:68.2,69.16 2 1
github.com/rcarmo/rdp-html5/internal/rdp/virtual_channels.go:69.16,71.3 1 1
github.com/rcarmo/rdp-html5/internal/rdp/virtual_channels.go:73.2,73.12 1 1
github.com/rcarmo/rdp-html5/internal/rdp/write.go:4.47,6.2 1 1
